<?xml version="1.0" encoding="UTF-8"?>
<testsuite name="com.sam.geolocationapp.unitTest.GeoLocationAddShopTest" tests="1" skipped="0" failures="0" errors="0" timestamp="2017-07-09T16:07:12" hostname="PF0CCQY0" time="2.495">
  <properties/>
  <testcase name="addShop" classname="com.sam.geolocationapp.unitTest.GeoLocationAddShopTest" time="2.495"/>
  <system-out><![CDATA[21:37:01.940 [Test worker] DEBUG org.springframework.test.context.junit4.SpringJUnit4ClassRunner - SpringJUnit4ClassRunner constructor called with [class com.sam.geolocationapp.unitTest.GeoLocationAddShopTest]
21:37:01.948 [Test worker] DEBUG org.springframework.test.context.BootstrapUtils - Instantiating CacheAwareContextLoaderDelegate from class [org.springframework.test.context.cache.DefaultCacheAwareContextLoaderDelegate]
21:37:01.959 [Test worker] DEBUG org.springframework.test.context.BootstrapUtils - Instantiating BootstrapContext using constructor [public org.springframework.test.context.support.DefaultBootstrapContext(java.lang.Class,org.springframework.test.context.CacheAwareContextLoaderDelegate)]
21:37:01.994 [Test worker] DEBUG org.springframework.test.context.BootstrapUtils - Instantiating TestContextBootstrapper for test class [com.sam.geolocationapp.unitTest.GeoLocationAddShopTest] from class [org.springframework.boot.test.context.SpringBootTestContextBootstrapper]
21:37:02.015 [Test worker] INFO org.springframework.boot.test.context.SpringBootTestContextBootstrapper - Neither @ContextConfiguration nor @ContextHierarchy found for test class [com.sam.geolocationapp.unitTest.GeoLocationAddShopTest], using SpringBootContextLoader
21:37:02.024 [Test worker] DEBUG org.springframework.test.context.support.AbstractContextLoader - Did not detect default resource location for test class [com.sam.geolocationapp.unitTest.GeoLocationAddShopTest]: class path resource [com/sam/geolocationapp/unitTest/GeoLocationAddShopTest-context.xml] does not exist
21:37:02.025 [Test worker] DEBUG org.springframework.test.context.support.AbstractContextLoader - Did not detect default resource location for test class [com.sam.geolocationapp.unitTest.GeoLocationAddShopTest]: class path resource [com/sam/geolocationapp/unitTest/GeoLocationAddShopTestContext.groovy] does not exist
21:37:02.026 [Test worker] INFO org.springframework.test.context.support.AbstractContextLoader - Could not detect default resource locations for test class [com.sam.geolocationapp.unitTest.GeoLocationAddShopTest]: no resource found for suffixes {-context.xml, Context.groovy}.
21:37:02.123 [Test worker] DEBUG org.springframework.test.context.support.ActiveProfilesUtils - Could not find an 'annotation declaring class' for annotation type [org.springframework.test.context.ActiveProfiles] and class [com.sam.geolocationapp.unitTest.GeoLocationAddShopTest]
21:37:02.169 [Test worker] DEBUG org.springframework.boot.test.context.SpringBootTestContextBootstrapper - @TestExecutionListeners is not present for class [com.sam.geolocationapp.unitTest.GeoLocationAddShopTest]: using defaults.
21:37:02.176 [Test worker] INFO org.springframework.boot.test.context.SpringBootTestContextBootstrapper - Loaded default TestExecutionListener class names from location [META-INF/spring.factories]: [org.springframework.boot.test.mock.mockito.MockitoTestExecutionListener, org.springframework.boot.test.mock.mockito.ResetMocksTestExecutionListener, org.springframework.boot.test.autoconfigure.restdocs.RestDocsTestExecutionListener, org.springframework.boot.test.autoconfigure.web.client.MockRestServiceServerResetTestExecutionListener, org.springframework.boot.test.autoconfigure.web.servlet.MockMvcPrintOnlyOnFailureTestExecutionListener, org.springframework.boot.test.autoconfigure.web.servlet.WebDriverTestExecutionListener, org.springframework.test.context.web.ServletTestExecutionListener, org.springframework.test.context.support.DirtiesContextBeforeModesTestExecutionListener, org.springframework.test.context.support.DependencyInjectionTestExecutionListener, org.springframework.test.context.support.DirtiesContextTestExecutionListener, org.springframework.test.context.transaction.TransactionalTestExecutionListener, org.springframework.test.context.jdbc.SqlScriptsTestExecutionListener]
21:37:02.217 [Test worker] INFO org.springframework.boot.test.context.SpringBootTestContextBootstrapper - Using TestExecutionListeners: [org.springframework.test.context.web.ServletTestExecutionListener@35bf6a8e, org.springframework.test.context.support.DirtiesContextBeforeModesTestExecutionListener@786f77a, org.springframework.boot.test.autoconfigure.SpringBootDependencyInjectionTestExecutionListener@3e4ac7c6, org.springframework.test.context.support.DirtiesContextTestExecutionListener@1ab4376, org.springframework.test.context.transaction.TransactionalTestExecutionListener@4f8ea2d7, org.springframework.test.context.jdbc.SqlScriptsTestExecutionListener@7f03b17b, org.springframework.boot.test.autoconfigure.restdocs.RestDocsTestExecutionListener@179f2daa, org.springframework.boot.test.autoconfigure.web.servlet.MockMvcPrintOnlyOnFailureTestExecutionListener@4cf46cdc, org.springframework.boot.test.autoconfigure.web.servlet.WebDriverTestExecutionListener@7656f78f, org.springframework.boot.test.autoconfigure.web.client.MockRestServiceServerResetTestExecutionListener@143c0857, org.springframework.boot.test.mock.mockito.ResetMocksTestExecutionListener@7a208507, org.springframework.boot.test.mock.mockito.MockitoTestExecutionListener@15dd8413]
21:37:02.221 [Test worker] DEBUG org.springframework.test.annotation.ProfileValueUtils - Retrieved @ProfileValueSourceConfiguration [null] for test class [com.sam.geolocationapp.unitTest.GeoLocationAddShopTest]
21:37:02.221 [Test worker] DEBUG org.springframework.test.annotation.ProfileValueUtils - Retrieved ProfileValueSource type [class org.springframework.test.annotation.SystemProfileValueSource] for class [com.sam.geolocationapp.unitTest.GeoLocationAddShopTest]
21:37:02.223 [Test worker] DEBUG org.springframework.test.annotation.ProfileValueUtils - Retrieved @ProfileValueSourceConfiguration [null] for test class [com.sam.geolocationapp.unitTest.GeoLocationAddShopTest]
21:37:02.223 [Test worker] DEBUG org.springframework.test.annotation.ProfileValueUtils - Retrieved ProfileValueSource type [class org.springframework.test.annotation.SystemProfileValueSource] for class [com.sam.geolocationapp.unitTest.GeoLocationAddShopTest]
21:37:02.229 [Test worker] DEBUG org.springframework.test.context.support.AbstractDirtiesContextTestExecutionListener - Before test class: context [DefaultTestContext@142ef24 testClass = GeoLocationAddShopTest, testInstance = [null], testMethod = [null], testException = [null], mergedContextConfiguration = [WebMergedContextConfiguration@29e5bb6e testClass = GeoLocationAddShopTest, locations = '{}', classes = '{class com.sam.geolocationapp.boot.GeoLocationAppInitializer, class com.sam.geolocationapp.boot.GeoLocationAppInitializer}', contextInitializerClasses = '[]', activeProfiles = '{}', propertySourceLocations = '{classpath:application.properties}', propertySourceProperties = '{org.springframework.boot.test.context.SpringBootTestContextBootstrapper=true, server.port=0}', contextCustomizers = set[[ImportsContextCustomizer@606440ea key = [org.springframework.boot.test.autoconfigure.web.servlet.MockMvcAutoConfiguration, org.springframework.boot.test.autoconfigure.web.servlet.MockMvcSecurityAutoConfiguration, org.springframework.boot.test.autoconfigure.web.servlet.MockMvcWebClientAutoConfiguration, org.springframework.boot.test.autoconfigure.web.servlet.MockMvcWebDriverAutoConfiguration, Package Import com.sam.geolocationapp.unitTest]], org.springframework.boot.test.context.SpringBootTestContextCustomizer@7af6e604, org.springframework.boot.test.context.filter.ExcludeFilterContextCustomizer@31e2416c, org.springframework.boot.test.mock.mockito.MockitoContextCustomizer@0, org.springframework.boot.test.autoconfigure.properties.PropertyMappingContextCustomizer@e7e8512, org.springframework.boot.test.autoconfigure.web.servlet.WebDriverContextCustomizerFactory$Customizer@1087da3], resourceBasePath = 'src/main/webapp', contextLoader = 'org.springframework.boot.test.context.SpringBootContextLoader', parent = [null]]], class annotated with @DirtiesContext [false] with mode [null].
21:37:02.230 [Test worker] DEBUG org.springframework.test.annotation.ProfileValueUtils - Retrieved @ProfileValueSourceConfiguration [null] for test class [com.sam.geolocationapp.unitTest.GeoLocationAddShopTest]
21:37:02.230 [Test worker] DEBUG org.springframework.test.annotation.ProfileValueUtils - Retrieved ProfileValueSource type [class org.springframework.test.annotation.SystemProfileValueSource] for class [com.sam.geolocationapp.unitTest.GeoLocationAddShopTest]
21:37:02.324 [Test worker] DEBUG org.springframework.test.context.support.DependencyInjectionTestExecutionListener - Performing dependency injection for test context [[DefaultTestContext@142ef24 testClass = GeoLocationAddShopTest, testInstance = com.sam.geolocationapp.unitTest.GeoLocationAddShopTest@12438101, testMethod = [null], testException = [null], mergedContextConfiguration = [WebMergedContextConfiguration@29e5bb6e testClass = GeoLocationAddShopTest, locations = '{}', classes = '{class com.sam.geolocationapp.boot.GeoLocationAppInitializer, class com.sam.geolocationapp.boot.GeoLocationAppInitializer}', contextInitializerClasses = '[]', activeProfiles = '{}', propertySourceLocations = '{classpath:application.properties}', propertySourceProperties = '{org.springframework.boot.test.context.SpringBootTestContextBootstrapper=true, server.port=0}', contextCustomizers = set[[ImportsContextCustomizer@606440ea key = [org.springframework.boot.test.autoconfigure.web.servlet.MockMvcAutoConfiguration, org.springframework.boot.test.autoconfigure.web.servlet.MockMvcSecurityAutoConfiguration, org.springframework.boot.test.autoconfigure.web.servlet.MockMvcWebClientAutoConfiguration, org.springframework.boot.test.autoconfigure.web.servlet.MockMvcWebDriverAutoConfiguration, Package Import com.sam.geolocationapp.unitTest]], org.springframework.boot.test.context.SpringBootTestContextCustomizer@7af6e604, org.springframework.boot.test.context.filter.ExcludeFilterContextCustomizer@31e2416c, org.springframework.boot.test.mock.mockito.MockitoContextCustomizer@0, org.springframework.boot.test.autoconfigure.properties.PropertyMappingContextCustomizer@e7e8512, org.springframework.boot.test.autoconfigure.web.servlet.WebDriverContextCustomizerFactory$Customizer@1087da3], resourceBasePath = 'src/main/webapp', contextLoader = 'org.springframework.boot.test.context.SpringBootContextLoader', parent = [null]]]].
21:37:02.430 [Test worker] DEBUG org.springframework.core.env.StandardEnvironment - Adding [systemProperties] PropertySource with lowest search precedence
21:37:02.431 [Test worker] DEBUG org.springframework.core.env.StandardEnvironment - Adding [systemEnvironment] PropertySource with lowest search precedence
21:37:02.433 [Test worker] DEBUG org.springframework.core.env.StandardEnvironment - Initialized StandardEnvironment with PropertySources [systemProperties,systemEnvironment]
21:37:02.442 [Test worker] DEBUG org.springframework.core.env.StandardEnvironment - Adding [class path resource [application.properties]] PropertySource with highest search precedence
21:37:02.443 [Test worker] DEBUG org.springframework.test.context.support.TestPropertySourceUtils - Adding inlined properties to environment: {spring.jmx.enabled=false, org.springframework.boot.test.context.SpringBootTestContextBootstrapper=true, server.port=0}
21:37:02.444 [Test worker] DEBUG org.springframework.core.env.StandardEnvironment - Adding [Inlined Test Properties] PropertySource with highest search precedence

  .   ____          _            __ _ _
 /\\ / ___'_ __ _ _(_)_ __  __ _ \ \ \ \
( ( )\___ | '_ | '_| | '_ \/ _` | \ \ \ \
 \\/  ___)| |_)| | | | | || (_| |  ) ) ) )
  '  |____| .__|_| |_|_| |_\__, | / / / /
 =========|_|==============|___/=/_/_/_/
 :: Spring Boot ::        (v1.5.2.RELEASE)

2017-07-09 21:37:02.911  INFO 4204 --- [    Test worker] c.s.g.unitTest.GeoLocationAddShopTest    : Starting GeoLocationAddShopTest on PF0CCQY0 with PID 4204 (started by esisamo in C:\Sam\STS-3.8.2\workspace-sts-3.8.2.RELEASE\geo-location-app-gradle)
2017-07-09 21:37:02.913  INFO 4204 --- [    Test worker] c.s.g.unitTest.GeoLocationAddShopTest    : No active profile set, falling back to default profiles: default
2017-07-09 21:37:02.939  INFO 4204 --- [    Test worker] ationConfigEmbeddedWebApplicationContext : Refreshing org.springframework.boot.context.embedded.AnnotationConfigEmbeddedWebApplicationContext@1bd4e5f1: startup date [Sun Jul 09 21:37:02 IST 2017]; root of context hierarchy
2017-07-09 21:37:06.353  INFO 4204 --- [    Test worker] trationDelegate$BeanPostProcessorChecker : Bean 'org.springframework.transaction.annotation.ProxyTransactionManagementConfiguration' of type [org.springframework.transaction.annotation.ProxyTransactionManagementConfiguration$$EnhancerBySpringCGLIB$$3f7dc534] is not eligible for getting processed by all BeanPostProcessors (for example: not eligible for auto-proxying)
2017-07-09 21:37:07.221  INFO 4204 --- [    Test worker] s.b.c.e.t.TomcatEmbeddedServletContainer : Tomcat initialized with port(s): 0 (http)
2017-07-09 21:37:07.243  INFO 4204 --- [    Test worker] o.apache.catalina.core.StandardService   : Starting service Tomcat
2017-07-09 21:37:07.245  INFO 4204 --- [    Test worker] org.apache.catalina.core.StandardEngine  : Starting Servlet Engine: Apache Tomcat/8.5.11
2017-07-09 21:37:07.510  INFO 4204 --- [ost-startStop-1] o.a.c.c.C.[.[.[/gelolocationapp]         : Initializing Spring embedded WebApplicationContext
2017-07-09 21:37:07.511  INFO 4204 --- [ost-startStop-1] o.s.web.context.ContextLoader            : Root WebApplicationContext: initialization completed in 4577 ms
2017-07-09 21:37:07.845  INFO 4204 --- [ost-startStop-1] o.s.b.w.servlet.ServletRegistrationBean  : Mapping servlet: 'dispatcherServlet' to [/]
2017-07-09 21:37:07.848  INFO 4204 --- [ost-startStop-1] o.s.b.w.servlet.ServletRegistrationBean  : Mapping servlet: 'webServlet' to [/h2/*]
2017-07-09 21:37:07.854  INFO 4204 --- [ost-startStop-1] o.s.b.w.servlet.FilterRegistrationBean   : Mapping filter: 'characterEncodingFilter' to: [/*]
2017-07-09 21:37:07.855  INFO 4204 --- [ost-startStop-1] o.s.b.w.servlet.FilterRegistrationBean   : Mapping filter: 'hiddenHttpMethodFilter' to: [/*]
2017-07-09 21:37:07.856  INFO 4204 --- [ost-startStop-1] o.s.b.w.servlet.FilterRegistrationBean   : Mapping filter: 'httpPutFormContentFilter' to: [/*]
2017-07-09 21:37:07.856  INFO 4204 --- [ost-startStop-1] o.s.b.w.servlet.FilterRegistrationBean   : Mapping filter: 'requestContextFilter' to: [/*]
2017-07-09 21:37:08.094  INFO 4204 --- [    Test worker] o.s.j.d.e.EmbeddedDatabaseFactory        : Starting embedded database: url='jdbc:h2:mem:testdb;DB_CLOSE_DELAY=-1;DB_CLOSE_ON_EXIT=false', username='sa'
2017-07-09 21:37:08.397  INFO 4204 --- [    Test worker] j.LocalContainerEntityManagerFactoryBean : Building JPA container EntityManagerFactory for persistence unit 'default'
2017-07-09 21:37:08.428  INFO 4204 --- [    Test worker] o.hibernate.jpa.internal.util.LogHelper  : HHH000204: Processing PersistenceUnitInfo [
	name: default
	...]
2017-07-09 21:37:08.605  INFO 4204 --- [    Test worker] org.hibernate.Version                    : HHH000412: Hibernate Core {5.0.12.Final}
2017-07-09 21:37:08.609  INFO 4204 --- [    Test worker] org.hibernate.cfg.Environment            : HHH000206: hibernate.properties not found
2017-07-09 21:37:08.612  INFO 4204 --- [    Test worker] org.hibernate.cfg.Environment            : HHH000021: Bytecode provider name : javassist
2017-07-09 21:37:08.701  INFO 4204 --- [    Test worker] o.hibernate.annotations.common.Version   : HCANN000001: Hibernate Commons Annotations {5.0.1.Final}
2017-07-09 21:37:08.895  INFO 4204 --- [    Test worker] org.hibernate.dialect.Dialect            : HHH000400: Using dialect: org.hibernate.dialect.H2Dialect
2017-07-09 21:37:09.579  INFO 4204 --- [    Test worker] org.hibernate.tool.hbm2ddl.SchemaExport  : HHH000227: Running hbm2ddl schema export
Hibernate: 
    drop table shop_details if exists
Hibernate: 
    drop table transanction_log if exists
Hibernate: 
    drop sequence if exists hibernate_sequence
Hibernate: 
    create sequence hibernate_sequence start with 1 increment by 1
Hibernate: 
    create table shop_details (
        shop_id bigint not null,
        shop_address varchar(500),
        shop_latitude varchar(40),
        shop_longitude varchar(40),
        shop_name varchar(500),
        shop_pincode bigint,
        primary key (shop_id)
    )
Hibernate: 
    create table transanction_log (
        unique_log_id varchar(50) not null,
        api_key varchar(500),
        client_ip varchar(20),
        email_id varchar(50),
        operation_name varchar(50),
        request_body varchar(2000),
        request_time varchar(20),
        request_type varchar(10),
        response_body varchar(2000),
        response_time varchar(20),
        token_type varchar(10),
        primary key (unique_log_id)
    )
2017-07-09 21:37:09.594  INFO 4204 --- [    Test worker] org.hibernate.tool.hbm2ddl.SchemaExport  : HHH000230: Schema export complete
2017-07-09 21:37:09.648  INFO 4204 --- [    Test worker] j.LocalContainerEntityManagerFactoryBean : Initialized JPA EntityManagerFactory for persistence unit 'default'
2017-07-09 21:37:10,093 | INFO  | (GeoCodeClient.java:init:64) |  | In GeoCodeClient:init : Initializing GeoCodeClient Bean with GeoCode Context : 
2017-07-09 21:37:10,105 | INFO  | (GeoCodeClient.java:init:77) |  | In GeoCodeClient:init : Successfully initialized GeoCodeClient Bean with GeoCode Context : 
2017-07-09 21:37:10,107 | INFO  | (GeoLocationAppTransanctionLogServiceImpl.java:init:73) |  | In GeoLocationAppTransanctionLogServiceImpl:init : Initializing GeoLocationAppTransanctionLogServiceImpl Bean :  
2017-07-09 21:37:10,108 | INFO  | (GeoLocationAppTransanctionLogServiceImpl.java:init:81) |  | In GeoLocationAppTransanctionLogServiceImpl:init : Successfully initialized GeoLocationAppTransanctionLogServiceImpl Bean : 
2017-07-09 21:37:10.721  INFO 4204 --- [    Test worker] s.w.s.m.m.a.RequestMappingHandlerMapping : Mapped "{[/map/addshop/v1],methods=[POST],consumes=[application/json],produces=[application/json]}" onto public org.springframework.http.ResponseEntity<com.sam.geolocationapp.models.GeoLocationAppResponse> com.sam.geolocationapp.rest.controllers.GeoLocationAppController.addShop(javax.servlet.http.HttpServletRequest,javax.servlet.http.HttpServletResponse,java.util.Map<java.lang.String, java.lang.String>,com.sam.geolocationapp.models.GeoLocationAppRequest)
2017-07-09 21:37:10.724  INFO 4204 --- [    Test worker] s.w.s.m.m.a.RequestMappingHandlerMapping : Mapped "{[/map/getapikey/v1],methods=[GET],produces=[application/json]}" onto public org.springframework.http.ResponseEntity<com.sam.geolocationapp.models.GeoLocationAppResponse> com.sam.geolocationapp.rest.controllers.GeoLocationAppController.getApiKey(javax.servlet.http.HttpServletRequest,javax.servlet.http.HttpServletResponse,java.util.Map<java.lang.String, java.lang.String>)
2017-07-09 21:37:10.726  INFO 4204 --- [    Test worker] s.w.s.m.m.a.RequestMappingHandlerMapping : Mapped "{[/map/findnearestshops/v1],methods=[POST],consumes=[application/json],produces=[application/json]}" onto public org.springframework.http.ResponseEntity<com.sam.geolocationapp.models.GeoLocationAppResponse> com.sam.geolocationapp.rest.controllers.GeoLocationAppController.findNearestShops(javax.servlet.http.HttpServletRequest,javax.servlet.http.HttpServletResponse,java.util.Map<java.lang.String, java.lang.String>,com.sam.geolocationapp.models.ShopLatLongRequest)
2017-07-09 21:37:10.728  INFO 4204 --- [    Test worker] s.w.s.m.m.a.RequestMappingHandlerMapping : Mapped "{[/v2/api-docs],methods=[GET],produces=[application/json || application/hal+json]}" onto public org.springframework.http.ResponseEntity<springfox.documentation.spring.web.json.Json> springfox.documentation.swagger2.web.Swagger2Controller.getDocumentation(java.lang.String,javax.servlet.http.HttpServletRequest)
2017-07-09 21:37:10.732  INFO 4204 --- [    Test worker] s.w.s.m.m.a.RequestMappingHandlerMapping : Mapped "{[/swagger-resources/configuration/security]}" onto org.springframework.http.ResponseEntity<springfox.documentation.swagger.web.SecurityConfiguration> springfox.documentation.swagger.web.ApiResourceController.securityConfiguration()
2017-07-09 21:37:10.733  INFO 4204 --- [    Test worker] s.w.s.m.m.a.RequestMappingHandlerMapping : Mapped "{[/swagger-resources/configuration/ui]}" onto org.springframework.http.ResponseEntity<springfox.documentation.swagger.web.UiConfiguration> springfox.documentation.swagger.web.ApiResourceController.uiConfiguration()
2017-07-09 21:37:10.734  INFO 4204 --- [    Test worker] s.w.s.m.m.a.RequestMappingHandlerMapping : Mapped "{[/swagger-resources]}" onto org.springframework.http.ResponseEntity<java.util.List<springfox.documentation.swagger.web.SwaggerResource>> springfox.documentation.swagger.web.ApiResourceController.swaggerResources()
2017-07-09 21:37:10.740  INFO 4204 --- [    Test worker] s.w.s.m.m.a.RequestMappingHandlerMapping : Mapped "{[/error]}" onto public org.springframework.http.ResponseEntity<java.util.Map<java.lang.String, java.lang.Object>> org.springframework.boot.autoconfigure.web.BasicErrorController.error(javax.servlet.http.HttpServletRequest)
2017-07-09 21:37:10.741  INFO 4204 --- [    Test worker] s.w.s.m.m.a.RequestMappingHandlerMapping : Mapped "{[/error],produces=[text/html]}" onto public org.springframework.web.servlet.ModelAndView org.springframework.boot.autoconfigure.web.BasicErrorController.errorHtml(javax.servlet.http.HttpServletRequest,javax.servlet.http.HttpServletResponse)
2017-07-09 21:37:11.230  INFO 4204 --- [    Test worker] o.a.c.c.C.[.[.[/gelolocationapp]         : Initializing Spring FrameworkServlet ''
2017-07-09 21:37:11.231  INFO 4204 --- [    Test worker] o.s.t.web.servlet.TestDispatcherServlet  : FrameworkServlet '': initialization started
2017-07-09 21:37:11.341  INFO 4204 --- [    Test worker] o.s.w.s.handler.SimpleUrlHandlerMapping  : Mapped URL path [/webjars/**] onto handler of type [class org.springframework.web.servlet.resource.ResourceHttpRequestHandler]
2017-07-09 21:37:11.342  INFO 4204 --- [    Test worker] o.s.w.s.handler.SimpleUrlHandlerMapping  : Mapped URL path [/**] onto handler of type [class org.springframework.web.servlet.resource.ResourceHttpRequestHandler]
2017-07-09 21:37:11.378  INFO 4204 --- [    Test worker] o.s.w.s.handler.SimpleUrlHandlerMapping  : Mapped URL path [/**/favicon.ico] onto handler of type [class org.springframework.web.servlet.resource.ResourceHttpRequestHandler]
2017-07-09 21:37:11.631  INFO 4204 --- [    Test worker] s.w.s.m.m.a.RequestMappingHandlerAdapter : Looking for @ControllerAdvice: org.springframework.boot.context.embedded.AnnotationConfigEmbeddedWebApplicationContext@1bd4e5f1: startup date [Sun Jul 09 21:37:02 IST 2017]; root of context hierarchy
2017-07-09 21:37:11.818  INFO 4204 --- [    Test worker] o.s.t.web.servlet.TestDispatcherServlet  : FrameworkServlet '': initialization completed in 582 ms
2017-07-09 21:37:12.328  INFO 4204 --- [    Test worker] o.s.c.support.DefaultLifecycleProcessor  : Starting beans in phase 2147483647
2017-07-09 21:37:12.329  INFO 4204 --- [    Test worker] d.s.w.p.DocumentationPluginsBootstrapper : Context refreshed
2017-07-09 21:37:12.383  INFO 4204 --- [    Test worker] d.s.w.p.DocumentationPluginsBootstrapper : Found 1 custom documentation plugin(s)
2017-07-09 21:37:12.416  INFO 4204 --- [    Test worker] s.d.s.w.s.ApiListingReferenceScanner     : Scanning for api listing references
2017-07-09 21:37:12,839 | INFO  | (GeoLocationAppErrorConfigurator.java:onApplicationEvent:40) |  | Entering ErrorsPropertyConfigurerStartUp:onApplicationEvent : with : contextStratFlag : false 
2017-07-09 21:37:12,840 | DEBUG | (GeoLocationAppErrorConfigurator.java:onApplicationEvent:43) |  | Error Config File Name : /geo-location-errorcodes.properties 
2017-07-09 21:37:12,840 | INFO  | (GeoLocationAppErrorConfigurator.java:loadAndReturnPropertiesToMap:60) |  | Entering ErrorsPropertyConfigurerStartUp:loadAndReturnPropertiesToMap 
2017-07-09 21:37:12,841 | INFO  | (GeoLocationAppErrorConfigurator.java:loadAndReturnPropertiesToMap:74) |  | Leaving ErrorsPropertyConfigurerStartUp:loadAndReturnPropertiesToMap 
2017-07-09 21:37:12,844 | INFO  | (GeoLocationAppErrorConfigurator.java:onApplicationEvent:50) |  | Leaving ErrorsPropertyConfigurerStartUp:onApplicationEvent : contextStratFlag : true 
2017-07-09 21:37:12.943  INFO 4204 --- [    Test worker] s.b.c.e.t.TomcatEmbeddedServletContainer : Tomcat started on port(s): 64776 (http)
2017-07-09 21:37:12.958  INFO 4204 --- [    Test worker] c.s.g.unitTest.GeoLocationAddShopTest    : Started GeoLocationAddShopTest in 10.506 seconds (JVM running for 12.668)
2017-07-09 21:37:14.324  INFO 4204 --- [o-auto-1-exec-1] o.a.c.c.C.[.[.[/gelolocationapp]         : Initializing Spring FrameworkServlet 'dispatcherServlet'
2017-07-09 21:37:14.324  INFO 4204 --- [o-auto-1-exec-1] o.s.web.servlet.DispatcherServlet        : FrameworkServlet 'dispatcherServlet': initialization started
2017-07-09 21:37:14.332  INFO 4204 --- [o-auto-1-exec-1] o.s.web.servlet.DispatcherServlet        : FrameworkServlet 'dispatcherServlet': initialization completed in 8 ms
2017-07-09 21:37:14,781 | INFO  | (GeoLocationAppTransanctionLogServiceImpl.java:insertTransanctionLog:94) |  | In GeoLocationAppTransanctionLogServiceImpl:insertTransanctionLog : Starts Executing 
2017-07-09 21:37:14,782 | INFO  | (GeoLocationAppTransanctionLogServiceImpl.java:insertTransanctionLog:110) |  | In GeoLocationAppTransanctionLogServiceImpl:insertTransanctionLog : Before Insert :transactionLog : TransactionLog [uniqueLogId=ec20eefe-85bf-493f-970b-82236b6ebbca, emailId=samok.sinha@gmail.com, apiKey=, tokenType=, requestType=get, operationName=getApiKey, requestTime=2017-07-09 21:37:14, requestBody=, responseTime=null, responseBody=null, clientIp=127.0.0.1] 
2017-07-09 21:37:14,800 | INFO  | (GeoLocationAppDataAccessService.java:create:48) |  | In GeoLocationAppDataAccessService:create : entity : TransactionLog [uniqueLogId=ec20eefe-85bf-493f-970b-82236b6ebbca, emailId=samok.sinha@gmail.com, apiKey=, tokenType=, requestType=get, operationName=getApiKey, requestTime=2017-07-09 21:37:14, requestBody=, responseTime=null, responseBody=null, clientIp=127.0.0.1] 
2017-07-09 21:37:14,801 | INFO  | (GeoLocationAppDataAccessService.java:create:54) |  | In GeoLocationAppDataAccessService:create : Before calling Database Operation : startTime : 1499616434801 
Hibernate: 
    /* insert com.sam.geolocationapp.entities.TransactionLog
        */ insert 
        into
            transanction_log
            (api_key, client_ip, email_id, operation_name, request_body, request_time, request_type, response_body, response_time, token_type, unique_log_id) 
        values
            (?, ?, ?, ?, ?, ?, ?, ?, ?, ?, ?)
2017-07-09 21:37:14,860 | INFO  | (GeoLocationAppDataAccessService.java:create:62) |  | In GeoLocationAppDataAccessService:create : After calling Database Operation : endTime : 1499616434860 : Total time taken : 59 
2017-07-09 21:37:14,861 | INFO  | (GeoLocationAppDataAccessService.java:create:63) |  | In GeoLocationAppDataAccessService:create : Created Enitty into database : TransactionLog [uniqueLogId=ec20eefe-85bf-493f-970b-82236b6ebbca, emailId=samok.sinha@gmail.com, apiKey=, tokenType=, requestType=get, operationName=getApiKey, requestTime=2017-07-09 21:37:14, requestBody=, responseTime=null, responseBody=null, clientIp=127.0.0.1] 
2017-07-09 21:37:14,863 | INFO  | (GeoLocationAppTransanctionLogServiceImpl.java:insertTransanctionLog:117) |  | In GeoLocationAppTransanctionLogServiceImpl:insertTransanctionLog : Completes Execution : true 
2017-07-09 21:37:14,875 | INFO  | (GeoLocationAppController.java:getApiKey:77) |  | In GeoLocationAppController:loginWithHeader : Starts Executing 
2017-07-09 21:37:14,876 | INFO  | (GeoLocationAppController.java:getApiKey:90) |  | In GeoLocationAppController:loginWithHeader : httpHeadersMap{accept=application/json, application/json, application/*+json, application/*+json, content-type=application/json, emailid=samok.sinha@gmail.com, content-length=0, host=localhost:64776, connection=Keep-Alive, accept-encoding=gzip, user-agent=okhttp/2.7.5} 
2017-07-09 21:37:14,878 | INFO  | (GeoLocationAppTokenUtil.java:createAccessToken:58) |  | In GeoLocationAppTokenUtil:createAccessToken : Starts Executing : with : emailId : samok.sinha@gmail.com 
2017-07-09 21:37:15,001 | INFO  | (GeoLocationAppTokenUtil.java:createAccessToken:79) |  | In GeoLocationAppTokenUtil:createAccessToken : Completes Execution 
2017-07-09 21:37:15,002 | INFO  | (GeoLocationAppController.java:getApiKey:115) |  | In GeoLocationAppController:loginWithHeader : Completes Execution : Toatl Time Taken : 126 
2017-07-09 21:37:15,028 | INFO  | (GeoLocationAppTransanctionLogServiceImpl.java:updateTransanctionLog:132) |  | In GeoLocationAppTransanctionLogServiceImpl:updateTransanctionLog : Starts Executing 
2017-07-09 21:37:15,029 | INFO  | (GeoLocationAppDataAccessService.java:find:78) |  | In GeoLocationAppDataAccessService:find : id : ec20eefe-85bf-493f-970b-82236b6ebbca 
2017-07-09 21:37:15,030 | INFO  | (GeoLocationAppDataAccessService.java:find:86) |  | In GeoLocationAppDataAccessService:find : Before calling Database Operation : startTime : 1499616435030 
2017-07-09 21:37:15,034 | INFO  | (GeoLocationAppDataAccessService.java:find:93) |  | In GeoLocationAppDataAccessService:find : After calling Database Operation : endTime : 1499616435034 : Total time taken : 4 
2017-07-09 21:37:15,035 | INFO  | (GeoLocationAppDataAccessService.java:find:94) |  | In GeoLocationAppDataAccessService:find : Finded Enitty from database : TransactionLog [uniqueLogId=ec20eefe-85bf-493f-970b-82236b6ebbca, emailId=samok.sinha@gmail.com, apiKey=, tokenType=, requestType=get, operationName=getApiKey, requestTime=2017-07-09 21:37:14, requestBody=, responseTime=null, responseBody=null, clientIp=127.0.0.1] 
2017-07-09 21:37:15,036 | INFO  | (GeoLocationAppTransanctionLogServiceImpl.java:updateTransanctionLog:141) |  | In GeoLocationAppTransanctionLogServiceImpl:updateTransanctionLog : Before Update :transactionLog : TransactionLog [uniqueLogId=ec20eefe-85bf-493f-970b-82236b6ebbca, emailId=samok.sinha@gmail.com, apiKey=, tokenType=, requestType=get, operationName=getApiKey, requestTime=2017-07-09 21:37:14, requestBody=, responseTime=2017-07-09 21:37:15, responseBody={"status":"Success","response":{"emailid":"samok.sinha@gmail.com","apikey":"eyJhbGciOiJIUzI1NiJ9.eyJzdWIiOiJzYW1vay5zaW5oYUBnbWFpbC5jb20iLCJUb2tlblR5cGUiOiJBUElfS0VZIiwiZW1haWxpZCI6InNhbW9rLnNpbmhhQGdtYWlsLmNvbSIsImV4cCI6MTQ5OTYyMzYzNCwiaWF0IjoxNDk5NjE2NDM0LCJqdGkiOiI1ZDE3MDBiZi01YmMwLTRmOGQtYjY4Ny1kYzIxNTAwMTUyMzkifQ.Z9m6hKkgoGMswd-l1CphqJpB5MGTfVxMDvyrpZF0ln8"}}, clientIp=127.0.0.1] 
2017-07-09 21:37:15,038 | INFO  | (GeoLocationAppDataAccessService.java:update:110) |  | In GeoLocationAppDataAccessService:update : entity : TransactionLog [uniqueLogId=ec20eefe-85bf-493f-970b-82236b6ebbca, emailId=samok.sinha@gmail.com, apiKey=, tokenType=, requestType=get, operationName=getApiKey, requestTime=2017-07-09 21:37:14, requestBody=, responseTime=2017-07-09 21:37:15, responseBody={"status":"Success","response":{"emailid":"samok.sinha@gmail.com","apikey":"eyJhbGciOiJIUzI1NiJ9.eyJzdWIiOiJzYW1vay5zaW5oYUBnbWFpbC5jb20iLCJUb2tlblR5cGUiOiJBUElfS0VZIiwiZW1haWxpZCI6InNhbW9rLnNpbmhhQGdtYWlsLmNvbSIsImV4cCI6MTQ5OTYyMzYzNCwiaWF0IjoxNDk5NjE2NDM0LCJqdGkiOiI1ZDE3MDBiZi01YmMwLTRmOGQtYjY4Ny1kYzIxNTAwMTUyMzkifQ.Z9m6hKkgoGMswd-l1CphqJpB5MGTfVxMDvyrpZF0ln8"}}, clientIp=127.0.0.1] 
2017-07-09 21:37:15,038 | INFO  | (GeoLocationAppDataAccessService.java:update:118) |  | In GeoLocationAppDataAccessService:update : Before calling Database Operation : startTime : 1499616435038 
2017-07-09 21:37:15,044 | INFO  | (GeoLocationAppDataAccessService.java:update:125) |  | In GeoLocationAppDataAccessService:update : After calling Database Operation : endTime : 1499616435044 : Total time taken : 6 
2017-07-09 21:37:15,045 | INFO  | (GeoLocationAppDataAccessService.java:update:126) |  | In GeoLocationAppDataAccessService:update : Updated Enitty from database : TransactionLog [uniqueLogId=ec20eefe-85bf-493f-970b-82236b6ebbca, emailId=samok.sinha@gmail.com, apiKey=, tokenType=, requestType=get, operationName=getApiKey, requestTime=2017-07-09 21:37:14, requestBody=, responseTime=2017-07-09 21:37:15, responseBody={"status":"Success","response":{"emailid":"samok.sinha@gmail.com","apikey":"eyJhbGciOiJIUzI1NiJ9.eyJzdWIiOiJzYW1vay5zaW5oYUBnbWFpbC5jb20iLCJUb2tlblR5cGUiOiJBUElfS0VZIiwiZW1haWxpZCI6InNhbW9rLnNpbmhhQGdtYWlsLmNvbSIsImV4cCI6MTQ5OTYyMzYzNCwiaWF0IjoxNDk5NjE2NDM0LCJqdGkiOiI1ZDE3MDBiZi01YmMwLTRmOGQtYjY4Ny1kYzIxNTAwMTUyMzkifQ.Z9m6hKkgoGMswd-l1CphqJpB5MGTfVxMDvyrpZF0ln8"}}, clientIp=127.0.0.1] 
Hibernate: 
    /* update
        com.sam.geolocationapp.entities.TransactionLog */ update
            transanction_log 
        set
            api_key=?,
            client_ip=?,
            email_id=?,
            operation_name=?,
            request_body=?,
            request_time=?,
            request_type=?,
            response_body=?,
            response_time=?,
            token_type=? 
        where
            unique_log_id=?
2017-07-09 21:37:15,067 | INFO  | (GeoLocationAppTransanctionLogServiceImpl.java:updateTransanctionLog:143) |  | In GeoLocationAppTransanctionLogServiceImpl:updateTransanctionLog : After Update :transactionLog : TransactionLog [uniqueLogId=ec20eefe-85bf-493f-970b-82236b6ebbca, emailId=samok.sinha@gmail.com, apiKey=, tokenType=, requestType=get, operationName=getApiKey, requestTime=2017-07-09 21:37:14, requestBody=, responseTime=2017-07-09 21:37:15, responseBody={"status":"Success","response":{"emailid":"samok.sinha@gmail.com","apikey":"eyJhbGciOiJIUzI1NiJ9.eyJzdWIiOiJzYW1vay5zaW5oYUBnbWFpbC5jb20iLCJUb2tlblR5cGUiOiJBUElfS0VZIiwiZW1haWxpZCI6InNhbW9rLnNpbmhhQGdtYWlsLmNvbSIsImV4cCI6MTQ5OTYyMzYzNCwiaWF0IjoxNDk5NjE2NDM0LCJqdGkiOiI1ZDE3MDBiZi01YmMwLTRmOGQtYjY4Ny1kYzIxNTAwMTUyMzkifQ.Z9m6hKkgoGMswd-l1CphqJpB5MGTfVxMDvyrpZF0ln8"}}, clientIp=127.0.0.1] 
2017-07-09 21:37:15,068 | INFO  | (GeoLocationAppTransanctionLogServiceImpl.java:updateTransanctionLog:150) |  | In GeoLocationAppTransanctionLogServiceImpl:updateTransanctionLog : Completes Execution : updateToDbFlag : true 
2017-07-09 21:37:15,116 | INFO  | (GeoLocationAddShopTest.java:addShop:70) |  | In GeoLocationControllerTest:addShop : geoLocationAppResponseString : {"status":"Success","response":{"emailid":"samok.sinha@gmail.com","apikey":"eyJhbGciOiJIUzI1NiJ9.eyJzdWIiOiJzYW1vay5zaW5oYUBnbWFpbC5jb20iLCJUb2tlblR5cGUiOiJBUElfS0VZIiwiZW1haWxpZCI6InNhbW9rLnNpbmhhQGdtYWlsLmNvbSIsImV4cCI6MTQ5OTYyMzYzNCwiaWF0IjoxNDk5NjE2NDM0LCJqdGkiOiI1ZDE3MDBiZi01YmMwLTRmOGQtYjY4Ny1kYzIxNTAwMTUyMzkifQ.Z9m6hKkgoGMswd-l1CphqJpB5MGTfVxMDvyrpZF0ln8"}} 
2017-07-09 21:37:15,117 | INFO  | (GeoLocationAddShopTest.java:addShop:71) |  | In GeoLocationControllerTest:addShop : Status : 200 
2017-07-09 21:37:15,170 | INFO  | (GeoLocationAppTransanctionLogServiceImpl.java:insertTransanctionLog:94) |  | In GeoLocationAppTransanctionLogServiceImpl:insertTransanctionLog : Starts Executing 
2017-07-09 21:37:15,171 | INFO  | (GeoLocationAppTransanctionLogServiceImpl.java:insertTransanctionLog:110) |  | In GeoLocationAppTransanctionLogServiceImpl:insertTransanctionLog : Before Insert :transactionLog : TransactionLog [uniqueLogId=0236c4e7-ff05-4dca-a9dc-8ec5f22eae53, emailId=samok.sinha@gmail.com, apiKey=eyJhbGciOiJIUzI1NiJ9.eyJzdWIiOiJzYW1vay5zaW5oYUBnbWFpbC5jb20iLCJUb2tlblR5cGUiOiJBUElfS0VZIiwiZW1haWxpZCI6InNhbW9rLnNpbmhhQGdtYWlsLmNvbSIsImV4cCI6MTQ5OTYyMzYzNCwiaWF0IjoxNDk5NjE2NDM0LCJqdGkiOiI1ZDE3MDBiZi01YmMwLTRmOGQtYjY4Ny1kYzIxNTAwMTUyMzkifQ.Z9m6hKkgoGMswd-l1CphqJpB5MGTfVxMDvyrpZF0ln8, tokenType=API_KEY, requestType=post, operationName=addShop, requestTime=2017-07-09 21:37:15, requestBody={"shopName":"Test_Name_1","shopAddress":"Test_Address_1","shopPincode":700078}, responseTime=null, responseBody=null, clientIp=127.0.0.1] 
2017-07-09 21:37:15,173 | INFO  | (GeoLocationAppDataAccessService.java:create:48) |  | In GeoLocationAppDataAccessService:create : entity : TransactionLog [uniqueLogId=0236c4e7-ff05-4dca-a9dc-8ec5f22eae53, emailId=samok.sinha@gmail.com, apiKey=eyJhbGciOiJIUzI1NiJ9.eyJzdWIiOiJzYW1vay5zaW5oYUBnbWFpbC5jb20iLCJUb2tlblR5cGUiOiJBUElfS0VZIiwiZW1haWxpZCI6InNhbW9rLnNpbmhhQGdtYWlsLmNvbSIsImV4cCI6MTQ5OTYyMzYzNCwiaWF0IjoxNDk5NjE2NDM0LCJqdGkiOiI1ZDE3MDBiZi01YmMwLTRmOGQtYjY4Ny1kYzIxNTAwMTUyMzkifQ.Z9m6hKkgoGMswd-l1CphqJpB5MGTfVxMDvyrpZF0ln8, tokenType=API_KEY, requestType=post, operationName=addShop, requestTime=2017-07-09 21:37:15, requestBody={"shopName":"Test_Name_1","shopAddress":"Test_Address_1","shopPincode":700078}, responseTime=null, responseBody=null, clientIp=127.0.0.1] 
2017-07-09 21:37:15,174 | INFO  | (GeoLocationAppDataAccessService.java:create:54) |  | In GeoLocationAppDataAccessService:create : Before calling Database Operation : startTime : 1499616435174 
Hibernate: 
    /* insert com.sam.geolocationapp.entities.TransactionLog
        */ insert 
        into
            transanction_log
            (api_key, client_ip, email_id, operation_name, request_body, request_time, request_type, response_body, response_time, token_type, unique_log_id) 
        values
            (?, ?, ?, ?, ?, ?, ?, ?, ?, ?, ?)
2017-07-09 21:37:15,178 | INFO  | (GeoLocationAppDataAccessService.java:create:62) |  | In GeoLocationAppDataAccessService:create : After calling Database Operation : endTime : 1499616435178 : Total time taken : 4 
2017-07-09 21:37:15,179 | INFO  | (GeoLocationAppDataAccessService.java:create:63) |  | In GeoLocationAppDataAccessService:create : Created Enitty into database : TransactionLog [uniqueLogId=0236c4e7-ff05-4dca-a9dc-8ec5f22eae53, emailId=samok.sinha@gmail.com, apiKey=eyJhbGciOiJIUzI1NiJ9.eyJzdWIiOiJzYW1vay5zaW5oYUBnbWFpbC5jb20iLCJUb2tlblR5cGUiOiJBUElfS0VZIiwiZW1haWxpZCI6InNhbW9rLnNpbmhhQGdtYWlsLmNvbSIsImV4cCI6MTQ5OTYyMzYzNCwiaWF0IjoxNDk5NjE2NDM0LCJqdGkiOiI1ZDE3MDBiZi01YmMwLTRmOGQtYjY4Ny1kYzIxNTAwMTUyMzkifQ.Z9m6hKkgoGMswd-l1CphqJpB5MGTfVxMDvyrpZF0ln8, tokenType=API_KEY, requestType=post, operationName=addShop, requestTime=2017-07-09 21:37:15, requestBody={"shopName":"Test_Name_1","shopAddress":"Test_Address_1","shopPincode":700078}, responseTime=null, responseBody=null, clientIp=127.0.0.1] 
2017-07-09 21:37:15,180 | INFO  | (GeoLocationAppTransanctionLogServiceImpl.java:insertTransanctionLog:117) |  | In GeoLocationAppTransanctionLogServiceImpl:insertTransanctionLog : Completes Execution : true 
2017-07-09 21:37:15,180 | INFO  | (GeoLocationAppController.java:addShop:144) |  | In GeoLocationAppController:createAddress : Starts Executing 
2017-07-09 21:37:15,181 | INFO  | (GeoLocationAppController.java:addShop:153) |  | In GeoLocationAppController:createAddress : httpHeadersMap{accept=application/json, application/json, application/*+json, application/*+json, authorization=Bearer eyJhbGciOiJIUzI1NiJ9.eyJzdWIiOiJzYW1vay5zaW5oYUBnbWFpbC5jb20iLCJUb2tlblR5cGUiOiJBUElfS0VZIiwiZW1haWxpZCI6InNhbW9rLnNpbmhhQGdtYWlsLmNvbSIsImV4cCI6MTQ5OTYyMzYzNCwiaWF0IjoxNDk5NjE2NDM0LCJqdGkiOiI1ZDE3MDBiZi01YmMwLTRmOGQtYjY4Ny1kYzIxNTAwMTUyMzkifQ.Z9m6hKkgoGMswd-l1CphqJpB5MGTfVxMDvyrpZF0ln8, content-type=application/json, content-length=78, host=localhost:64776, connection=Keep-Alive, accept-encoding=gzip, user-agent=okhttp/2.7.5} 
2017-07-09 21:37:15,182 | INFO  | (GeoLocationAppTransanctionLogServiceImpl.java:addShop:164) |  | In GeoLocationAppTransanctionLogServiceImpl:addShop : Starts Executing 
2017-07-09 21:37:15,182 | INFO  | (GeoLocationAppTransanctionLogServiceImpl.java:findShop:274) |  | In GeoLocationAppTransanctionLogServiceImpl:findShop : Starts Executing 
2017-07-09 21:37:15,183 | INFO  | (GeoLocationAppDataAccessService.java:findShopByPin:156) |  | In GeoLocationAppDataAccessService:findShopByPin : Before calling Database Operation : startTime : 1499616435183 
Hibernate: 
    /* dynamic native SQL query */ select
        * 
    from
        shop_details 
    where
        shop_pincode = ?
2017-07-09 21:37:15,245 | INFO  | (GeoLocationAppDataAccessService.java:findShopByPin:166) |  | In GeoLocationAppDataAccessService:findShopByPin : After calling Database Operation : endTime : 1499616435245 : Total time taken : 62 
2017-07-09 21:37:15,247 | INFO  | (GeoLocationAppTransanctionLogServiceImpl.java:findShop:308) |  | In GeoLocationAppTransanctionLogServiceImpl:findShop : Completes Execution : shopDetails : null 
2017-07-09 21:37:15,248 | INFO  | (GeoLocationAppDataAccessService.java:create:48) |  | In GeoLocationAppDataAccessService:create : entity : ShopDetails [shopId=null, shopName=Test_Name_1, shopAddress=Test_Address_1, shopPincode=700078, shopLatitude=null, shopLongitude=null] 
2017-07-09 21:37:15,249 | INFO  | (GeoLocationAppDataAccessService.java:create:54) |  | In GeoLocationAppDataAccessService:create : Before calling Database Operation : startTime : 1499616435249 
Hibernate: 
    call next value for hibernate_sequence
Hibernate: 
    /* insert com.sam.geolocationapp.entities.ShopDetails
        */ insert 
        into
            shop_details
            (shop_address, shop_latitude, shop_longitude, shop_name, shop_pincode, shop_id) 
        values
            (?, ?, ?, ?, ?, ?)
2017-07-09 21:37:15,259 | INFO  | (GeoLocationAppDataAccessService.java:create:62) |  | In GeoLocationAppDataAccessService:create : After calling Database Operation : endTime : 1499616435259 : Total time taken : 10 
2017-07-09 21:37:15,260 | INFO  | (GeoLocationAppDataAccessService.java:create:63) |  | In GeoLocationAppDataAccessService:create : Created Enitty into database : ShopDetails [shopId=1, shopName=Test_Name_1, shopAddress=Test_Address_1, shopPincode=700078, shopLatitude=null, shopLongitude=null] 
2017-07-09 21:37:15,261 | INFO  | (GeoLocationAppTransanctionLogServiceImpl.java:populateShopCoordinates:369) |  | In GeoLocationAppTransanctionLogServiceImpl:populateShopCoordinates : Starts Executing : with : geoLocationAppRequest : GeoLocationAppRequest [shopId=1, shopName=Test_Name_1, shopAddress=Test_Address_1, shopPincode=700078, shopLatitude=null, shopLongitude=null, distance=null, errorCode=null, errorMessage=null] 
2017-07-09 21:37:15,262 | INFO  | (GeoCodeClient.java:callGeoCodeApi:90) |  | In GeoLocationRestClient:callGeoCodeApi : Starts Executing : with : geoLocationAppRequest : GeoLocationAppRequest [shopId=1, shopName=Test_Name_1, shopAddress=Test_Address_1, shopPincode=700078, shopLatitude=null, shopLongitude=null, distance=null, errorCode=null, errorMessage=null] 
2017-07-09 21:37:15,278 | INFO  | (GeoCodeClient.java:callGeoCodeApi:110) |  | In GeoLocationRestClient:callGeoCodeApi : Completes Execution : Toatl Time Taken : 0 
2017-07-09 21:37:15,279 | INFO  | (GeoLocationAppTransanctionLogServiceImpl.java:populateShopCoordinates:400) |  | In GeoLocationAppTransanctionLogServiceImpl:populateShopCoordinates : Completes Execution : geoLocationAppRequest : GeoLocationAppRequest [shopId=1, shopName=Test_Name_1, shopAddress=Test_Address_1, shopPincode=700078, shopLatitude=null, shopLongitude=null, distance=null, errorCode=118, errorMessage=Something goes wrong. Latitude and Longitude are not updated. Please try later to update!] 
2017-07-09 21:37:15,279 | INFO  | (GeoLocationAppTransanctionLogServiceImpl.java:updateShop:242) |  | In GeoLocationAppTransanctionLogServiceImpl:updateShop : Starts Executing 
2017-07-09 21:37:15,280 | INFO  | (GeoLocationAppDataAccessService.java:update:110) |  | In GeoLocationAppDataAccessService:update : entity : ShopDetails [shopId=1, shopName=Test_Name_1, shopAddress=Test_Address_1, shopPincode=700078, shopLatitude=null, shopLongitude=null] 
2017-07-09 21:37:15,281 | INFO  | (GeoLocationAppDataAccessService.java:update:118) |  | In GeoLocationAppDataAccessService:update : Before calling Database Operation : startTime : 1499616435281 
2017-07-09 21:37:15,282 | INFO  | (GeoLocationAppDataAccessService.java:update:125) |  | In GeoLocationAppDataAccessService:update : After calling Database Operation : endTime : 1499616435282 : Total time taken : 1 
2017-07-09 21:37:15,283 | INFO  | (GeoLocationAppDataAccessService.java:update:126) |  | In GeoLocationAppDataAccessService:update : Updated Enitty from database : ShopDetails [shopId=1, shopName=Test_Name_1, shopAddress=Test_Address_1, shopPincode=700078, shopLatitude=null, shopLongitude=null] 
2017-07-09 21:37:15,284 | INFO  | (GeoLocationAppTransanctionLogServiceImpl.java:updateShop:260) |  | In GeoLocationAppTransanctionLogServiceImpl:updateShop : Completes Execution : updateShopFlag : true 
2017-07-09 21:37:15,285 | INFO  | (GeoLocationAppTransanctionLogServiceImpl.java:addShop:229) |  | In GeoLocationAppTransanctionLogServiceImpl:addShop : Completes Execution : addShopResponseMap : {currentVesrion=GeoLocationAppRequest [shopId=1, shopName=Test_Name_1, shopAddress=Test_Address_1, shopPincode=700078, shopLatitude=null, shopLongitude=null, distance=null, errorCode=118, errorMessage=Something goes wrong. Latitude and Longitude are not updated. Please try later to update!]} 
2017-07-09 21:37:15,286 | INFO  | (GeoLocationAppController.java:addShop:181) |  | In GeoLocationAppController:createAddress : Completes Execution : Toatl Time Taken : 104 
2017-07-09 21:37:15,289 | INFO  | (GeoLocationAppTransanctionLogServiceImpl.java:updateTransanctionLog:132) |  | In GeoLocationAppTransanctionLogServiceImpl:updateTransanctionLog : Starts Executing 
2017-07-09 21:37:15,290 | INFO  | (GeoLocationAppDataAccessService.java:find:78) |  | In GeoLocationAppDataAccessService:find : id : 0236c4e7-ff05-4dca-a9dc-8ec5f22eae53 
2017-07-09 21:37:15,291 | INFO  | (GeoLocationAppDataAccessService.java:find:86) |  | In GeoLocationAppDataAccessService:find : Before calling Database Operation : startTime : 1499616435291 
2017-07-09 21:37:15,291 | INFO  | (GeoLocationAppDataAccessService.java:find:93) |  | In GeoLocationAppDataAccessService:find : After calling Database Operation : endTime : 1499616435291 : Total time taken : 0 
2017-07-09 21:37:15,292 | INFO  | (GeoLocationAppDataAccessService.java:find:94) |  | In GeoLocationAppDataAccessService:find : Finded Enitty from database : TransactionLog [uniqueLogId=0236c4e7-ff05-4dca-a9dc-8ec5f22eae53, emailId=samok.sinha@gmail.com, apiKey=eyJhbGciOiJIUzI1NiJ9.eyJzdWIiOiJzYW1vay5zaW5oYUBnbWFpbC5jb20iLCJUb2tlblR5cGUiOiJBUElfS0VZIiwiZW1haWxpZCI6InNhbW9rLnNpbmhhQGdtYWlsLmNvbSIsImV4cCI6MTQ5OTYyMzYzNCwiaWF0IjoxNDk5NjE2NDM0LCJqdGkiOiI1ZDE3MDBiZi01YmMwLTRmOGQtYjY4Ny1kYzIxNTAwMTUyMzkifQ.Z9m6hKkgoGMswd-l1CphqJpB5MGTfVxMDvyrpZF0ln8, tokenType=API_KEY, requestType=post, operationName=addShop, requestTime=2017-07-09 21:37:15, requestBody={"shopName":"Test_Name_1","shopAddress":"Test_Address_1","shopPincode":700078}, responseTime=null, responseBody=null, clientIp=127.0.0.1] 
2017-07-09 21:37:15,293 | INFO  | (GeoLocationAppTransanctionLogServiceImpl.java:updateTransanctionLog:141) |  | In GeoLocationAppTransanctionLogServiceImpl:updateTransanctionLog : Before Update :transactionLog : TransactionLog [uniqueLogId=0236c4e7-ff05-4dca-a9dc-8ec5f22eae53, emailId=samok.sinha@gmail.com, apiKey=eyJhbGciOiJIUzI1NiJ9.eyJzdWIiOiJzYW1vay5zaW5oYUBnbWFpbC5jb20iLCJUb2tlblR5cGUiOiJBUElfS0VZIiwiZW1haWxpZCI6InNhbW9rLnNpbmhhQGdtYWlsLmNvbSIsImV4cCI6MTQ5OTYyMzYzNCwiaWF0IjoxNDk5NjE2NDM0LCJqdGkiOiI1ZDE3MDBiZi01YmMwLTRmOGQtYjY4Ny1kYzIxNTAwMTUyMzkifQ.Z9m6hKkgoGMswd-l1CphqJpB5MGTfVxMDvyrpZF0ln8, tokenType=API_KEY, requestType=post, operationName=addShop, requestTime=2017-07-09 21:37:15, requestBody={"shopName":"Test_Name_1","shopAddress":"Test_Address_1","shopPincode":700078}, responseTime=2017-07-09 21:37:15, responseBody={"status":"Success","response":{"currentVesrion":{"shopId":1,"shopName":"Test_Name_1","shopAddress":"Test_Address_1","shopPincode":700078,"geoApiErrorCode":"118","geoApiErrorMessage":"Something goes wrong. Latitude and Longitude are not updated. Please try later to update!"}}}, clientIp=127.0.0.1] 
2017-07-09 21:37:15,293 | INFO  | (GeoLocationAppDataAccessService.java:update:110) |  | In GeoLocationAppDataAccessService:update : entity : TransactionLog [uniqueLogId=0236c4e7-ff05-4dca-a9dc-8ec5f22eae53, emailId=samok.sinha@gmail.com, apiKey=eyJhbGciOiJIUzI1NiJ9.eyJzdWIiOiJzYW1vay5zaW5oYUBnbWFpbC5jb20iLCJUb2tlblR5cGUiOiJBUElfS0VZIiwiZW1haWxpZCI6InNhbW9rLnNpbmhhQGdtYWlsLmNvbSIsImV4cCI6MTQ5OTYyMzYzNCwiaWF0IjoxNDk5NjE2NDM0LCJqdGkiOiI1ZDE3MDBiZi01YmMwLTRmOGQtYjY4Ny1kYzIxNTAwMTUyMzkifQ.Z9m6hKkgoGMswd-l1CphqJpB5MGTfVxMDvyrpZF0ln8, tokenType=API_KEY, requestType=post, operationName=addShop, requestTime=2017-07-09 21:37:15, requestBody={"shopName":"Test_Name_1","shopAddress":"Test_Address_1","shopPincode":700078}, responseTime=2017-07-09 21:37:15, responseBody={"status":"Success","response":{"currentVesrion":{"shopId":1,"shopName":"Test_Name_1","shopAddress":"Test_Address_1","shopPincode":700078,"geoApiErrorCode":"118","geoApiErrorMessage":"Something goes wrong. Latitude and Longitude are not updated. Please try later to update!"}}}, clientIp=127.0.0.1] 
2017-07-09 21:37:15,295 | INFO  | (GeoLocationAppDataAccessService.java:update:118) |  | In GeoLocationAppDataAccessService:update : Before calling Database Operation : startTime : 1499616435295 
2017-07-09 21:37:15,296 | INFO  | (GeoLocationAppDataAccessService.java:update:125) |  | In GeoLocationAppDataAccessService:update : After calling Database Operation : endTime : 1499616435296 : Total time taken : 1 
2017-07-09 21:37:15,296 | INFO  | (GeoLocationAppDataAccessService.java:update:126) |  | In GeoLocationAppDataAccessService:update : Updated Enitty from database : TransactionLog [uniqueLogId=0236c4e7-ff05-4dca-a9dc-8ec5f22eae53, emailId=samok.sinha@gmail.com, apiKey=eyJhbGciOiJIUzI1NiJ9.eyJzdWIiOiJzYW1vay5zaW5oYUBnbWFpbC5jb20iLCJUb2tlblR5cGUiOiJBUElfS0VZIiwiZW1haWxpZCI6InNhbW9rLnNpbmhhQGdtYWlsLmNvbSIsImV4cCI6MTQ5OTYyMzYzNCwiaWF0IjoxNDk5NjE2NDM0LCJqdGkiOiI1ZDE3MDBiZi01YmMwLTRmOGQtYjY4Ny1kYzIxNTAwMTUyMzkifQ.Z9m6hKkgoGMswd-l1CphqJpB5MGTfVxMDvyrpZF0ln8, tokenType=API_KEY, requestType=post, operationName=addShop, requestTime=2017-07-09 21:37:15, requestBody={"shopName":"Test_Name_1","shopAddress":"Test_Address_1","shopPincode":700078}, responseTime=2017-07-09 21:37:15, responseBody={"status":"Success","response":{"currentVesrion":{"shopId":1,"shopName":"Test_Name_1","shopAddress":"Test_Address_1","shopPincode":700078,"geoApiErrorCode":"118","geoApiErrorMessage":"Something goes wrong. Latitude and Longitude are not updated. Please try later to update!"}}}, clientIp=127.0.0.1] 
Hibernate: 
    /* update
        com.sam.geolocationapp.entities.TransactionLog */ update
            transanction_log 
        set
            api_key=?,
            client_ip=?,
            email_id=?,
            operation_name=?,
            request_body=?,
            request_time=?,
            request_type=?,
            response_body=?,
            response_time=?,
            token_type=? 
        where
            unique_log_id=?
2017-07-09 21:37:15,299 | INFO  | (GeoLocationAppTransanctionLogServiceImpl.java:updateTransanctionLog:143) |  | In GeoLocationAppTransanctionLogServiceImpl:updateTransanctionLog : After Update :transactionLog : TransactionLog [uniqueLogId=0236c4e7-ff05-4dca-a9dc-8ec5f22eae53, emailId=samok.sinha@gmail.com, apiKey=eyJhbGciOiJIUzI1NiJ9.eyJzdWIiOiJzYW1vay5zaW5oYUBnbWFpbC5jb20iLCJUb2tlblR5cGUiOiJBUElfS0VZIiwiZW1haWxpZCI6InNhbW9rLnNpbmhhQGdtYWlsLmNvbSIsImV4cCI6MTQ5OTYyMzYzNCwiaWF0IjoxNDk5NjE2NDM0LCJqdGkiOiI1ZDE3MDBiZi01YmMwLTRmOGQtYjY4Ny1kYzIxNTAwMTUyMzkifQ.Z9m6hKkgoGMswd-l1CphqJpB5MGTfVxMDvyrpZF0ln8, tokenType=API_KEY, requestType=post, operationName=addShop, requestTime=2017-07-09 21:37:15, requestBody={"shopName":"Test_Name_1","shopAddress":"Test_Address_1","shopPincode":700078}, responseTime=2017-07-09 21:37:15, responseBody={"status":"Success","response":{"currentVesrion":{"shopId":1,"shopName":"Test_Name_1","shopAddress":"Test_Address_1","shopPincode":700078,"geoApiErrorCode":"118","geoApiErrorMessage":"Something goes wrong. Latitude and Longitude are not updated. Please try later to update!"}}}, clientIp=127.0.0.1] 
2017-07-09 21:37:15,300 | INFO  | (GeoLocationAppTransanctionLogServiceImpl.java:updateTransanctionLog:150) |  | In GeoLocationAppTransanctionLogServiceImpl:updateTransanctionLog : Completes Execution : updateToDbFlag : true 
2017-07-09 21:37:15,310 | INFO  | (GeoLocationAddShopTest.java:addShop:90) |  | In GeoLocationControllerTest:addShop : geoLocationAppResponseString : {"status":"Success","response":{"currentVesrion":{"shopId":1,"shopName":"Test_Name_1","shopAddress":"Test_Address_1","shopPincode":700078,"geoApiErrorCode":"118","geoApiErrorMessage":"Something goes wrong. Latitude and Longitude are not updated. Please try later to update!"}}} 
2017-07-09 21:37:15,311 | INFO  | (GeoLocationAddShopTest.java:addShop:91) |  | In GeoLocationControllerTest:addShop : Status : 200 
2017-07-09 21:37:15,329 | INFO  | (GeoLocationAppTransanctionLogServiceImpl.java:insertTransanctionLog:94) |  | In GeoLocationAppTransanctionLogServiceImpl:insertTransanctionLog : Starts Executing 
2017-07-09 21:37:15,329 | INFO  | (GeoLocationAppTransanctionLogServiceImpl.java:insertTransanctionLog:110) |  | In GeoLocationAppTransanctionLogServiceImpl:insertTransanctionLog : Before Insert :transactionLog : TransactionLog [uniqueLogId=9f94611a-0c41-4e7b-aeb2-388372e13172, emailId=samok.sinha@gmail.com, apiKey=eyJhbGciOiJIUzI1NiJ9.eyJzdWIiOiJzYW1vay5zaW5oYUBnbWFpbC5jb20iLCJUb2tlblR5cGUiOiJBUElfS0VZIiwiZW1haWxpZCI6InNhbW9rLnNpbmhhQGdtYWlsLmNvbSIsImV4cCI6MTQ5OTYyMzYzNCwiaWF0IjoxNDk5NjE2NDM0LCJqdGkiOiI1ZDE3MDBiZi01YmMwLTRmOGQtYjY4Ny1kYzIxNTAwMTUyMzkifQ.Z9m6hKkgoGMswd-l1CphqJpB5MGTfVxMDvyrpZF0ln8, tokenType=API_KEY, requestType=post, operationName=addShop, requestTime=2017-07-09 21:37:15, requestBody={"shopName":"Test_Name_2","shopAddress":"Test_Address_1","shopPincode":700048}, responseTime=null, responseBody=null, clientIp=127.0.0.1] 
2017-07-09 21:37:15,330 | INFO  | (GeoLocationAppDataAccessService.java:create:48) |  | In GeoLocationAppDataAccessService:create : entity : TransactionLog [uniqueLogId=9f94611a-0c41-4e7b-aeb2-388372e13172, emailId=samok.sinha@gmail.com, apiKey=eyJhbGciOiJIUzI1NiJ9.eyJzdWIiOiJzYW1vay5zaW5oYUBnbWFpbC5jb20iLCJUb2tlblR5cGUiOiJBUElfS0VZIiwiZW1haWxpZCI6InNhbW9rLnNpbmhhQGdtYWlsLmNvbSIsImV4cCI6MTQ5OTYyMzYzNCwiaWF0IjoxNDk5NjE2NDM0LCJqdGkiOiI1ZDE3MDBiZi01YmMwLTRmOGQtYjY4Ny1kYzIxNTAwMTUyMzkifQ.Z9m6hKkgoGMswd-l1CphqJpB5MGTfVxMDvyrpZF0ln8, tokenType=API_KEY, requestType=post, operationName=addShop, requestTime=2017-07-09 21:37:15, requestBody={"shopName":"Test_Name_2","shopAddress":"Test_Address_1","shopPincode":700048}, responseTime=null, responseBody=null, clientIp=127.0.0.1] 
2017-07-09 21:37:15,331 | INFO  | (GeoLocationAppDataAccessService.java:create:54) |  | In GeoLocationAppDataAccessService:create : Before calling Database Operation : startTime : 1499616435331 
Hibernate: 
    /* insert com.sam.geolocationapp.entities.TransactionLog
        */ insert 
        into
            transanction_log
            (api_key, client_ip, email_id, operation_name, request_body, request_time, request_type, response_body, response_time, token_type, unique_log_id) 
        values
            (?, ?, ?, ?, ?, ?, ?, ?, ?, ?, ?)
2017-07-09 21:37:15,334 | INFO  | (GeoLocationAppDataAccessService.java:create:62) |  | In GeoLocationAppDataAccessService:create : After calling Database Operation : endTime : 1499616435334 : Total time taken : 3 
2017-07-09 21:37:15,335 | INFO  | (GeoLocationAppDataAccessService.java:create:63) |  | In GeoLocationAppDataAccessService:create : Created Enitty into database : TransactionLog [uniqueLogId=9f94611a-0c41-4e7b-aeb2-388372e13172, emailId=samok.sinha@gmail.com, apiKey=eyJhbGciOiJIUzI1NiJ9.eyJzdWIiOiJzYW1vay5zaW5oYUBnbWFpbC5jb20iLCJUb2tlblR5cGUiOiJBUElfS0VZIiwiZW1haWxpZCI6InNhbW9rLnNpbmhhQGdtYWlsLmNvbSIsImV4cCI6MTQ5OTYyMzYzNCwiaWF0IjoxNDk5NjE2NDM0LCJqdGkiOiI1ZDE3MDBiZi01YmMwLTRmOGQtYjY4Ny1kYzIxNTAwMTUyMzkifQ.Z9m6hKkgoGMswd-l1CphqJpB5MGTfVxMDvyrpZF0ln8, tokenType=API_KEY, requestType=post, operationName=addShop, requestTime=2017-07-09 21:37:15, requestBody={"shopName":"Test_Name_2","shopAddress":"Test_Address_1","shopPincode":700048}, responseTime=null, responseBody=null, clientIp=127.0.0.1] 
2017-07-09 21:37:15,337 | INFO  | (GeoLocationAppTransanctionLogServiceImpl.java:insertTransanctionLog:117) |  | In GeoLocationAppTransanctionLogServiceImpl:insertTransanctionLog : Completes Execution : true 
2017-07-09 21:37:15,338 | INFO  | (GeoLocationAppController.java:addShop:144) |  | In GeoLocationAppController:createAddress : Starts Executing 
2017-07-09 21:37:15,338 | INFO  | (GeoLocationAppController.java:addShop:153) |  | In GeoLocationAppController:createAddress : httpHeadersMap{accept=application/json, application/json, application/*+json, application/*+json, authorization=Bearer eyJhbGciOiJIUzI1NiJ9.eyJzdWIiOiJzYW1vay5zaW5oYUBnbWFpbC5jb20iLCJUb2tlblR5cGUiOiJBUElfS0VZIiwiZW1haWxpZCI6InNhbW9rLnNpbmhhQGdtYWlsLmNvbSIsImV4cCI6MTQ5OTYyMzYzNCwiaWF0IjoxNDk5NjE2NDM0LCJqdGkiOiI1ZDE3MDBiZi01YmMwLTRmOGQtYjY4Ny1kYzIxNTAwMTUyMzkifQ.Z9m6hKkgoGMswd-l1CphqJpB5MGTfVxMDvyrpZF0ln8, content-type=application/json, content-length=78, host=localhost:64776, connection=Keep-Alive, accept-encoding=gzip, user-agent=okhttp/2.7.5} 
2017-07-09 21:37:15,339 | INFO  | (GeoLocationAppTransanctionLogServiceImpl.java:addShop:164) |  | In GeoLocationAppTransanctionLogServiceImpl:addShop : Starts Executing 
2017-07-09 21:37:15,339 | INFO  | (GeoLocationAppTransanctionLogServiceImpl.java:findShop:274) |  | In GeoLocationAppTransanctionLogServiceImpl:findShop : Starts Executing 
2017-07-09 21:37:15,340 | INFO  | (GeoLocationAppDataAccessService.java:findShopByPin:156) |  | In GeoLocationAppDataAccessService:findShopByPin : Before calling Database Operation : startTime : 1499616435340 
Hibernate: 
    /* dynamic native SQL query */ select
        * 
    from
        shop_details 
    where
        shop_pincode = ?
2017-07-09 21:37:15,341 | INFO  | (GeoLocationAppDataAccessService.java:findShopByPin:166) |  | In GeoLocationAppDataAccessService:findShopByPin : After calling Database Operation : endTime : 1499616435341 : Total time taken : 1 
2017-07-09 21:37:15,342 | INFO  | (GeoLocationAppTransanctionLogServiceImpl.java:findShop:308) |  | In GeoLocationAppTransanctionLogServiceImpl:findShop : Completes Execution : shopDetails : null 
2017-07-09 21:37:15,343 | INFO  | (GeoLocationAppDataAccessService.java:create:48) |  | In GeoLocationAppDataAccessService:create : entity : ShopDetails [shopId=null, shopName=Test_Name_2, shopAddress=Test_Address_1, shopPincode=700048, shopLatitude=null, shopLongitude=null] 
2017-07-09 21:37:15,344 | INFO  | (GeoLocationAppDataAccessService.java:create:54) |  | In GeoLocationAppDataAccessService:create : Before calling Database Operation : startTime : 1499616435344 
Hibernate: 
    call next value for hibernate_sequence
Hibernate: 
    /* insert com.sam.geolocationapp.entities.ShopDetails
        */ insert 
        into
            shop_details
            (shop_address, shop_latitude, shop_longitude, shop_name, shop_pincode, shop_id) 
        values
            (?, ?, ?, ?, ?, ?)
2017-07-09 21:37:15,349 | INFO  | (GeoLocationAppDataAccessService.java:create:62) |  | In GeoLocationAppDataAccessService:create : After calling Database Operation : endTime : 1499616435349 : Total time taken : 5 
2017-07-09 21:37:15,350 | INFO  | (GeoLocationAppDataAccessService.java:create:63) |  | In GeoLocationAppDataAccessService:create : Created Enitty into database : ShopDetails [shopId=2, shopName=Test_Name_2, shopAddress=Test_Address_1, shopPincode=700048, shopLatitude=null, shopLongitude=null] 
2017-07-09 21:37:15,351 | INFO  | (GeoLocationAppTransanctionLogServiceImpl.java:populateShopCoordinates:369) |  | In GeoLocationAppTransanctionLogServiceImpl:populateShopCoordinates : Starts Executing : with : geoLocationAppRequest : GeoLocationAppRequest [shopId=2, shopName=Test_Name_2, shopAddress=Test_Address_1, shopPincode=700048, shopLatitude=null, shopLongitude=null, distance=null, errorCode=null, errorMessage=null] 
2017-07-09 21:37:15,351 | INFO  | (GeoCodeClient.java:callGeoCodeApi:90) |  | In GeoLocationRestClient:callGeoCodeApi : Starts Executing : with : geoLocationAppRequest : GeoLocationAppRequest [shopId=2, shopName=Test_Name_2, shopAddress=Test_Address_1, shopPincode=700048, shopLatitude=null, shopLongitude=null, distance=null, errorCode=null, errorMessage=null] 
2017-07-09 21:37:15,353 | INFO  | (GeoCodeClient.java:callGeoCodeApi:110) |  | In GeoLocationRestClient:callGeoCodeApi : Completes Execution : Toatl Time Taken : 0 
2017-07-09 21:37:15,354 | INFO  | (GeoLocationAppTransanctionLogServiceImpl.java:populateShopCoordinates:400) |  | In GeoLocationAppTransanctionLogServiceImpl:populateShopCoordinates : Completes Execution : geoLocationAppRequest : GeoLocationAppRequest [shopId=2, shopName=Test_Name_2, shopAddress=Test_Address_1, shopPincode=700048, shopLatitude=null, shopLongitude=null, distance=null, errorCode=118, errorMessage=Something goes wrong. Latitude and Longitude are not updated. Please try later to update!] 
2017-07-09 21:37:15,355 | INFO  | (GeoLocationAppTransanctionLogServiceImpl.java:updateShop:242) |  | In GeoLocationAppTransanctionLogServiceImpl:updateShop : Starts Executing 
2017-07-09 21:37:15,358 | INFO  | (GeoLocationAppDataAccessService.java:update:110) |  | In GeoLocationAppDataAccessService:update : entity : ShopDetails [shopId=2, shopName=Test_Name_2, shopAddress=Test_Address_1, shopPincode=700048, shopLatitude=null, shopLongitude=null] 
2017-07-09 21:37:15,358 | INFO  | (GeoLocationAppDataAccessService.java:update:118) |  | In GeoLocationAppDataAccessService:update : Before calling Database Operation : startTime : 1499616435358 
2017-07-09 21:37:15,359 | INFO  | (GeoLocationAppDataAccessService.java:update:125) |  | In GeoLocationAppDataAccessService:update : After calling Database Operation : endTime : 1499616435359 : Total time taken : 1 
2017-07-09 21:37:15,360 | INFO  | (GeoLocationAppDataAccessService.java:update:126) |  | In GeoLocationAppDataAccessService:update : Updated Enitty from database : ShopDetails [shopId=2, shopName=Test_Name_2, shopAddress=Test_Address_1, shopPincode=700048, shopLatitude=null, shopLongitude=null] 
2017-07-09 21:37:15,361 | INFO  | (GeoLocationAppTransanctionLogServiceImpl.java:updateShop:260) |  | In GeoLocationAppTransanctionLogServiceImpl:updateShop : Completes Execution : updateShopFlag : true 
2017-07-09 21:37:15,361 | INFO  | (GeoLocationAppTransanctionLogServiceImpl.java:addShop:229) |  | In GeoLocationAppTransanctionLogServiceImpl:addShop : Completes Execution : addShopResponseMap : {currentVesrion=GeoLocationAppRequest [shopId=2, shopName=Test_Name_2, shopAddress=Test_Address_1, shopPincode=700048, shopLatitude=null, shopLongitude=null, distance=null, errorCode=118, errorMessage=Something goes wrong. Latitude and Longitude are not updated. Please try later to update!]} 
2017-07-09 21:37:15,361 | INFO  | (GeoLocationAppController.java:addShop:181) |  | In GeoLocationAppController:createAddress : Completes Execution : Toatl Time Taken : 23 
2017-07-09 21:37:15,366 | INFO  | (GeoLocationAppTransanctionLogServiceImpl.java:updateTransanctionLog:132) |  | In GeoLocationAppTransanctionLogServiceImpl:updateTransanctionLog : Starts Executing 
2017-07-09 21:37:15,367 | INFO  | (GeoLocationAppDataAccessService.java:find:78) |  | In GeoLocationAppDataAccessService:find : id : 9f94611a-0c41-4e7b-aeb2-388372e13172 
2017-07-09 21:37:15,368 | INFO  | (GeoLocationAppDataAccessService.java:find:86) |  | In GeoLocationAppDataAccessService:find : Before calling Database Operation : startTime : 1499616435368 
2017-07-09 21:37:15,368 | INFO  | (GeoLocationAppDataAccessService.java:find:93) |  | In GeoLocationAppDataAccessService:find : After calling Database Operation : endTime : 1499616435368 : Total time taken : 0 
2017-07-09 21:37:15,369 | INFO  | (GeoLocationAppDataAccessService.java:find:94) |  | In GeoLocationAppDataAccessService:find : Finded Enitty from database : TransactionLog [uniqueLogId=9f94611a-0c41-4e7b-aeb2-388372e13172, emailId=samok.sinha@gmail.com, apiKey=eyJhbGciOiJIUzI1NiJ9.eyJzdWIiOiJzYW1vay5zaW5oYUBnbWFpbC5jb20iLCJUb2tlblR5cGUiOiJBUElfS0VZIiwiZW1haWxpZCI6InNhbW9rLnNpbmhhQGdtYWlsLmNvbSIsImV4cCI6MTQ5OTYyMzYzNCwiaWF0IjoxNDk5NjE2NDM0LCJqdGkiOiI1ZDE3MDBiZi01YmMwLTRmOGQtYjY4Ny1kYzIxNTAwMTUyMzkifQ.Z9m6hKkgoGMswd-l1CphqJpB5MGTfVxMDvyrpZF0ln8, tokenType=API_KEY, requestType=post, operationName=addShop, requestTime=2017-07-09 21:37:15, requestBody={"shopName":"Test_Name_2","shopAddress":"Test_Address_1","shopPincode":700048}, responseTime=null, responseBody=null, clientIp=127.0.0.1] 
2017-07-09 21:37:15,370 | INFO  | (GeoLocationAppTransanctionLogServiceImpl.java:updateTransanctionLog:141) |  | In GeoLocationAppTransanctionLogServiceImpl:updateTransanctionLog : Before Update :transactionLog : TransactionLog [uniqueLogId=9f94611a-0c41-4e7b-aeb2-388372e13172, emailId=samok.sinha@gmail.com, apiKey=eyJhbGciOiJIUzI1NiJ9.eyJzdWIiOiJzYW1vay5zaW5oYUBnbWFpbC5jb20iLCJUb2tlblR5cGUiOiJBUElfS0VZIiwiZW1haWxpZCI6InNhbW9rLnNpbmhhQGdtYWlsLmNvbSIsImV4cCI6MTQ5OTYyMzYzNCwiaWF0IjoxNDk5NjE2NDM0LCJqdGkiOiI1ZDE3MDBiZi01YmMwLTRmOGQtYjY4Ny1kYzIxNTAwMTUyMzkifQ.Z9m6hKkgoGMswd-l1CphqJpB5MGTfVxMDvyrpZF0ln8, tokenType=API_KEY, requestType=post, operationName=addShop, requestTime=2017-07-09 21:37:15, requestBody={"shopName":"Test_Name_2","shopAddress":"Test_Address_1","shopPincode":700048}, responseTime=2017-07-09 21:37:15, responseBody={"status":"Success","response":{"currentVesrion":{"shopId":2,"shopName":"Test_Name_2","shopAddress":"Test_Address_1","shopPincode":700048,"geoApiErrorCode":"118","geoApiErrorMessage":"Something goes wrong. Latitude and Longitude are not updated. Please try later to update!"}}}, clientIp=127.0.0.1] 
2017-07-09 21:37:15,371 | INFO  | (GeoLocationAppDataAccessService.java:update:110) |  | In GeoLocationAppDataAccessService:update : entity : TransactionLog [uniqueLogId=9f94611a-0c41-4e7b-aeb2-388372e13172, emailId=samok.sinha@gmail.com, apiKey=eyJhbGciOiJIUzI1NiJ9.eyJzdWIiOiJzYW1vay5zaW5oYUBnbWFpbC5jb20iLCJUb2tlblR5cGUiOiJBUElfS0VZIiwiZW1haWxpZCI6InNhbW9rLnNpbmhhQGdtYWlsLmNvbSIsImV4cCI6MTQ5OTYyMzYzNCwiaWF0IjoxNDk5NjE2NDM0LCJqdGkiOiI1ZDE3MDBiZi01YmMwLTRmOGQtYjY4Ny1kYzIxNTAwMTUyMzkifQ.Z9m6hKkgoGMswd-l1CphqJpB5MGTfVxMDvyrpZF0ln8, tokenType=API_KEY, requestType=post, operationName=addShop, requestTime=2017-07-09 21:37:15, requestBody={"shopName":"Test_Name_2","shopAddress":"Test_Address_1","shopPincode":700048}, responseTime=2017-07-09 21:37:15, responseBody={"status":"Success","response":{"currentVesrion":{"shopId":2,"shopName":"Test_Name_2","shopAddress":"Test_Address_1","shopPincode":700048,"geoApiErrorCode":"118","geoApiErrorMessage":"Something goes wrong. Latitude and Longitude are not updated. Please try later to update!"}}}, clientIp=127.0.0.1] 
2017-07-09 21:37:15,371 | INFO  | (GeoLocationAppDataAccessService.java:update:118) |  | In GeoLocationAppDataAccessService:update : Before calling Database Operation : startTime : 1499616435371 
2017-07-09 21:37:15,372 | INFO  | (GeoLocationAppDataAccessService.java:update:125) |  | In GeoLocationAppDataAccessService:update : After calling Database Operation : endTime : 1499616435372 : Total time taken : 1 
2017-07-09 21:37:15,372 | INFO  | (GeoLocationAppDataAccessService.java:update:126) |  | In GeoLocationAppDataAccessService:update : Updated Enitty from database : TransactionLog [uniqueLogId=9f94611a-0c41-4e7b-aeb2-388372e13172, emailId=samok.sinha@gmail.com, apiKey=eyJhbGciOiJIUzI1NiJ9.eyJzdWIiOiJzYW1vay5zaW5oYUBnbWFpbC5jb20iLCJUb2tlblR5cGUiOiJBUElfS0VZIiwiZW1haWxpZCI6InNhbW9rLnNpbmhhQGdtYWlsLmNvbSIsImV4cCI6MTQ5OTYyMzYzNCwiaWF0IjoxNDk5NjE2NDM0LCJqdGkiOiI1ZDE3MDBiZi01YmMwLTRmOGQtYjY4Ny1kYzIxNTAwMTUyMzkifQ.Z9m6hKkgoGMswd-l1CphqJpB5MGTfVxMDvyrpZF0ln8, tokenType=API_KEY, requestType=post, operationName=addShop, requestTime=2017-07-09 21:37:15, requestBody={"shopName":"Test_Name_2","shopAddress":"Test_Address_1","shopPincode":700048}, responseTime=2017-07-09 21:37:15, responseBody={"status":"Success","response":{"currentVesrion":{"shopId":2,"shopName":"Test_Name_2","shopAddress":"Test_Address_1","shopPincode":700048,"geoApiErrorCode":"118","geoApiErrorMessage":"Something goes wrong. Latitude and Longitude are not updated. Please try later to update!"}}}, clientIp=127.0.0.1] 
Hibernate: 
    /* update
        com.sam.geolocationapp.entities.TransactionLog */ update
            transanction_log 
        set
            api_key=?,
            client_ip=?,
            email_id=?,
            operation_name=?,
            request_body=?,
            request_time=?,
            request_type=?,
            response_body=?,
            response_time=?,
            token_type=? 
        where
            unique_log_id=?
2017-07-09 21:37:15,375 | INFO  | (GeoLocationAppTransanctionLogServiceImpl.java:updateTransanctionLog:143) |  | In GeoLocationAppTransanctionLogServiceImpl:updateTransanctionLog : After Update :transactionLog : TransactionLog [uniqueLogId=9f94611a-0c41-4e7b-aeb2-388372e13172, emailId=samok.sinha@gmail.com, apiKey=eyJhbGciOiJIUzI1NiJ9.eyJzdWIiOiJzYW1vay5zaW5oYUBnbWFpbC5jb20iLCJUb2tlblR5cGUiOiJBUElfS0VZIiwiZW1haWxpZCI6InNhbW9rLnNpbmhhQGdtYWlsLmNvbSIsImV4cCI6MTQ5OTYyMzYzNCwiaWF0IjoxNDk5NjE2NDM0LCJqdGkiOiI1ZDE3MDBiZi01YmMwLTRmOGQtYjY4Ny1kYzIxNTAwMTUyMzkifQ.Z9m6hKkgoGMswd-l1CphqJpB5MGTfVxMDvyrpZF0ln8, tokenType=API_KEY, requestType=post, operationName=addShop, requestTime=2017-07-09 21:37:15, requestBody={"shopName":"Test_Name_2","shopAddress":"Test_Address_1","shopPincode":700048}, responseTime=2017-07-09 21:37:15, responseBody={"status":"Success","response":{"currentVesrion":{"shopId":2,"shopName":"Test_Name_2","shopAddress":"Test_Address_1","shopPincode":700048,"geoApiErrorCode":"118","geoApiErrorMessage":"Something goes wrong. Latitude and Longitude are not updated. Please try later to update!"}}}, clientIp=127.0.0.1] 
2017-07-09 21:37:15,376 | INFO  | (GeoLocationAppTransanctionLogServiceImpl.java:updateTransanctionLog:150) |  | In GeoLocationAppTransanctionLogServiceImpl:updateTransanctionLog : Completes Execution : updateToDbFlag : true 
2017-07-09 21:37:15,380 | INFO  | (GeoLocationAddShopTest.java:addShop:103) |  | In GeoLocationControllerTest:addShop : geoLocationAppResponseString : {"status":"Success","response":{"currentVesrion":{"shopId":2,"shopName":"Test_Name_2","shopAddress":"Test_Address_1","shopPincode":700048,"geoApiErrorCode":"118","geoApiErrorMessage":"Something goes wrong. Latitude and Longitude are not updated. Please try later to update!"}}} 
2017-07-09 21:37:15,381 | INFO  | (GeoLocationAddShopTest.java:addShop:104) |  | In GeoLocationControllerTest:addShop : Status : 200 
2017-07-09 21:37:15,405 | INFO  | (GeoLocationAppTransanctionLogServiceImpl.java:insertTransanctionLog:94) |  | In GeoLocationAppTransanctionLogServiceImpl:insertTransanctionLog : Starts Executing 
2017-07-09 21:37:15,406 | INFO  | (GeoLocationAppTransanctionLogServiceImpl.java:insertTransanctionLog:110) |  | In GeoLocationAppTransanctionLogServiceImpl:insertTransanctionLog : Before Insert :transactionLog : TransactionLog [uniqueLogId=8ff1c47f-542f-4538-a35f-7e4867b3e721, emailId=samok.sinha@gmail.com, apiKey=eyJhbGciOiJIUzI1NiJ9.eyJzdWIiOiJzYW1vay5zaW5oYUBnbWFpbC5jb20iLCJUb2tlblR5cGUiOiJBUElfS0VZIiwiZW1haWxpZCI6InNhbW9rLnNpbmhhQGdtYWlsLmNvbSIsImV4cCI6MTQ5OTYyMzYzNCwiaWF0IjoxNDk5NjE2NDM0LCJqdGkiOiI1ZDE3MDBiZi01YmMwLTRmOGQtYjY4Ny1kYzIxNTAwMTUyMzkifQ.Z9m6hKkgoGMswd-l1CphqJpB5MGTfVxMDvyrpZF0ln8, tokenType=API_KEY, requestType=post, operationName=addShop, requestTime=2017-07-09 21:37:15, requestBody={"shopName":"Test_Name_1","shopAddress":"Test_Address_1","shopPincode":700078}, responseTime=null, responseBody=null, clientIp=127.0.0.1] 
2017-07-09 21:37:15,408 | INFO  | (GeoLocationAppDataAccessService.java:create:48) |  | In GeoLocationAppDataAccessService:create : entity : TransactionLog [uniqueLogId=8ff1c47f-542f-4538-a35f-7e4867b3e721, emailId=samok.sinha@gmail.com, apiKey=eyJhbGciOiJIUzI1NiJ9.eyJzdWIiOiJzYW1vay5zaW5oYUBnbWFpbC5jb20iLCJUb2tlblR5cGUiOiJBUElfS0VZIiwiZW1haWxpZCI6InNhbW9rLnNpbmhhQGdtYWlsLmNvbSIsImV4cCI6MTQ5OTYyMzYzNCwiaWF0IjoxNDk5NjE2NDM0LCJqdGkiOiI1ZDE3MDBiZi01YmMwLTRmOGQtYjY4Ny1kYzIxNTAwMTUyMzkifQ.Z9m6hKkgoGMswd-l1CphqJpB5MGTfVxMDvyrpZF0ln8, tokenType=API_KEY, requestType=post, operationName=addShop, requestTime=2017-07-09 21:37:15, requestBody={"shopName":"Test_Name_1","shopAddress":"Test_Address_1","shopPincode":700078}, responseTime=null, responseBody=null, clientIp=127.0.0.1] 
2017-07-09 21:37:15,409 | INFO  | (GeoLocationAppDataAccessService.java:create:54) |  | In GeoLocationAppDataAccessService:create : Before calling Database Operation : startTime : 1499616435408 
Hibernate: 
    /* insert com.sam.geolocationapp.entities.TransactionLog
        */ insert 
        into
            transanction_log
            (api_key, client_ip, email_id, operation_name, request_body, request_time, request_type, response_body, response_time, token_type, unique_log_id) 
        values
            (?, ?, ?, ?, ?, ?, ?, ?, ?, ?, ?)
2017-07-09 21:37:15,411 | INFO  | (GeoLocationAppDataAccessService.java:create:62) |  | In GeoLocationAppDataAccessService:create : After calling Database Operation : endTime : 1499616435411 : Total time taken : 3 
2017-07-09 21:37:15,412 | INFO  | (GeoLocationAppDataAccessService.java:create:63) |  | In GeoLocationAppDataAccessService:create : Created Enitty into database : TransactionLog [uniqueLogId=8ff1c47f-542f-4538-a35f-7e4867b3e721, emailId=samok.sinha@gmail.com, apiKey=eyJhbGciOiJIUzI1NiJ9.eyJzdWIiOiJzYW1vay5zaW5oYUBnbWFpbC5jb20iLCJUb2tlblR5cGUiOiJBUElfS0VZIiwiZW1haWxpZCI6InNhbW9rLnNpbmhhQGdtYWlsLmNvbSIsImV4cCI6MTQ5OTYyMzYzNCwiaWF0IjoxNDk5NjE2NDM0LCJqdGkiOiI1ZDE3MDBiZi01YmMwLTRmOGQtYjY4Ny1kYzIxNTAwMTUyMzkifQ.Z9m6hKkgoGMswd-l1CphqJpB5MGTfVxMDvyrpZF0ln8, tokenType=API_KEY, requestType=post, operationName=addShop, requestTime=2017-07-09 21:37:15, requestBody={"shopName":"Test_Name_1","shopAddress":"Test_Address_1","shopPincode":700078}, responseTime=null, responseBody=null, clientIp=127.0.0.1] 
2017-07-09 21:37:15,413 | INFO  | (GeoLocationAppTransanctionLogServiceImpl.java:insertTransanctionLog:117) |  | In GeoLocationAppTransanctionLogServiceImpl:insertTransanctionLog : Completes Execution : true 
2017-07-09 21:37:15,413 | INFO  | (GeoLocationAppController.java:addShop:144) |  | In GeoLocationAppController:createAddress : Starts Executing 
2017-07-09 21:37:15,414 | INFO  | (GeoLocationAppController.java:addShop:153) |  | In GeoLocationAppController:createAddress : httpHeadersMap{accept=application/json, application/json, application/*+json, application/*+json, authorization=Bearer eyJhbGciOiJIUzI1NiJ9.eyJzdWIiOiJzYW1vay5zaW5oYUBnbWFpbC5jb20iLCJUb2tlblR5cGUiOiJBUElfS0VZIiwiZW1haWxpZCI6InNhbW9rLnNpbmhhQGdtYWlsLmNvbSIsImV4cCI6MTQ5OTYyMzYzNCwiaWF0IjoxNDk5NjE2NDM0LCJqdGkiOiI1ZDE3MDBiZi01YmMwLTRmOGQtYjY4Ny1kYzIxNTAwMTUyMzkifQ.Z9m6hKkgoGMswd-l1CphqJpB5MGTfVxMDvyrpZF0ln8, content-type=application/json, content-length=78, host=localhost:64776, connection=Keep-Alive, accept-encoding=gzip, user-agent=okhttp/2.7.5} 
2017-07-09 21:37:15,414 | INFO  | (GeoLocationAppTransanctionLogServiceImpl.java:addShop:164) |  | In GeoLocationAppTransanctionLogServiceImpl:addShop : Starts Executing 
2017-07-09 21:37:15,414 | INFO  | (GeoLocationAppTransanctionLogServiceImpl.java:findShop:274) |  | In GeoLocationAppTransanctionLogServiceImpl:findShop : Starts Executing 
2017-07-09 21:37:15,415 | INFO  | (GeoLocationAppDataAccessService.java:findShopByPin:156) |  | In GeoLocationAppDataAccessService:findShopByPin : Before calling Database Operation : startTime : 1499616435415 
Hibernate: 
    /* dynamic native SQL query */ select
        * 
    from
        shop_details 
    where
        shop_pincode = ?
2017-07-09 21:37:15,424 | INFO  | (GeoLocationAppDataAccessService.java:findShopByPin:166) |  | In GeoLocationAppDataAccessService:findShopByPin : After calling Database Operation : endTime : 1499616435424 : Total time taken : 9 
2017-07-09 21:37:15,426 | INFO  | (GeoLocationAppTransanctionLogServiceImpl.java:findShop:308) |  | In GeoLocationAppTransanctionLogServiceImpl:findShop : Completes Execution : shopDetails : ShopDetails [shopId=1, shopName=Test_Name_1, shopAddress=Test_Address_1, shopPincode=700078, shopLatitude=null, shopLongitude=null] 
2017-07-09 21:37:15,427 | INFO  | (GeoLocationAppTransanctionLogServiceImpl.java:populateShopCoordinates:369) |  | In GeoLocationAppTransanctionLogServiceImpl:populateShopCoordinates : Starts Executing : with : geoLocationAppRequest : GeoLocationAppRequest [shopId=1, shopName=Test_Name_1, shopAddress=Test_Address_1, shopPincode=700078, shopLatitude=null, shopLongitude=null, distance=null, errorCode=null, errorMessage=null] 
2017-07-09 21:37:15,427 | INFO  | (GeoCodeClient.java:callGeoCodeApi:90) |  | In GeoLocationRestClient:callGeoCodeApi : Starts Executing : with : geoLocationAppRequest : GeoLocationAppRequest [shopId=1, shopName=Test_Name_1, shopAddress=Test_Address_1, shopPincode=700078, shopLatitude=null, shopLongitude=null, distance=null, errorCode=null, errorMessage=null] 
2017-07-09 21:37:15,427 | INFO  | (GeoCodeClient.java:callGeoCodeApi:110) |  | In GeoLocationRestClient:callGeoCodeApi : Completes Execution : Toatl Time Taken : 0 
2017-07-09 21:37:15,428 | INFO  | (GeoLocationAppTransanctionLogServiceImpl.java:populateShopCoordinates:400) |  | In GeoLocationAppTransanctionLogServiceImpl:populateShopCoordinates : Completes Execution : geoLocationAppRequest : GeoLocationAppRequest [shopId=1, shopName=Test_Name_1, shopAddress=Test_Address_1, shopPincode=700078, shopLatitude=null, shopLongitude=null, distance=null, errorCode=118, errorMessage=Something goes wrong. Latitude and Longitude are not updated. Please try later to update!] 
2017-07-09 21:37:15,428 | INFO  | (GeoLocationAppTransanctionLogServiceImpl.java:updateShop:242) |  | In GeoLocationAppTransanctionLogServiceImpl:updateShop : Starts Executing 
2017-07-09 21:37:15,429 | INFO  | (GeoLocationAppDataAccessService.java:update:110) |  | In GeoLocationAppDataAccessService:update : entity : ShopDetails [shopId=1, shopName=Test_Name_1, shopAddress=Test_Address_1, shopPincode=700078, shopLatitude=null, shopLongitude=null] 
2017-07-09 21:37:15,429 | INFO  | (GeoLocationAppDataAccessService.java:update:118) |  | In GeoLocationAppDataAccessService:update : Before calling Database Operation : startTime : 1499616435429 
2017-07-09 21:37:15,430 | INFO  | (GeoLocationAppDataAccessService.java:update:125) |  | In GeoLocationAppDataAccessService:update : After calling Database Operation : endTime : 1499616435430 : Total time taken : 1 
2017-07-09 21:37:15,430 | INFO  | (GeoLocationAppDataAccessService.java:update:126) |  | In GeoLocationAppDataAccessService:update : Updated Enitty from database : ShopDetails [shopId=1, shopName=Test_Name_1, shopAddress=Test_Address_1, shopPincode=700078, shopLatitude=null, shopLongitude=null] 
2017-07-09 21:37:15,431 | INFO  | (GeoLocationAppTransanctionLogServiceImpl.java:updateShop:260) |  | In GeoLocationAppTransanctionLogServiceImpl:updateShop : Completes Execution : updateShopFlag : true 
2017-07-09 21:37:15,432 | INFO  | (GeoLocationAppTransanctionLogServiceImpl.java:addShop:229) |  | In GeoLocationAppTransanctionLogServiceImpl:addShop : Completes Execution : addShopResponseMap : {previousVersion=GeoLocationAppRequest [shopId=1, shopName=Test_Name_1, shopAddress=Test_Address_1, shopPincode=700078, shopLatitude=, shopLongitude=, distance=null, errorCode=null, errorMessage=null], currentVesrion=GeoLocationAppRequest [shopId=1, shopName=Test_Name_1, shopAddress=Test_Address_1, shopPincode=700078, shopLatitude=null, shopLongitude=null, distance=null, errorCode=118, errorMessage=Something goes wrong. Latitude and Longitude are not updated. Please try later to update!]} 
2017-07-09 21:37:15,432 | INFO  | (GeoLocationAppController.java:addShop:181) |  | In GeoLocationAppController:createAddress : Completes Execution : Toatl Time Taken : 18 
2017-07-09 21:37:15,435 | INFO  | (GeoLocationAppTransanctionLogServiceImpl.java:updateTransanctionLog:132) |  | In GeoLocationAppTransanctionLogServiceImpl:updateTransanctionLog : Starts Executing 
2017-07-09 21:37:15,436 | INFO  | (GeoLocationAppDataAccessService.java:find:78) |  | In GeoLocationAppDataAccessService:find : id : 8ff1c47f-542f-4538-a35f-7e4867b3e721 
2017-07-09 21:37:15,436 | INFO  | (GeoLocationAppDataAccessService.java:find:86) |  | In GeoLocationAppDataAccessService:find : Before calling Database Operation : startTime : 1499616435436 
2017-07-09 21:37:15,437 | INFO  | (GeoLocationAppDataAccessService.java:find:93) |  | In GeoLocationAppDataAccessService:find : After calling Database Operation : endTime : 1499616435437 : Total time taken : 1 
2017-07-09 21:37:15,437 | INFO  | (GeoLocationAppDataAccessService.java:find:94) |  | In GeoLocationAppDataAccessService:find : Finded Enitty from database : TransactionLog [uniqueLogId=8ff1c47f-542f-4538-a35f-7e4867b3e721, emailId=samok.sinha@gmail.com, apiKey=eyJhbGciOiJIUzI1NiJ9.eyJzdWIiOiJzYW1vay5zaW5oYUBnbWFpbC5jb20iLCJUb2tlblR5cGUiOiJBUElfS0VZIiwiZW1haWxpZCI6InNhbW9rLnNpbmhhQGdtYWlsLmNvbSIsImV4cCI6MTQ5OTYyMzYzNCwiaWF0IjoxNDk5NjE2NDM0LCJqdGkiOiI1ZDE3MDBiZi01YmMwLTRmOGQtYjY4Ny1kYzIxNTAwMTUyMzkifQ.Z9m6hKkgoGMswd-l1CphqJpB5MGTfVxMDvyrpZF0ln8, tokenType=API_KEY, requestType=post, operationName=addShop, requestTime=2017-07-09 21:37:15, requestBody={"shopName":"Test_Name_1","shopAddress":"Test_Address_1","shopPincode":700078}, responseTime=null, responseBody=null, clientIp=127.0.0.1] 
2017-07-09 21:37:15,438 | INFO  | (GeoLocationAppTransanctionLogServiceImpl.java:updateTransanctionLog:141) |  | In GeoLocationAppTransanctionLogServiceImpl:updateTransanctionLog : Before Update :transactionLog : TransactionLog [uniqueLogId=8ff1c47f-542f-4538-a35f-7e4867b3e721, emailId=samok.sinha@gmail.com, apiKey=eyJhbGciOiJIUzI1NiJ9.eyJzdWIiOiJzYW1vay5zaW5oYUBnbWFpbC5jb20iLCJUb2tlblR5cGUiOiJBUElfS0VZIiwiZW1haWxpZCI6InNhbW9rLnNpbmhhQGdtYWlsLmNvbSIsImV4cCI6MTQ5OTYyMzYzNCwiaWF0IjoxNDk5NjE2NDM0LCJqdGkiOiI1ZDE3MDBiZi01YmMwLTRmOGQtYjY4Ny1kYzIxNTAwMTUyMzkifQ.Z9m6hKkgoGMswd-l1CphqJpB5MGTfVxMDvyrpZF0ln8, tokenType=API_KEY, requestType=post, operationName=addShop, requestTime=2017-07-09 21:37:15, requestBody={"shopName":"Test_Name_1","shopAddress":"Test_Address_1","shopPincode":700078}, responseTime=2017-07-09 21:37:15, responseBody={"status":"Success","response":{"previousVersion":{"shopId":1,"shopName":"Test_Name_1","shopAddress":"Test_Address_1","shopPincode":700078,"shopLatitude":"","shopLongitude":""},"currentVesrion":{"shopId":1,"shopName":"Test_Name_1","shopAddress":"Test_Address_1","shopPincode":700078,"geoApiErrorCode":"118","geoApiErrorMessage":"Something goes wrong. Latitude and Longitude are not updated. Please try later to update!"}}}, clientIp=127.0.0.1] 
2017-07-09 21:37:15,439 | INFO  | (GeoLocationAppDataAccessService.java:update:110) |  | In GeoLocationAppDataAccessService:update : entity : TransactionLog [uniqueLogId=8ff1c47f-542f-4538-a35f-7e4867b3e721, emailId=samok.sinha@gmail.com, apiKey=eyJhbGciOiJIUzI1NiJ9.eyJzdWIiOiJzYW1vay5zaW5oYUBnbWFpbC5jb20iLCJUb2tlblR5cGUiOiJBUElfS0VZIiwiZW1haWxpZCI6InNhbW9rLnNpbmhhQGdtYWlsLmNvbSIsImV4cCI6MTQ5OTYyMzYzNCwiaWF0IjoxNDk5NjE2NDM0LCJqdGkiOiI1ZDE3MDBiZi01YmMwLTRmOGQtYjY4Ny1kYzIxNTAwMTUyMzkifQ.Z9m6hKkgoGMswd-l1CphqJpB5MGTfVxMDvyrpZF0ln8, tokenType=API_KEY, requestType=post, operationName=addShop, requestTime=2017-07-09 21:37:15, requestBody={"shopName":"Test_Name_1","shopAddress":"Test_Address_1","shopPincode":700078}, responseTime=2017-07-09 21:37:15, responseBody={"status":"Success","response":{"previousVersion":{"shopId":1,"shopName":"Test_Name_1","shopAddress":"Test_Address_1","shopPincode":700078,"shopLatitude":"","shopLongitude":""},"currentVesrion":{"shopId":1,"shopName":"Test_Name_1","shopAddress":"Test_Address_1","shopPincode":700078,"geoApiErrorCode":"118","geoApiErrorMessage":"Something goes wrong. Latitude and Longitude are not updated. Please try later to update!"}}}, clientIp=127.0.0.1] 
2017-07-09 21:37:15,439 | INFO  | (GeoLocationAppDataAccessService.java:update:118) |  | In GeoLocationAppDataAccessService:update : Before calling Database Operation : startTime : 1499616435439 
2017-07-09 21:37:15,440 | INFO  | (GeoLocationAppDataAccessService.java:update:125) |  | In GeoLocationAppDataAccessService:update : After calling Database Operation : endTime : 1499616435440 : Total time taken : 1 
2017-07-09 21:37:15,440 | INFO  | (GeoLocationAppDataAccessService.java:update:126) |  | In GeoLocationAppDataAccessService:update : Updated Enitty from database : TransactionLog [uniqueLogId=8ff1c47f-542f-4538-a35f-7e4867b3e721, emailId=samok.sinha@gmail.com, apiKey=eyJhbGciOiJIUzI1NiJ9.eyJzdWIiOiJzYW1vay5zaW5oYUBnbWFpbC5jb20iLCJUb2tlblR5cGUiOiJBUElfS0VZIiwiZW1haWxpZCI6InNhbW9rLnNpbmhhQGdtYWlsLmNvbSIsImV4cCI6MTQ5OTYyMzYzNCwiaWF0IjoxNDk5NjE2NDM0LCJqdGkiOiI1ZDE3MDBiZi01YmMwLTRmOGQtYjY4Ny1kYzIxNTAwMTUyMzkifQ.Z9m6hKkgoGMswd-l1CphqJpB5MGTfVxMDvyrpZF0ln8, tokenType=API_KEY, requestType=post, operationName=addShop, requestTime=2017-07-09 21:37:15, requestBody={"shopName":"Test_Name_1","shopAddress":"Test_Address_1","shopPincode":700078}, responseTime=2017-07-09 21:37:15, responseBody={"status":"Success","response":{"previousVersion":{"shopId":1,"shopName":"Test_Name_1","shopAddress":"Test_Address_1","shopPincode":700078,"shopLatitude":"","shopLongitude":""},"currentVesrion":{"shopId":1,"shopName":"Test_Name_1","shopAddress":"Test_Address_1","shopPincode":700078,"geoApiErrorCode":"118","geoApiErrorMessage":"Something goes wrong. Latitude and Longitude are not updated. Please try later to update!"}}}, clientIp=127.0.0.1] 
Hibernate: 
    /* update
        com.sam.geolocationapp.entities.TransactionLog */ update
            transanction_log 
        set
            api_key=?,
            client_ip=?,
            email_id=?,
            operation_name=?,
            request_body=?,
            request_time=?,
            request_type=?,
            response_body=?,
            response_time=?,
            token_type=? 
        where
            unique_log_id=?
2017-07-09 21:37:15,443 | INFO  | (GeoLocationAppTransanctionLogServiceImpl.java:updateTransanctionLog:143) |  | In GeoLocationAppTransanctionLogServiceImpl:updateTransanctionLog : After Update :transactionLog : TransactionLog [uniqueLogId=8ff1c47f-542f-4538-a35f-7e4867b3e721, emailId=samok.sinha@gmail.com, apiKey=eyJhbGciOiJIUzI1NiJ9.eyJzdWIiOiJzYW1vay5zaW5oYUBnbWFpbC5jb20iLCJUb2tlblR5cGUiOiJBUElfS0VZIiwiZW1haWxpZCI6InNhbW9rLnNpbmhhQGdtYWlsLmNvbSIsImV4cCI6MTQ5OTYyMzYzNCwiaWF0IjoxNDk5NjE2NDM0LCJqdGkiOiI1ZDE3MDBiZi01YmMwLTRmOGQtYjY4Ny1kYzIxNTAwMTUyMzkifQ.Z9m6hKkgoGMswd-l1CphqJpB5MGTfVxMDvyrpZF0ln8, tokenType=API_KEY, requestType=post, operationName=addShop, requestTime=2017-07-09 21:37:15, requestBody={"shopName":"Test_Name_1","shopAddress":"Test_Address_1","shopPincode":700078}, responseTime=2017-07-09 21:37:15, responseBody={"status":"Success","response":{"previousVersion":{"shopId":1,"shopName":"Test_Name_1","shopAddress":"Test_Address_1","shopPincode":700078,"shopLatitude":"","shopLongitude":""},"currentVesrion":{"shopId":1,"shopName":"Test_Name_1","shopAddress":"Test_Address_1","shopPincode":700078,"geoApiErrorCode":"118","geoApiErrorMessage":"Something goes wrong. Latitude and Longitude are not updated. Please try later to update!"}}}, clientIp=127.0.0.1] 
2017-07-09 21:37:15,443 | INFO  | (GeoLocationAppTransanctionLogServiceImpl.java:updateTransanctionLog:150) |  | In GeoLocationAppTransanctionLogServiceImpl:updateTransanctionLog : Completes Execution : updateToDbFlag : true 
2017-07-09 21:37:15,457 | INFO  | (GeoLocationAddShopTest.java:addShop:116) |  | In GeoLocationControllerTest:addShop : geoLocationAppResponseString : {"status":"Success","response":{"previousVersion":{"shopId":1,"shopName":"Test_Name_1","shopAddress":"Test_Address_1","shopPincode":700078,"shopLatitude":"","shopLongitude":""},"currentVesrion":{"shopId":1,"shopName":"Test_Name_1","shopAddress":"Test_Address_1","shopPincode":700078,"geoApiErrorCode":"118","geoApiErrorMessage":"Something goes wrong. Latitude and Longitude are not updated. Please try later to update!"}}} 
2017-07-09 21:37:15,459 | INFO  | (GeoLocationAddShopTest.java:addShop:117) |  | In GeoLocationControllerTest:addShop : Status : 200 
]]></system-out>
  <system-err><![CDATA[]]></system-err>
</testsuite>
