<?xml version="1.0" encoding="UTF-8"?>
<testsuite name="com.sam.geolocationapp.unitTest.GeoLocationAddShopTest" tests="1" skipped="0" failures="0" errors="0" timestamp="2017-06-15T15:01:50" hostname="PF0CCQY0" time="3.358">
  <properties/>
  <testcase name="addShop" classname="com.sam.geolocationapp.unitTest.GeoLocationAddShopTest" time="3.358"/>
  <system-out><![CDATA[20:31:42.721 [Test worker] DEBUG org.springframework.test.context.junit4.SpringJUnit4ClassRunner - SpringJUnit4ClassRunner constructor called with [class com.sam.geolocationapp.unitTest.GeoLocationAddShopTest]
20:31:42.759 [Test worker] DEBUG org.springframework.test.context.BootstrapUtils - Instantiating CacheAwareContextLoaderDelegate from class [org.springframework.test.context.cache.DefaultCacheAwareContextLoaderDelegate]
20:31:42.796 [Test worker] DEBUG org.springframework.test.context.BootstrapUtils - Instantiating BootstrapContext using constructor [public org.springframework.test.context.support.DefaultBootstrapContext(java.lang.Class,org.springframework.test.context.CacheAwareContextLoaderDelegate)]
20:31:42.820 [Test worker] DEBUG org.springframework.test.context.BootstrapUtils - Instantiating TestContextBootstrapper for test class [com.sam.geolocationapp.unitTest.GeoLocationAddShopTest] from class [org.springframework.boot.test.context.SpringBootTestContextBootstrapper]
20:31:42.843 [Test worker] INFO org.springframework.boot.test.context.SpringBootTestContextBootstrapper - Neither @ContextConfiguration nor @ContextHierarchy found for test class [com.sam.geolocationapp.unitTest.GeoLocationAddShopTest], using SpringBootContextLoader
20:31:42.847 [Test worker] DEBUG org.springframework.test.context.support.AbstractContextLoader - Did not detect default resource location for test class [com.sam.geolocationapp.unitTest.GeoLocationAddShopTest]: class path resource [com/sam/geolocationapp/unitTest/GeoLocationAddShopTest-context.xml] does not exist
20:31:42.847 [Test worker] DEBUG org.springframework.test.context.support.AbstractContextLoader - Did not detect default resource location for test class [com.sam.geolocationapp.unitTest.GeoLocationAddShopTest]: class path resource [com/sam/geolocationapp/unitTest/GeoLocationAddShopTestContext.groovy] does not exist
20:31:42.848 [Test worker] INFO org.springframework.test.context.support.AbstractContextLoader - Could not detect default resource locations for test class [com.sam.geolocationapp.unitTest.GeoLocationAddShopTest]: no resource found for suffixes {-context.xml, Context.groovy}.
20:31:42.906 [Test worker] DEBUG org.springframework.test.context.support.ActiveProfilesUtils - Could not find an 'annotation declaring class' for annotation type [org.springframework.test.context.ActiveProfiles] and class [com.sam.geolocationapp.unitTest.GeoLocationAddShopTest]
20:31:42.930 [Test worker] DEBUG org.springframework.boot.test.context.SpringBootTestContextBootstrapper - @TestExecutionListeners is not present for class [com.sam.geolocationapp.unitTest.GeoLocationAddShopTest]: using defaults.
20:31:42.935 [Test worker] INFO org.springframework.boot.test.context.SpringBootTestContextBootstrapper - Loaded default TestExecutionListener class names from location [META-INF/spring.factories]: [org.springframework.boot.test.mock.mockito.MockitoTestExecutionListener, org.springframework.boot.test.mock.mockito.ResetMocksTestExecutionListener, org.springframework.boot.test.autoconfigure.restdocs.RestDocsTestExecutionListener, org.springframework.boot.test.autoconfigure.web.client.MockRestServiceServerResetTestExecutionListener, org.springframework.boot.test.autoconfigure.web.servlet.MockMvcPrintOnlyOnFailureTestExecutionListener, org.springframework.boot.test.autoconfigure.web.servlet.WebDriverTestExecutionListener, org.springframework.test.context.web.ServletTestExecutionListener, org.springframework.test.context.support.DirtiesContextBeforeModesTestExecutionListener, org.springframework.test.context.support.DependencyInjectionTestExecutionListener, org.springframework.test.context.support.DirtiesContextTestExecutionListener, org.springframework.test.context.transaction.TransactionalTestExecutionListener, org.springframework.test.context.jdbc.SqlScriptsTestExecutionListener]
20:31:42.990 [Test worker] INFO org.springframework.boot.test.context.SpringBootTestContextBootstrapper - Using TestExecutionListeners: [org.springframework.test.context.web.ServletTestExecutionListener@13f8cdad, org.springframework.test.context.support.DirtiesContextBeforeModesTestExecutionListener@4af1aa6f, org.springframework.boot.test.autoconfigure.SpringBootDependencyInjectionTestExecutionListener@6473724f, org.springframework.test.context.support.DirtiesContextTestExecutionListener@55fe5e3f, org.springframework.test.context.transaction.TransactionalTestExecutionListener@3e6488, org.springframework.test.context.jdbc.SqlScriptsTestExecutionListener@475b1432, org.springframework.boot.test.autoconfigure.web.servlet.WebDriverTestExecutionListener@38c5e79c, org.springframework.boot.test.autoconfigure.restdocs.RestDocsTestExecutionListener@1f6d591d, org.springframework.boot.test.autoconfigure.web.servlet.MockMvcPrintOnlyOnFailureTestExecutionListener@6c84645c, org.springframework.boot.test.mock.mockito.MockitoTestExecutionListener@7361077a, org.springframework.boot.test.mock.mockito.ResetMocksTestExecutionListener@640fe78d, org.springframework.boot.test.autoconfigure.web.client.MockRestServiceServerResetTestExecutionListener@11dfffa0]
20:31:42.995 [Test worker] DEBUG org.springframework.test.annotation.ProfileValueUtils - Retrieved @ProfileValueSourceConfiguration [null] for test class [com.sam.geolocationapp.unitTest.GeoLocationAddShopTest]
20:31:42.996 [Test worker] DEBUG org.springframework.test.annotation.ProfileValueUtils - Retrieved ProfileValueSource type [class org.springframework.test.annotation.SystemProfileValueSource] for class [com.sam.geolocationapp.unitTest.GeoLocationAddShopTest]
20:31:42.998 [Test worker] DEBUG org.springframework.test.annotation.ProfileValueUtils - Retrieved @ProfileValueSourceConfiguration [null] for test class [com.sam.geolocationapp.unitTest.GeoLocationAddShopTest]
20:31:42.998 [Test worker] DEBUG org.springframework.test.annotation.ProfileValueUtils - Retrieved ProfileValueSource type [class org.springframework.test.annotation.SystemProfileValueSource] for class [com.sam.geolocationapp.unitTest.GeoLocationAddShopTest]
20:31:43.005 [Test worker] DEBUG org.springframework.test.context.support.AbstractDirtiesContextTestExecutionListener - Before test class: context [DefaultTestContext@33a6136 testClass = GeoLocationAddShopTest, testInstance = [null], testMethod = [null], testException = [null], mergedContextConfiguration = [WebMergedContextConfiguration@38f8b505 testClass = GeoLocationAddShopTest, locations = '{}', classes = '{class com.sam.geolocationapp.boot.GeoLocationAppInitializer, class com.sam.geolocationapp.boot.GeoLocationAppInitializer}', contextInitializerClasses = '[]', activeProfiles = '{}', propertySourceLocations = '{classpath:application.properties}', propertySourceProperties = '{org.springframework.boot.test.context.SpringBootTestContextBootstrapper=true, server.port=0}', contextCustomizers = set[[ImportsContextCustomizer@28e6f23a key = [org.springframework.boot.test.autoconfigure.web.servlet.MockMvcAutoConfiguration, org.springframework.boot.test.autoconfigure.web.servlet.MockMvcSecurityAutoConfiguration, org.springframework.boot.test.autoconfigure.web.servlet.MockMvcWebClientAutoConfiguration, org.springframework.boot.test.autoconfigure.web.servlet.MockMvcWebDriverAutoConfiguration, Package Import com.sam.geolocationapp.unitTest]], org.springframework.boot.test.context.SpringBootTestContextCustomizer@33137d85, org.springframework.boot.test.context.filter.ExcludeFilterContextCustomizer@6c6a2010, org.springframework.boot.test.mock.mockito.MockitoContextCustomizer@0, org.springframework.boot.test.autoconfigure.properties.PropertyMappingContextCustomizer@e7e8512, org.springframework.boot.test.autoconfigure.web.servlet.WebDriverContextCustomizerFactory$Customizer@60ec09c], resourceBasePath = 'src/main/webapp', contextLoader = 'org.springframework.boot.test.context.SpringBootContextLoader', parent = [null]]], class annotated with @DirtiesContext [false] with mode [null].
20:31:43.006 [Test worker] DEBUG org.springframework.test.annotation.ProfileValueUtils - Retrieved @ProfileValueSourceConfiguration [null] for test class [com.sam.geolocationapp.unitTest.GeoLocationAddShopTest]
20:31:43.007 [Test worker] DEBUG org.springframework.test.annotation.ProfileValueUtils - Retrieved ProfileValueSource type [class org.springframework.test.annotation.SystemProfileValueSource] for class [com.sam.geolocationapp.unitTest.GeoLocationAddShopTest]
20:31:43.148 [Test worker] DEBUG org.springframework.test.context.support.DependencyInjectionTestExecutionListener - Performing dependency injection for test context [[DefaultTestContext@33a6136 testClass = GeoLocationAddShopTest, testInstance = com.sam.geolocationapp.unitTest.GeoLocationAddShopTest@2ce30b40, testMethod = [null], testException = [null], mergedContextConfiguration = [WebMergedContextConfiguration@38f8b505 testClass = GeoLocationAddShopTest, locations = '{}', classes = '{class com.sam.geolocationapp.boot.GeoLocationAppInitializer, class com.sam.geolocationapp.boot.GeoLocationAppInitializer}', contextInitializerClasses = '[]', activeProfiles = '{}', propertySourceLocations = '{classpath:application.properties}', propertySourceProperties = '{org.springframework.boot.test.context.SpringBootTestContextBootstrapper=true, server.port=0}', contextCustomizers = set[[ImportsContextCustomizer@28e6f23a key = [org.springframework.boot.test.autoconfigure.web.servlet.MockMvcAutoConfiguration, org.springframework.boot.test.autoconfigure.web.servlet.MockMvcSecurityAutoConfiguration, org.springframework.boot.test.autoconfigure.web.servlet.MockMvcWebClientAutoConfiguration, org.springframework.boot.test.autoconfigure.web.servlet.MockMvcWebDriverAutoConfiguration, Package Import com.sam.geolocationapp.unitTest]], org.springframework.boot.test.context.SpringBootTestContextCustomizer@33137d85, org.springframework.boot.test.context.filter.ExcludeFilterContextCustomizer@6c6a2010, org.springframework.boot.test.mock.mockito.MockitoContextCustomizer@0, org.springframework.boot.test.autoconfigure.properties.PropertyMappingContextCustomizer@e7e8512, org.springframework.boot.test.autoconfigure.web.servlet.WebDriverContextCustomizerFactory$Customizer@60ec09c], resourceBasePath = 'src/main/webapp', contextLoader = 'org.springframework.boot.test.context.SpringBootContextLoader', parent = [null]]]].
20:31:43.275 [Test worker] DEBUG org.springframework.core.env.StandardEnvironment - Adding [systemProperties] PropertySource with lowest search precedence
20:31:43.276 [Test worker] DEBUG org.springframework.core.env.StandardEnvironment - Adding [systemEnvironment] PropertySource with lowest search precedence
20:31:43.277 [Test worker] DEBUG org.springframework.core.env.StandardEnvironment - Initialized StandardEnvironment with PropertySources [systemProperties,systemEnvironment]
20:31:43.287 [Test worker] DEBUG org.springframework.core.env.StandardEnvironment - Adding [class path resource [application.properties]] PropertySource with highest search precedence
20:31:43.289 [Test worker] DEBUG org.springframework.test.context.support.TestPropertySourceUtils - Adding inlined properties to environment: {spring.jmx.enabled=false, org.springframework.boot.test.context.SpringBootTestContextBootstrapper=true, server.port=0}
20:31:43.290 [Test worker] DEBUG org.springframework.core.env.StandardEnvironment - Adding [Inlined Test Properties] PropertySource with highest search precedence

  .   ____          _            __ _ _
 /\\ / ___'_ __ _ _(_)_ __  __ _ \ \ \ \
( ( )\___ | '_ | '_| | '_ \/ _` | \ \ \ \
 \\/  ___)| |_)| | | | | || (_| |  ) ) ) )
  '  |____| .__|_| |_|_| |_\__, | / / / /
 =========|_|==============|___/=/_/_/_/
 :: Spring Boot ::        (v1.5.2.RELEASE)

2017-06-15 20:31:43.841  INFO 3976 --- [    Test worker] c.s.g.unitTest.GeoLocationAddShopTest    : Starting GeoLocationAddShopTest on PF0CCQY0 with PID 3976 (started by esisamo in C:\Sam\STS-3.8.2\workspace-sts-3.8.2.RELEASE\geo-location-app-gradle)
2017-06-15 20:31:43.842  INFO 3976 --- [    Test worker] c.s.g.unitTest.GeoLocationAddShopTest    : No active profile set, falling back to default profiles: default
2017-06-15 20:31:43.861  INFO 3976 --- [    Test worker] ationConfigEmbeddedWebApplicationContext : Refreshing org.springframework.boot.context.embedded.AnnotationConfigEmbeddedWebApplicationContext@3aa7e3c2: startup date [Thu Jun 15 20:31:43 IST 2017]; root of context hierarchy
2017-06-15 20:31:45.875  INFO 3976 --- [    Test worker] trationDelegate$BeanPostProcessorChecker : Bean 'org.springframework.transaction.annotation.ProxyTransactionManagementConfiguration' of type [org.springframework.transaction.annotation.ProxyTransactionManagementConfiguration$$EnhancerBySpringCGLIB$$e07a736c] is not eligible for getting processed by all BeanPostProcessors (for example: not eligible for auto-proxying)
2017-06-15 20:31:46.511  INFO 3976 --- [    Test worker] s.b.c.e.t.TomcatEmbeddedServletContainer : Tomcat initialized with port(s): 0 (http)
2017-06-15 20:31:46.531  INFO 3976 --- [    Test worker] o.apache.catalina.core.StandardService   : Starting service Tomcat
2017-06-15 20:31:46.533  INFO 3976 --- [    Test worker] org.apache.catalina.core.StandardEngine  : Starting Servlet Engine: Apache Tomcat/8.5.11
2017-06-15 20:31:46.704  INFO 3976 --- [ost-startStop-1] o.a.c.c.C.[.[.[/gelolocationapp]         : Initializing Spring embedded WebApplicationContext
2017-06-15 20:31:46.705  INFO 3976 --- [ost-startStop-1] o.s.web.context.ContextLoader            : Root WebApplicationContext: initialization completed in 2847 ms
2017-06-15 20:31:46.988  INFO 3976 --- [ost-startStop-1] o.s.b.w.servlet.ServletRegistrationBean  : Mapping servlet: 'dispatcherServlet' to [/]
2017-06-15 20:31:46.991  INFO 3976 --- [ost-startStop-1] o.s.b.w.servlet.ServletRegistrationBean  : Mapping servlet: 'webServlet' to [/h2/*]
2017-06-15 20:31:46.996  INFO 3976 --- [ost-startStop-1] o.s.b.w.servlet.FilterRegistrationBean   : Mapping filter: 'characterEncodingFilter' to: [/*]
2017-06-15 20:31:46.997  INFO 3976 --- [ost-startStop-1] o.s.b.w.servlet.FilterRegistrationBean   : Mapping filter: 'hiddenHttpMethodFilter' to: [/*]
2017-06-15 20:31:46.997  INFO 3976 --- [ost-startStop-1] o.s.b.w.servlet.FilterRegistrationBean   : Mapping filter: 'httpPutFormContentFilter' to: [/*]
2017-06-15 20:31:46.997  INFO 3976 --- [ost-startStop-1] o.s.b.w.servlet.FilterRegistrationBean   : Mapping filter: 'requestContextFilter' to: [/*]
2017-06-15 20:31:47.072  INFO 3976 --- [    Test worker] o.s.j.d.e.EmbeddedDatabaseFactory        : Starting embedded database: url='jdbc:h2:mem:testdb;DB_CLOSE_DELAY=-1;DB_CLOSE_ON_EXIT=false', username='sa'
2017-06-15 20:31:47.511  INFO 3976 --- [    Test worker] j.LocalContainerEntityManagerFactoryBean : Building JPA container EntityManagerFactory for persistence unit 'default'
2017-06-15 20:31:47.542  INFO 3976 --- [    Test worker] o.hibernate.jpa.internal.util.LogHelper  : HHH000204: Processing PersistenceUnitInfo [
	name: default
	...]
2017-06-15 20:31:47.670  INFO 3976 --- [    Test worker] org.hibernate.Version                    : HHH000412: Hibernate Core {5.0.12.Final}
2017-06-15 20:31:47.672  INFO 3976 --- [    Test worker] org.hibernate.cfg.Environment            : HHH000206: hibernate.properties not found
2017-06-15 20:31:47.675  INFO 3976 --- [    Test worker] org.hibernate.cfg.Environment            : HHH000021: Bytecode provider name : javassist
2017-06-15 20:31:47.739  INFO 3976 --- [    Test worker] o.hibernate.annotations.common.Version   : HCANN000001: Hibernate Commons Annotations {5.0.1.Final}
2017-06-15 20:31:47.917  INFO 3976 --- [    Test worker] org.hibernate.dialect.Dialect            : HHH000400: Using dialect: org.hibernate.dialect.H2Dialect
2017-06-15 20:31:48.623  INFO 3976 --- [    Test worker] org.hibernate.tool.hbm2ddl.SchemaExport  : HHH000227: Running hbm2ddl schema export
Hibernate: 
    drop table shop_details if exists
Hibernate: 
    drop table transanction_log if exists
Hibernate: 
    drop sequence if exists hibernate_sequence
Hibernate: 
    create sequence hibernate_sequence start with 1 increment by 1
Hibernate: 
    create table shop_details (
        shop_id bigint not null,
        shop_address varchar(500),
        shop_latitude varchar(40),
        shop_longitude varchar(40),
        shop_name varchar(500),
        shop_pincode bigint,
        primary key (shop_id)
    )
Hibernate: 
    create table transanction_log (
        unique_log_id varchar(50) not null,
        api_key varchar(500),
        client_ip varchar(20),
        email_id varchar(50),
        operation_name varchar(50),
        request_body varchar(2000),
        request_time varchar(20),
        request_type varchar(10),
        response_body varchar(2000),
        response_time varchar(20),
        token_type varchar(10),
        primary key (unique_log_id)
    )
2017-06-15 20:31:48.640  INFO 3976 --- [    Test worker] org.hibernate.tool.hbm2ddl.SchemaExport  : HHH000230: Schema export complete
2017-06-15 20:31:48.689  INFO 3976 --- [    Test worker] j.LocalContainerEntityManagerFactoryBean : Initialized JPA EntityManagerFactory for persistence unit 'default'
2017-06-15 20:31:49.335  INFO 3976 --- [    Test worker] o.a.c.c.C.[.[.[/gelolocationapp]         : Initializing Spring FrameworkServlet ''
2017-06-15 20:31:49.335  INFO 3976 --- [    Test worker] o.s.t.web.servlet.TestDispatcherServlet  : FrameworkServlet '': initialization started
2017-06-15 20:31:49.547  INFO 3976 --- [    Test worker] s.w.s.m.m.a.RequestMappingHandlerMapping : Mapped "{[/map/addshop/v1],methods=[POST],consumes=[application/json],produces=[application/json]}" onto public org.springframework.http.ResponseEntity<com.sam.geolocationapp.models.GeoLocationAppResponse> com.sam.geolocationapp.rest.controllers.GeoLocationAppController.addShop(javax.servlet.http.HttpServletRequest,javax.servlet.http.HttpServletResponse,java.util.Map<java.lang.String, java.lang.String>,com.sam.geolocationapp.models.GeoLocationAppRequest)
2017-06-15 20:31:49.549  INFO 3976 --- [    Test worker] s.w.s.m.m.a.RequestMappingHandlerMapping : Mapped "{[/map/getapikey/v1],methods=[GET],consumes=[application/json],produces=[application/json]}" onto public org.springframework.http.ResponseEntity<com.sam.geolocationapp.models.GeoLocationAppResponse> com.sam.geolocationapp.rest.controllers.GeoLocationAppController.getApiKey(javax.servlet.http.HttpServletRequest,javax.servlet.http.HttpServletResponse,java.util.Map<java.lang.String, java.lang.String>)
2017-06-15 20:31:49.549  INFO 3976 --- [    Test worker] s.w.s.m.m.a.RequestMappingHandlerMapping : Mapped "{[/map/findnearestshops/v1],methods=[POST],consumes=[application/json],produces=[application/json]}" onto public org.springframework.http.ResponseEntity<com.sam.geolocationapp.models.GeoLocationAppResponse> com.sam.geolocationapp.rest.controllers.GeoLocationAppController.findNearestShops(javax.servlet.http.HttpServletRequest,javax.servlet.http.HttpServletResponse,java.util.Map<java.lang.String, java.lang.String>,com.sam.geolocationapp.models.GeoLocationAppRequest)
2017-06-15 20:31:49.552  INFO 3976 --- [    Test worker] s.w.s.m.m.a.RequestMappingHandlerMapping : Mapped "{[/error]}" onto public org.springframework.http.ResponseEntity<java.util.Map<java.lang.String, java.lang.Object>> org.springframework.boot.autoconfigure.web.BasicErrorController.error(javax.servlet.http.HttpServletRequest)
2017-06-15 20:31:49.553  INFO 3976 --- [    Test worker] s.w.s.m.m.a.RequestMappingHandlerMapping : Mapped "{[/error],produces=[text/html]}" onto public org.springframework.web.servlet.ModelAndView org.springframework.boot.autoconfigure.web.BasicErrorController.errorHtml(javax.servlet.http.HttpServletRequest,javax.servlet.http.HttpServletResponse)
2017-06-15 20:31:49.607  INFO 3976 --- [    Test worker] o.s.w.s.handler.SimpleUrlHandlerMapping  : Mapped URL path [/webjars/**] onto handler of type [class org.springframework.web.servlet.resource.ResourceHttpRequestHandler]
2017-06-15 20:31:49.607  INFO 3976 --- [    Test worker] o.s.w.s.handler.SimpleUrlHandlerMapping  : Mapped URL path [/**] onto handler of type [class org.springframework.web.servlet.resource.ResourceHttpRequestHandler]
2017-06-15 20:31:49.634  INFO 3976 --- [    Test worker] o.s.w.s.handler.SimpleUrlHandlerMapping  : Mapped URL path [/**/favicon.ico] onto handler of type [class org.springframework.web.servlet.resource.ResourceHttpRequestHandler]
2017-06-15 20:31:49.795  INFO 3976 --- [    Test worker] s.w.s.m.m.a.RequestMappingHandlerAdapter : Looking for @ControllerAdvice: org.springframework.boot.context.embedded.AnnotationConfigEmbeddedWebApplicationContext@3aa7e3c2: startup date [Thu Jun 15 20:31:43 IST 2017]; root of context hierarchy
2017-06-15 20:31:49.952  INFO 3976 --- [    Test worker] o.s.t.web.servlet.TestDispatcherServlet  : FrameworkServlet '': initialization completed in 617 ms
2017-06-15 20:31:50,289 | INFO  | (GeoLocationAppErrorConfigurator.java:onApplicationEvent:28) |  | Entering ErrorsPropertyConfigurerStartUp:onApplicationEvent : with : contextStratFlag : false 
2017-06-15 20:31:50,293 | DEBUG | (GeoLocationAppErrorConfigurator.java:onApplicationEvent:31) |  | Error Config File Name : /geo-location-errorcodes.properties 
2017-06-15 20:31:50,294 | INFO  | (GeoLocationAppErrorConfigurator.java:loadAndReturnPropertiesToMap:42) |  | Entering ErrorsPropertyConfigurerStartUp:loadAndReturnPropertiesToMap 
2017-06-15 20:31:50,297 | INFO  | (GeoLocationAppErrorConfigurator.java:loadAndReturnPropertiesToMap:59) |  | Leaving ErrorsPropertyConfigurerStartUp:loadAndReturnPropertiesToMap 
2017-06-15 20:31:50,300 | INFO  | (GeoLocationAppErrorConfigurator.java:onApplicationEvent:38) |  | Leaving ErrorsPropertyConfigurerStartUp:onApplicationEvent : contextStratFlag : true 
2017-06-15 20:31:50.357  INFO 3976 --- [    Test worker] s.b.c.e.t.TomcatEmbeddedServletContainer : Tomcat started on port(s): 64603 (http)
2017-06-15 20:31:50.363  INFO 3976 --- [    Test worker] c.s.g.unitTest.GeoLocationAddShopTest    : Started GeoLocationAddShopTest in 7.069 seconds (JVM running for 9.299)
2017-06-15 20:31:50.756  INFO 3976 --- [o-auto-1-exec-1] o.a.c.c.C.[.[.[/gelolocationapp]         : Initializing Spring FrameworkServlet 'dispatcherServlet'
2017-06-15 20:31:50.756  INFO 3976 --- [o-auto-1-exec-1] o.s.web.servlet.DispatcherServlet        : FrameworkServlet 'dispatcherServlet': initialization started
2017-06-15 20:31:50.760  INFO 3976 --- [o-auto-1-exec-1] o.s.web.servlet.DispatcherServlet        : FrameworkServlet 'dispatcherServlet': initialization completed in 4 ms
2017-06-15 20:31:50,916 | INFO  | (GeoLocationAppTransanctionLogServiceImpl.java:insertToDb:49) |  | In GeoLocationAppTransanctionLogServiceImpl:insertToDb : Starts Executing 
2017-06-15 20:31:50,916 | INFO  | (GeoLocationAppTransanctionLogServiceImpl.java:insertToDb:65) |  | In GeoLocationAppTransanctionLogServiceImpl:insertToDb : Before Insert :transactionLog : TransactionLog [uniqueLogId=b08a477a-6e96-4b71-95d9-33772b44a726, emailId=samok.sinha@gmail.com, apiKey=, tokenType=, requestType=get, operationName=getApiKey, requestTime=2017-06-15 20:31:50, requestBody=, responseTime=null, responseBody=null, clientIp=127.0.0.1] 
2017-06-15 20:31:50,931 | INFO  | (GeoLocationAppDataAccessService.java:create:34) |  | In GeoLocationAppDataAccessService:create : Before calling Database Operation : startTime : 1497538910931 
2017-06-15 20:31:50,932 | INFO  | (GeoLocationAppDataAccessService.java:create:35) |  | In GeoLocationAppDataAccessService:create : entity : TransactionLog [uniqueLogId=b08a477a-6e96-4b71-95d9-33772b44a726, emailId=samok.sinha@gmail.com, apiKey=, tokenType=, requestType=get, operationName=getApiKey, requestTime=2017-06-15 20:31:50, requestBody=, responseTime=null, responseBody=null, clientIp=127.0.0.1] 
Hibernate: 
    /* insert com.sam.geolocationapp.entities.TransactionLog
        */ insert 
        into
            transanction_log
            (api_key, client_ip, email_id, operation_name, request_body, request_time, request_type, response_body, response_time, token_type, unique_log_id) 
        values
            (?, ?, ?, ?, ?, ?, ?, ?, ?, ?, ?)
2017-06-15 20:31:50,988 | INFO  | (GeoLocationAppDataAccessService.java:create:41) |  | In GeoLocationAppDataAccessService:create : After calling Database Operation : endTime : 1497538910988 : Total time taken : 57 
2017-06-15 20:31:50,989 | INFO  | (GeoLocationAppDataAccessService.java:create:42) |  | In GeoLocationAppDataAccessService:create : Created Enitty into database : TransactionLog [uniqueLogId=b08a477a-6e96-4b71-95d9-33772b44a726, emailId=samok.sinha@gmail.com, apiKey=, tokenType=, requestType=get, operationName=getApiKey, requestTime=2017-06-15 20:31:50, requestBody=, responseTime=null, responseBody=null, clientIp=127.0.0.1] 
2017-06-15 20:31:50,991 | INFO  | (GeoLocationAppTransanctionLogServiceImpl.java:insertToDb:72) |  | In GeoLocationAppTransanctionLogServiceImpl:insertToDb : Completes Execution : true 
2017-06-15 20:31:51,000 | INFO  | (GeoLocationAppController.java:getApiKey:54) |  | In GeoLocationAppController:loginWithHeader : Starts Executing 
2017-06-15 20:31:51,001 | INFO  | (GeoLocationAppController.java:getApiKey:68) |  | In GeoLocationAppController:loginWithHeader : httpHeadersMap{accept=application/json, application/json, application/*+json, application/*+json, content-type=application/json, emailid=samok.sinha@gmail.com, user-agent=Java/1.8.0_121, host=localhost:64603, connection=keep-alive} 
2017-06-15 20:31:51,001 | INFO  | (GeoLocationAppTokenUtil.java:createAccessToken:43) |  | In GeoLocationAppTokenUtil:createAccessToken : Starts Executing : with : emailId : samok.sinha@gmail.com 
2017-06-15 20:31:51,745 | INFO  | (GeoLocationAppTokenUtil.java:createAccessToken:64) |  | In GeoLocationAppTokenUtil:createAccessToken : Completes Execution 
2017-06-15 20:31:51,749 | INFO  | (GeoLocationAppController.java:getApiKey:105) |  | In GeoLocationAppController:loginWithHeader : Completes Execution : Toatl Time Taken : 748 
2017-06-15 20:31:51,771 | INFO  | (GeoLocationAppTransanctionLogServiceImpl.java:updateToDb:81) |  | In GeoLocationAppTransanctionLogServiceImpl:updateToDb : Starts Executing 
2017-06-15 20:31:51,772 | INFO  | (GeoLocationAppDataAccessService.java:find:47) |  | In GeoLocationAppDataAccessService:find : Before calling Database Operation : startTime : 1497538911772 
2017-06-15 20:31:51,772 | INFO  | (GeoLocationAppDataAccessService.java:find:48) |  | In GeoLocationAppDataAccessService:find : id : b08a477a-6e96-4b71-95d9-33772b44a726 
2017-06-15 20:31:51,778 | INFO  | (GeoLocationAppDataAccessService.java:find:53) |  | In GeoLocationAppDataAccessService:find : After calling Database Operation : endTime : 1497538911778 : Total time taken : 6 
2017-06-15 20:31:51,779 | INFO  | (GeoLocationAppTransanctionLogServiceImpl.java:updateToDb:90) |  | In GeoLocationAppTransanctionLogServiceImpl:insertToDb : Before Update :transactionLog : TransactionLog [uniqueLogId=b08a477a-6e96-4b71-95d9-33772b44a726, emailId=samok.sinha@gmail.com, apiKey=, tokenType=, requestType=get, operationName=getApiKey, requestTime=2017-06-15 20:31:50, requestBody=, responseTime=2017-06-15 20:31:51, responseBody={"status":"Success","response":{"emailid":"samok.sinha@gmail.com","apikey":"eyJhbGciOiJIUzI1NiJ9.eyJzdWIiOiJzYW1vay5zaW5oYUBnbWFpbC5jb20iLCJUb2tlblR5cGUiOiJBUElfS0VZIiwiZW1haWxpZCI6InNhbW9rLnNpbmhhQGdtYWlsLmNvbSIsImV4cCI6MTQ5NzU0NjExMSwiaWF0IjoxNDk3NTM4OTExLCJqdGkiOiJhMGEwZjcxMS0xZGFmLTQwY2ItYmI0OS02Y2ZmOTJlZDlhYWEifQ.8uOSTWPLgP2nH_4PV1zeo8ybvIa09-isheEVDNI3vmk"}}, clientIp=127.0.0.1] 
2017-06-15 20:31:51,780 | INFO  | (GeoLocationAppDataAccessService.java:updateTransanctionLog:59) |  | In GeoLocationAppDataAccessService:update : Before calling Database Operation : startTime : 1497538911780 
2017-06-15 20:31:51,781 | INFO  | (GeoLocationAppDataAccessService.java:updateTransanctionLog:60) |  | In GeoLocationAppDataAccessService:update : entity : TransactionLog [uniqueLogId=b08a477a-6e96-4b71-95d9-33772b44a726, emailId=samok.sinha@gmail.com, apiKey=, tokenType=, requestType=get, operationName=getApiKey, requestTime=2017-06-15 20:31:50, requestBody=, responseTime=2017-06-15 20:31:51, responseBody={"status":"Success","response":{"emailid":"samok.sinha@gmail.com","apikey":"eyJhbGciOiJIUzI1NiJ9.eyJzdWIiOiJzYW1vay5zaW5oYUBnbWFpbC5jb20iLCJUb2tlblR5cGUiOiJBUElfS0VZIiwiZW1haWxpZCI6InNhbW9rLnNpbmhhQGdtYWlsLmNvbSIsImV4cCI6MTQ5NzU0NjExMSwiaWF0IjoxNDk3NTM4OTExLCJqdGkiOiJhMGEwZjcxMS0xZGFmLTQwY2ItYmI0OS02Y2ZmOTJlZDlhYWEifQ.8uOSTWPLgP2nH_4PV1zeo8ybvIa09-isheEVDNI3vmk"}}, clientIp=127.0.0.1] 
2017-06-15 20:31:51,785 | INFO  | (GeoLocationAppDataAccessService.java:updateTransanctionLog:65) |  | In GeoLocationAppDataAccessService:find : After calling Database Operation : endTime : 1497538911785 : Total time taken : 5 
Hibernate: 
    /* update
        com.sam.geolocationapp.entities.TransactionLog */ update
            transanction_log 
        set
            api_key=?,
            client_ip=?,
            email_id=?,
            operation_name=?,
            request_body=?,
            request_time=?,
            request_type=?,
            response_body=?,
            response_time=?,
            token_type=? 
        where
            unique_log_id=?
2017-06-15 20:31:51,794 | INFO  | (GeoLocationAppTransanctionLogServiceImpl.java:updateToDb:92) |  | In GeoLocationAppTransanctionLogServiceImpl:insertToDb : After Update :transactionLog : TransactionLog [uniqueLogId=b08a477a-6e96-4b71-95d9-33772b44a726, emailId=samok.sinha@gmail.com, apiKey=, tokenType=, requestType=get, operationName=getApiKey, requestTime=2017-06-15 20:31:50, requestBody=, responseTime=2017-06-15 20:31:51, responseBody={"status":"Success","response":{"emailid":"samok.sinha@gmail.com","apikey":"eyJhbGciOiJIUzI1NiJ9.eyJzdWIiOiJzYW1vay5zaW5oYUBnbWFpbC5jb20iLCJUb2tlblR5cGUiOiJBUElfS0VZIiwiZW1haWxpZCI6InNhbW9rLnNpbmhhQGdtYWlsLmNvbSIsImV4cCI6MTQ5NzU0NjExMSwiaWF0IjoxNDk3NTM4OTExLCJqdGkiOiJhMGEwZjcxMS0xZGFmLTQwY2ItYmI0OS02Y2ZmOTJlZDlhYWEifQ.8uOSTWPLgP2nH_4PV1zeo8ybvIa09-isheEVDNI3vmk"}}, clientIp=127.0.0.1] 
2017-06-15 20:31:51,795 | INFO  | (GeoLocationAppTransanctionLogServiceImpl.java:updateToDb:99) |  | In GeoLocationAppTransanctionLogServiceImpl:updateToDb : Completes Execution : updateToDbFlag : true 
2017-06-15 20:31:51,848 | INFO  | (GeoLocationAddShopTest.java:addShop:70) |  | In GeoLocationControllerTest:addShop : geoLocationAppResponseString : {"status":"Success","response":{"emailid":"samok.sinha@gmail.com","apikey":"eyJhbGciOiJIUzI1NiJ9.eyJzdWIiOiJzYW1vay5zaW5oYUBnbWFpbC5jb20iLCJUb2tlblR5cGUiOiJBUElfS0VZIiwiZW1haWxpZCI6InNhbW9rLnNpbmhhQGdtYWlsLmNvbSIsImV4cCI6MTQ5NzU0NjExMSwiaWF0IjoxNDk3NTM4OTExLCJqdGkiOiJhMGEwZjcxMS0xZGFmLTQwY2ItYmI0OS02Y2ZmOTJlZDlhYWEifQ.8uOSTWPLgP2nH_4PV1zeo8ybvIa09-isheEVDNI3vmk"}} 
2017-06-15 20:31:51,849 | INFO  | (GeoLocationAddShopTest.java:addShop:71) |  | In GeoLocationControllerTest:addShop : Status : 200 
2017-06-15 20:31:51,904 | INFO  | (GeoLocationAppTransanctionLogServiceImpl.java:insertToDb:49) |  | In GeoLocationAppTransanctionLogServiceImpl:insertToDb : Starts Executing 
2017-06-15 20:31:51,905 | INFO  | (GeoLocationAppTransanctionLogServiceImpl.java:insertToDb:65) |  | In GeoLocationAppTransanctionLogServiceImpl:insertToDb : Before Insert :transactionLog : TransactionLog [uniqueLogId=5594e9c3-84dc-4f9d-b812-efd225026797, emailId=samok.sinha@gmail.com, apiKey=eyJhbGciOiJIUzI1NiJ9.eyJzdWIiOiJzYW1vay5zaW5oYUBnbWFpbC5jb20iLCJUb2tlblR5cGUiOiJBUElfS0VZIiwiZW1haWxpZCI6InNhbW9rLnNpbmhhQGdtYWlsLmNvbSIsImV4cCI6MTQ5NzU0NjExMSwiaWF0IjoxNDk3NTM4OTExLCJqdGkiOiJhMGEwZjcxMS0xZGFmLTQwY2ItYmI0OS02Y2ZmOTJlZDlhYWEifQ.8uOSTWPLgP2nH_4PV1zeo8ybvIa09-isheEVDNI3vmk, tokenType=API_KEY, requestType=post, operationName=addShop, requestTime=2017-06-15 20:31:51, requestBody={"shopName":"Test_Name_1","shopAddress":"Test_Address_1","shopPincode":700078}, responseTime=null, responseBody=null, clientIp=127.0.0.1] 
2017-06-15 20:31:51,906 | INFO  | (GeoLocationAppDataAccessService.java:create:34) |  | In GeoLocationAppDataAccessService:create : Before calling Database Operation : startTime : 1497538911906 
2017-06-15 20:31:51,907 | INFO  | (GeoLocationAppDataAccessService.java:create:35) |  | In GeoLocationAppDataAccessService:create : entity : TransactionLog [uniqueLogId=5594e9c3-84dc-4f9d-b812-efd225026797, emailId=samok.sinha@gmail.com, apiKey=eyJhbGciOiJIUzI1NiJ9.eyJzdWIiOiJzYW1vay5zaW5oYUBnbWFpbC5jb20iLCJUb2tlblR5cGUiOiJBUElfS0VZIiwiZW1haWxpZCI6InNhbW9rLnNpbmhhQGdtYWlsLmNvbSIsImV4cCI6MTQ5NzU0NjExMSwiaWF0IjoxNDk3NTM4OTExLCJqdGkiOiJhMGEwZjcxMS0xZGFmLTQwY2ItYmI0OS02Y2ZmOTJlZDlhYWEifQ.8uOSTWPLgP2nH_4PV1zeo8ybvIa09-isheEVDNI3vmk, tokenType=API_KEY, requestType=post, operationName=addShop, requestTime=2017-06-15 20:31:51, requestBody={"shopName":"Test_Name_1","shopAddress":"Test_Address_1","shopPincode":700078}, responseTime=null, responseBody=null, clientIp=127.0.0.1] 
Hibernate: 
    /* insert com.sam.geolocationapp.entities.TransactionLog
        */ insert 
        into
            transanction_log
            (api_key, client_ip, email_id, operation_name, request_body, request_time, request_type, response_body, response_time, token_type, unique_log_id) 
        values
            (?, ?, ?, ?, ?, ?, ?, ?, ?, ?, ?)
2017-06-15 20:31:51,914 | INFO  | (GeoLocationAppDataAccessService.java:create:41) |  | In GeoLocationAppDataAccessService:create : After calling Database Operation : endTime : 1497538911914 : Total time taken : 8 
2017-06-15 20:31:51,915 | INFO  | (GeoLocationAppDataAccessService.java:create:42) |  | In GeoLocationAppDataAccessService:create : Created Enitty into database : TransactionLog [uniqueLogId=5594e9c3-84dc-4f9d-b812-efd225026797, emailId=samok.sinha@gmail.com, apiKey=eyJhbGciOiJIUzI1NiJ9.eyJzdWIiOiJzYW1vay5zaW5oYUBnbWFpbC5jb20iLCJUb2tlblR5cGUiOiJBUElfS0VZIiwiZW1haWxpZCI6InNhbW9rLnNpbmhhQGdtYWlsLmNvbSIsImV4cCI6MTQ5NzU0NjExMSwiaWF0IjoxNDk3NTM4OTExLCJqdGkiOiJhMGEwZjcxMS0xZGFmLTQwY2ItYmI0OS02Y2ZmOTJlZDlhYWEifQ.8uOSTWPLgP2nH_4PV1zeo8ybvIa09-isheEVDNI3vmk, tokenType=API_KEY, requestType=post, operationName=addShop, requestTime=2017-06-15 20:31:51, requestBody={"shopName":"Test_Name_1","shopAddress":"Test_Address_1","shopPincode":700078}, responseTime=null, responseBody=null, clientIp=127.0.0.1] 
2017-06-15 20:31:51,917 | INFO  | (GeoLocationAppTransanctionLogServiceImpl.java:insertToDb:72) |  | In GeoLocationAppTransanctionLogServiceImpl:insertToDb : Completes Execution : true 
2017-06-15 20:31:51,917 | INFO  | (GeoLocationAppController.java:addShop:118) |  | In GeoLocationAppController:createAddress : Starts Executing 
2017-06-15 20:31:51,918 | INFO  | (GeoLocationAppController.java:addShop:129) |  | In GeoLocationAppController:createAddress : httpHeadersMap{accept=application/json, application/json, application/*+json, application/*+json, content-type=application/json, authorization=Bearer eyJhbGciOiJIUzI1NiJ9.eyJzdWIiOiJzYW1vay5zaW5oYUBnbWFpbC5jb20iLCJUb2tlblR5cGUiOiJBUElfS0VZIiwiZW1haWxpZCI6InNhbW9rLnNpbmhhQGdtYWlsLmNvbSIsImV4cCI6MTQ5NzU0NjExMSwiaWF0IjoxNDk3NTM4OTExLCJqdGkiOiJhMGEwZjcxMS0xZGFmLTQwY2ItYmI0OS02Y2ZmOTJlZDlhYWEifQ.8uOSTWPLgP2nH_4PV1zeo8ybvIa09-isheEVDNI3vmk, user-agent=Java/1.8.0_121, host=localhost:64603, connection=keep-alive, content-length=78} 
2017-06-15 20:31:51,919 | INFO  | (GeoLocationAppTransanctionLogServiceImpl.java:addShop:107) |  | In GeoLocationAppTransanctionLogServiceImpl:addShop : Starts Executing 
2017-06-15 20:31:51,919 | INFO  | (GeoLocationAppTransanctionLogServiceImpl.java:findShop:171) |  | In GeoLocationAppTransanctionLogServiceImpl:findShop : Starts Executing 
2017-06-15 20:31:51,920 | INFO  | (GeoLocationAppDataAccessService.java:findShopByName:83) |  | In GeoLocationAppDataAccessService:findShopByName : Before calling Database Operation : startTime : 1497538911920 
Hibernate: 
    /* dynamic native SQL query */ select
        * 
    from
        shop_details 
    where
        shop_name = ?
2017-06-15 20:31:51,969 | INFO  | (GeoLocationAppDataAccessService.java:findShopByName:93) |  | In GeoLocationAppDataAccessService:findShopByName : After calling Database Operation : endTime : 1497538911969 : Total time taken : 49 
2017-06-15 20:31:51,971 | INFO  | (GeoLocationAppTransanctionLogServiceImpl.java:findShop:184) |  | In GeoLocationAppTransanctionLogServiceImpl:updateShop : Completes Execution : shopDetails : null 
2017-06-15 20:31:51,972 | INFO  | (GeoLocationAppDataAccessService.java:create:34) |  | In GeoLocationAppDataAccessService:create : Before calling Database Operation : startTime : 1497538911972 
2017-06-15 20:31:51,973 | INFO  | (GeoLocationAppDataAccessService.java:create:35) |  | In GeoLocationAppDataAccessService:create : entity : ShopDetails [shopId=null, shopName=Test_Name_1, shopAddress=Test_Address_1, shopPincode=700078, shopLatitude=null, shopLongitude=null] 
Hibernate: 
    call next value for hibernate_sequence
Hibernate: 
    /* insert com.sam.geolocationapp.entities.ShopDetails
        */ insert 
        into
            shop_details
            (shop_address, shop_latitude, shop_longitude, shop_name, shop_pincode, shop_id) 
        values
            (?, ?, ?, ?, ?, ?)
2017-06-15 20:31:51,983 | INFO  | (GeoLocationAppDataAccessService.java:create:41) |  | In GeoLocationAppDataAccessService:create : After calling Database Operation : endTime : 1497538911983 : Total time taken : 11 
2017-06-15 20:31:51,983 | INFO  | (GeoLocationAppDataAccessService.java:create:42) |  | In GeoLocationAppDataAccessService:create : Created Enitty into database : ShopDetails [shopId=1, shopName=Test_Name_1, shopAddress=Test_Address_1, shopPincode=700078, shopLatitude=null, shopLongitude=null] 
2017-06-15 20:31:51,985 | INFO  | (GeoLocationAppTransanctionLogServiceImpl.java:addShop:137) |  | In GeoLocationAppTransanctionLogServiceImpl:addShop : Completes Execution : geoLocationAppRequest : GeoLocationAppRequest [shopId=1, shopName=Test_Name_1, shopAddress=Test_Address_1, shopPincode=700078, shopLatitude=null, shopLongitude=null, distance=null, errorCode=null, errorMessage=null] 
2017-06-15 20:31:51,985 | INFO  | (GeoLocationAppTransanctionLogServiceImpl.java:populateShopCoordinates:230) |  | In GeoLocationAppTransanctionLogServiceImpl:populateShopCoordinates : Starts Executing : with : geoLocationAppRequest : GeoLocationAppRequest [shopId=1, shopName=Test_Name_1, shopAddress=Test_Address_1, shopPincode=700078, shopLatitude=null, shopLongitude=null, distance=null, errorCode=null, errorMessage=null] 
2017-06-15 20:31:51,986 | INFO  | (GeoLocationRestClient.java:callGeoLocationRestApi:35) |  | In GeoLocationRestClient:callGeoLocationRestApi : Starts Executing : with : pinCode : 700078 
2017-06-15 20:31:51,986 | INFO  | (GeoLocationRestClient.java:callGeoLocationRestApi:49) |  | In GeoLocationRestClient:callGeoLocationRestApi : populatedGeoLocationApiUrl : https://maps.googleapis.com/maps/api/geocode/json?address=700078 
2017-06-15 20:31:52,692 | INFO  | (GeoLocationRestClient.java:callGeoLocationRestApi:81) |  | In GeoLocationRestClient:callGeoLocationRestApi : Completes Execution : Toatl Time Taken : 524 
2017-06-15 20:31:52,714 | INFO  | (GeoLocationAppTransanctionLogServiceImpl.java:populateShopCoordinates:280) |  | In GeoLocationAppTransanctionLogServiceImpl:populateShopCoordinates : Completes Execution : geoLocationAppRequest : GeoLocationAppRequest [shopId=1, shopName=Test_Name_1, shopAddress=Test_Address_1, shopPincode=700078, shopLatitude=22.5074344, shopLongitude=88.3872835, distance=null, errorCode=null, errorMessage=null] 
2017-06-15 20:31:52,715 | INFO  | (GeoLocationAppTransanctionLogServiceImpl.java:updateShop:145) |  | In GeoLocationAppTransanctionLogServiceImpl:updateShop : Starts Executing 
2017-06-15 20:31:52,716 | INFO  | (GeoLocationAppDataAccessService.java:updateTransanctionLog:59) |  | In GeoLocationAppDataAccessService:update : Before calling Database Operation : startTime : 1497538912716 
2017-06-15 20:31:52,716 | INFO  | (GeoLocationAppDataAccessService.java:updateTransanctionLog:60) |  | In GeoLocationAppDataAccessService:update : entity : ShopDetails [shopId=1, shopName=Test_Name_1, shopAddress=Test_Address_1, shopPincode=700078, shopLatitude=22.5074344, shopLongitude=88.3872835] 
2017-06-15 20:31:52,717 | INFO  | (GeoLocationAppDataAccessService.java:updateTransanctionLog:65) |  | In GeoLocationAppDataAccessService:find : After calling Database Operation : endTime : 1497538912717 : Total time taken : 1 
Hibernate: 
    /* update
        com.sam.geolocationapp.entities.ShopDetails */ update
            shop_details 
        set
            shop_address=?,
            shop_latitude=?,
            shop_longitude=?,
            shop_name=?,
            shop_pincode=? 
        where
            shop_id=?
2017-06-15 20:31:52,723 | INFO  | (GeoLocationAppTransanctionLogServiceImpl.java:updateShop:163) |  | In GeoLocationAppTransanctionLogServiceImpl:updateShop : Completes Execution : updateShopFlag : true 
2017-06-15 20:31:52,724 | INFO  | (GeoLocationAppController.java:addShop:177) |  | In GeoLocationAppController:createAddress : Completes Execution : Toatl Time Taken : 806 
2017-06-15 20:31:52,736 | INFO  | (GeoLocationAppTransanctionLogServiceImpl.java:updateToDb:81) |  | In GeoLocationAppTransanctionLogServiceImpl:updateToDb : Starts Executing 
2017-06-15 20:31:52,737 | INFO  | (GeoLocationAppDataAccessService.java:find:47) |  | In GeoLocationAppDataAccessService:find : Before calling Database Operation : startTime : 1497538912737 
2017-06-15 20:31:52,738 | INFO  | (GeoLocationAppDataAccessService.java:find:48) |  | In GeoLocationAppDataAccessService:find : id : 5594e9c3-84dc-4f9d-b812-efd225026797 
2017-06-15 20:31:52,738 | INFO  | (GeoLocationAppDataAccessService.java:find:53) |  | In GeoLocationAppDataAccessService:find : After calling Database Operation : endTime : 1497538912738 : Total time taken : 1 
2017-06-15 20:31:52,739 | INFO  | (GeoLocationAppTransanctionLogServiceImpl.java:updateToDb:90) |  | In GeoLocationAppTransanctionLogServiceImpl:insertToDb : Before Update :transactionLog : TransactionLog [uniqueLogId=5594e9c3-84dc-4f9d-b812-efd225026797, emailId=samok.sinha@gmail.com, apiKey=eyJhbGciOiJIUzI1NiJ9.eyJzdWIiOiJzYW1vay5zaW5oYUBnbWFpbC5jb20iLCJUb2tlblR5cGUiOiJBUElfS0VZIiwiZW1haWxpZCI6InNhbW9rLnNpbmhhQGdtYWlsLmNvbSIsImV4cCI6MTQ5NzU0NjExMSwiaWF0IjoxNDk3NTM4OTExLCJqdGkiOiJhMGEwZjcxMS0xZGFmLTQwY2ItYmI0OS02Y2ZmOTJlZDlhYWEifQ.8uOSTWPLgP2nH_4PV1zeo8ybvIa09-isheEVDNI3vmk, tokenType=API_KEY, requestType=post, operationName=addShop, requestTime=2017-06-15 20:31:51, requestBody={"shopName":"Test_Name_1","shopAddress":"Test_Address_1","shopPincode":700078}, responseTime=2017-06-15 20:31:52, responseBody={"status":"Success","response":{"shopId":1,"shopName":"Test_Name_1","shopAddress":"Test_Address_1","shopPincode":700078,"shopLatitude":"22.5074344","shopLongitude":"88.3872835"}}, clientIp=127.0.0.1] 
2017-06-15 20:31:52,740 | INFO  | (GeoLocationAppDataAccessService.java:updateTransanctionLog:59) |  | In GeoLocationAppDataAccessService:update : Before calling Database Operation : startTime : 1497538912740 
2017-06-15 20:31:52,740 | INFO  | (GeoLocationAppDataAccessService.java:updateTransanctionLog:60) |  | In GeoLocationAppDataAccessService:update : entity : TransactionLog [uniqueLogId=5594e9c3-84dc-4f9d-b812-efd225026797, emailId=samok.sinha@gmail.com, apiKey=eyJhbGciOiJIUzI1NiJ9.eyJzdWIiOiJzYW1vay5zaW5oYUBnbWFpbC5jb20iLCJUb2tlblR5cGUiOiJBUElfS0VZIiwiZW1haWxpZCI6InNhbW9rLnNpbmhhQGdtYWlsLmNvbSIsImV4cCI6MTQ5NzU0NjExMSwiaWF0IjoxNDk3NTM4OTExLCJqdGkiOiJhMGEwZjcxMS0xZGFmLTQwY2ItYmI0OS02Y2ZmOTJlZDlhYWEifQ.8uOSTWPLgP2nH_4PV1zeo8ybvIa09-isheEVDNI3vmk, tokenType=API_KEY, requestType=post, operationName=addShop, requestTime=2017-06-15 20:31:51, requestBody={"shopName":"Test_Name_1","shopAddress":"Test_Address_1","shopPincode":700078}, responseTime=2017-06-15 20:31:52, responseBody={"status":"Success","response":{"shopId":1,"shopName":"Test_Name_1","shopAddress":"Test_Address_1","shopPincode":700078,"shopLatitude":"22.5074344","shopLongitude":"88.3872835"}}, clientIp=127.0.0.1] 
2017-06-15 20:31:52,741 | INFO  | (GeoLocationAppDataAccessService.java:updateTransanctionLog:65) |  | In GeoLocationAppDataAccessService:find : After calling Database Operation : endTime : 1497538912741 : Total time taken : 1 
Hibernate: 
    /* update
        com.sam.geolocationapp.entities.TransactionLog */ update
            transanction_log 
        set
            api_key=?,
            client_ip=?,
            email_id=?,
            operation_name=?,
            request_body=?,
            request_time=?,
            request_type=?,
            response_body=?,
            response_time=?,
            token_type=? 
        where
            unique_log_id=?
2017-06-15 20:31:52,745 | INFO  | (GeoLocationAppTransanctionLogServiceImpl.java:updateToDb:92) |  | In GeoLocationAppTransanctionLogServiceImpl:insertToDb : After Update :transactionLog : TransactionLog [uniqueLogId=5594e9c3-84dc-4f9d-b812-efd225026797, emailId=samok.sinha@gmail.com, apiKey=eyJhbGciOiJIUzI1NiJ9.eyJzdWIiOiJzYW1vay5zaW5oYUBnbWFpbC5jb20iLCJUb2tlblR5cGUiOiJBUElfS0VZIiwiZW1haWxpZCI6InNhbW9rLnNpbmhhQGdtYWlsLmNvbSIsImV4cCI6MTQ5NzU0NjExMSwiaWF0IjoxNDk3NTM4OTExLCJqdGkiOiJhMGEwZjcxMS0xZGFmLTQwY2ItYmI0OS02Y2ZmOTJlZDlhYWEifQ.8uOSTWPLgP2nH_4PV1zeo8ybvIa09-isheEVDNI3vmk, tokenType=API_KEY, requestType=post, operationName=addShop, requestTime=2017-06-15 20:31:51, requestBody={"shopName":"Test_Name_1","shopAddress":"Test_Address_1","shopPincode":700078}, responseTime=2017-06-15 20:31:52, responseBody={"status":"Success","response":{"shopId":1,"shopName":"Test_Name_1","shopAddress":"Test_Address_1","shopPincode":700078,"shopLatitude":"22.5074344","shopLongitude":"88.3872835"}}, clientIp=127.0.0.1] 
2017-06-15 20:31:52,746 | INFO  | (GeoLocationAppTransanctionLogServiceImpl.java:updateToDb:99) |  | In GeoLocationAppTransanctionLogServiceImpl:updateToDb : Completes Execution : updateToDbFlag : true 
2017-06-15 20:31:52,755 | INFO  | (GeoLocationAddShopTest.java:addShop:90) |  | In GeoLocationControllerTest:addShop : geoLocationAppResponseString : {"status":"Success","response":{"shopId":1,"shopName":"Test_Name_1","shopAddress":"Test_Address_1","shopPincode":700078,"shopLatitude":"22.5074344","shopLongitude":"88.3872835"}} 
2017-06-15 20:31:52,756 | INFO  | (GeoLocationAddShopTest.java:addShop:91) |  | In GeoLocationControllerTest:addShop : Status : 200 
2017-06-15 20:31:52,785 | INFO  | (GeoLocationAppTransanctionLogServiceImpl.java:insertToDb:49) |  | In GeoLocationAppTransanctionLogServiceImpl:insertToDb : Starts Executing 
2017-06-15 20:31:52,786 | INFO  | (GeoLocationAppTransanctionLogServiceImpl.java:insertToDb:65) |  | In GeoLocationAppTransanctionLogServiceImpl:insertToDb : Before Insert :transactionLog : TransactionLog [uniqueLogId=dbbe661b-79c8-47e4-abf0-5eb8fc82c379, emailId=samok.sinha@gmail.com, apiKey=eyJhbGciOiJIUzI1NiJ9.eyJzdWIiOiJzYW1vay5zaW5oYUBnbWFpbC5jb20iLCJUb2tlblR5cGUiOiJBUElfS0VZIiwiZW1haWxpZCI6InNhbW9rLnNpbmhhQGdtYWlsLmNvbSIsImV4cCI6MTQ5NzU0NjExMSwiaWF0IjoxNDk3NTM4OTExLCJqdGkiOiJhMGEwZjcxMS0xZGFmLTQwY2ItYmI0OS02Y2ZmOTJlZDlhYWEifQ.8uOSTWPLgP2nH_4PV1zeo8ybvIa09-isheEVDNI3vmk, tokenType=API_KEY, requestType=post, operationName=addShop, requestTime=2017-06-15 20:31:52, requestBody={"shopName":"Test_Name_1","shopAddress":"Test_Address_1","shopPincode":700048}, responseTime=null, responseBody=null, clientIp=127.0.0.1] 
2017-06-15 20:31:52,787 | INFO  | (GeoLocationAppDataAccessService.java:create:34) |  | In GeoLocationAppDataAccessService:create : Before calling Database Operation : startTime : 1497538912787 
2017-06-15 20:31:52,788 | INFO  | (GeoLocationAppDataAccessService.java:create:35) |  | In GeoLocationAppDataAccessService:create : entity : TransactionLog [uniqueLogId=dbbe661b-79c8-47e4-abf0-5eb8fc82c379, emailId=samok.sinha@gmail.com, apiKey=eyJhbGciOiJIUzI1NiJ9.eyJzdWIiOiJzYW1vay5zaW5oYUBnbWFpbC5jb20iLCJUb2tlblR5cGUiOiJBUElfS0VZIiwiZW1haWxpZCI6InNhbW9rLnNpbmhhQGdtYWlsLmNvbSIsImV4cCI6MTQ5NzU0NjExMSwiaWF0IjoxNDk3NTM4OTExLCJqdGkiOiJhMGEwZjcxMS0xZGFmLTQwY2ItYmI0OS02Y2ZmOTJlZDlhYWEifQ.8uOSTWPLgP2nH_4PV1zeo8ybvIa09-isheEVDNI3vmk, tokenType=API_KEY, requestType=post, operationName=addShop, requestTime=2017-06-15 20:31:52, requestBody={"shopName":"Test_Name_1","shopAddress":"Test_Address_1","shopPincode":700048}, responseTime=null, responseBody=null, clientIp=127.0.0.1] 
Hibernate: 
    /* insert com.sam.geolocationapp.entities.TransactionLog
        */ insert 
        into
            transanction_log
            (api_key, client_ip, email_id, operation_name, request_body, request_time, request_type, response_body, response_time, token_type, unique_log_id) 
        values
            (?, ?, ?, ?, ?, ?, ?, ?, ?, ?, ?)
2017-06-15 20:31:52,801 | INFO  | (GeoLocationAppDataAccessService.java:create:41) |  | In GeoLocationAppDataAccessService:create : After calling Database Operation : endTime : 1497538912801 : Total time taken : 14 
2017-06-15 20:31:52,803 | INFO  | (GeoLocationAppDataAccessService.java:create:42) |  | In GeoLocationAppDataAccessService:create : Created Enitty into database : TransactionLog [uniqueLogId=dbbe661b-79c8-47e4-abf0-5eb8fc82c379, emailId=samok.sinha@gmail.com, apiKey=eyJhbGciOiJIUzI1NiJ9.eyJzdWIiOiJzYW1vay5zaW5oYUBnbWFpbC5jb20iLCJUb2tlblR5cGUiOiJBUElfS0VZIiwiZW1haWxpZCI6InNhbW9rLnNpbmhhQGdtYWlsLmNvbSIsImV4cCI6MTQ5NzU0NjExMSwiaWF0IjoxNDk3NTM4OTExLCJqdGkiOiJhMGEwZjcxMS0xZGFmLTQwY2ItYmI0OS02Y2ZmOTJlZDlhYWEifQ.8uOSTWPLgP2nH_4PV1zeo8ybvIa09-isheEVDNI3vmk, tokenType=API_KEY, requestType=post, operationName=addShop, requestTime=2017-06-15 20:31:52, requestBody={"shopName":"Test_Name_1","shopAddress":"Test_Address_1","shopPincode":700048}, responseTime=null, responseBody=null, clientIp=127.0.0.1] 
2017-06-15 20:31:52,805 | INFO  | (GeoLocationAppTransanctionLogServiceImpl.java:insertToDb:72) |  | In GeoLocationAppTransanctionLogServiceImpl:insertToDb : Completes Execution : true 
2017-06-15 20:31:52,805 | INFO  | (GeoLocationAppController.java:addShop:118) |  | In GeoLocationAppController:createAddress : Starts Executing 
2017-06-15 20:31:52,806 | INFO  | (GeoLocationAppController.java:addShop:129) |  | In GeoLocationAppController:createAddress : httpHeadersMap{accept=application/json, application/json, application/*+json, application/*+json, content-type=application/json, authorization=Bearer eyJhbGciOiJIUzI1NiJ9.eyJzdWIiOiJzYW1vay5zaW5oYUBnbWFpbC5jb20iLCJUb2tlblR5cGUiOiJBUElfS0VZIiwiZW1haWxpZCI6InNhbW9rLnNpbmhhQGdtYWlsLmNvbSIsImV4cCI6MTQ5NzU0NjExMSwiaWF0IjoxNDk3NTM4OTExLCJqdGkiOiJhMGEwZjcxMS0xZGFmLTQwY2ItYmI0OS02Y2ZmOTJlZDlhYWEifQ.8uOSTWPLgP2nH_4PV1zeo8ybvIa09-isheEVDNI3vmk, user-agent=Java/1.8.0_121, host=localhost:64603, connection=keep-alive, content-length=78} 
2017-06-15 20:31:52,806 | INFO  | (GeoLocationAppTransanctionLogServiceImpl.java:addShop:107) |  | In GeoLocationAppTransanctionLogServiceImpl:addShop : Starts Executing 
2017-06-15 20:31:52,807 | INFO  | (GeoLocationAppTransanctionLogServiceImpl.java:findShop:171) |  | In GeoLocationAppTransanctionLogServiceImpl:findShop : Starts Executing 
2017-06-15 20:31:52,807 | INFO  | (GeoLocationAppDataAccessService.java:findShopByName:83) |  | In GeoLocationAppDataAccessService:findShopByName : Before calling Database Operation : startTime : 1497538912807 
Hibernate: 
    /* dynamic native SQL query */ select
        * 
    from
        shop_details 
    where
        shop_name = ?
2017-06-15 20:31:52,815 | INFO  | (GeoLocationAppDataAccessService.java:findShopByName:93) |  | In GeoLocationAppDataAccessService:findShopByName : After calling Database Operation : endTime : 1497538912815 : Total time taken : 8 
2017-06-15 20:31:52,816 | INFO  | (GeoLocationAppTransanctionLogServiceImpl.java:findShop:184) |  | In GeoLocationAppTransanctionLogServiceImpl:updateShop : Completes Execution : shopDetails : ShopDetails [shopId=1, shopName=Test_Name_1, shopAddress=Test_Address_1, shopPincode=700078, shopLatitude=22.5074344, shopLongitude=88.3872835] 
2017-06-15 20:31:52,816 | INFO  | (GeoLocationAppTransanctionLogServiceImpl.java:updateShop:145) |  | In GeoLocationAppTransanctionLogServiceImpl:updateShop : Starts Executing 
2017-06-15 20:31:52,817 | INFO  | (GeoLocationAppDataAccessService.java:updateTransanctionLog:59) |  | In GeoLocationAppDataAccessService:update : Before calling Database Operation : startTime : 1497538912817 
2017-06-15 20:31:52,817 | INFO  | (GeoLocationAppDataAccessService.java:updateTransanctionLog:60) |  | In GeoLocationAppDataAccessService:update : entity : ShopDetails [shopId=1, shopName=Test_Name_1, shopAddress=Test_Address_1, shopPincode=700048, shopLatitude=null, shopLongitude=null] 
2017-06-15 20:31:52,818 | INFO  | (GeoLocationAppDataAccessService.java:updateTransanctionLog:65) |  | In GeoLocationAppDataAccessService:find : After calling Database Operation : endTime : 1497538912818 : Total time taken : 1 
Hibernate: 
    /* update
        com.sam.geolocationapp.entities.ShopDetails */ update
            shop_details 
        set
            shop_address=?,
            shop_latitude=?,
            shop_longitude=?,
            shop_name=?,
            shop_pincode=? 
        where
            shop_id=?
2017-06-15 20:31:52,820 | INFO  | (GeoLocationAppTransanctionLogServiceImpl.java:updateShop:163) |  | In GeoLocationAppTransanctionLogServiceImpl:updateShop : Completes Execution : updateShopFlag : true 
2017-06-15 20:31:52,820 | INFO  | (GeoLocationAppTransanctionLogServiceImpl.java:addShop:137) |  | In GeoLocationAppTransanctionLogServiceImpl:addShop : Completes Execution : geoLocationAppRequest : GeoLocationAppRequest [shopId=1, shopName=Test_Name_1, shopAddress=Test_Address_1, shopPincode=700048, shopLatitude=null, shopLongitude=null, distance=null, errorCode=null, errorMessage=null] 
2017-06-15 20:31:52,821 | INFO  | (GeoLocationAppTransanctionLogServiceImpl.java:populateShopCoordinates:230) |  | In GeoLocationAppTransanctionLogServiceImpl:populateShopCoordinates : Starts Executing : with : geoLocationAppRequest : GeoLocationAppRequest [shopId=1, shopName=Test_Name_1, shopAddress=Test_Address_1, shopPincode=700048, shopLatitude=null, shopLongitude=null, distance=null, errorCode=null, errorMessage=null] 
2017-06-15 20:31:52,821 | INFO  | (GeoLocationRestClient.java:callGeoLocationRestApi:35) |  | In GeoLocationRestClient:callGeoLocationRestApi : Starts Executing : with : pinCode : 700048 
2017-06-15 20:31:52,822 | INFO  | (GeoLocationRestClient.java:callGeoLocationRestApi:49) |  | In GeoLocationRestClient:callGeoLocationRestApi : populatedGeoLocationApiUrl : https://maps.googleapis.com/maps/api/geocode/json?address=700048 
2017-06-15 20:31:53,684 | INFO  | (GeoLocationRestClient.java:callGeoLocationRestApi:81) |  | In GeoLocationRestClient:callGeoLocationRestApi : Completes Execution : Toatl Time Taken : 861 
2017-06-15 20:31:53,691 | INFO  | (GeoLocationAppTransanctionLogServiceImpl.java:populateShopCoordinates:280) |  | In GeoLocationAppTransanctionLogServiceImpl:populateShopCoordinates : Completes Execution : geoLocationAppRequest : GeoLocationAppRequest [shopId=1, shopName=Test_Name_1, shopAddress=Test_Address_1, shopPincode=700048, shopLatitude=22.6015112, shopLongitude=88.4003915, distance=null, errorCode=null, errorMessage=null] 
2017-06-15 20:31:53,691 | INFO  | (GeoLocationAppTransanctionLogServiceImpl.java:updateShop:145) |  | In GeoLocationAppTransanctionLogServiceImpl:updateShop : Starts Executing 
2017-06-15 20:31:53,692 | INFO  | (GeoLocationAppDataAccessService.java:updateTransanctionLog:59) |  | In GeoLocationAppDataAccessService:update : Before calling Database Operation : startTime : 1497538913692 
2017-06-15 20:31:53,692 | INFO  | (GeoLocationAppDataAccessService.java:updateTransanctionLog:60) |  | In GeoLocationAppDataAccessService:update : entity : ShopDetails [shopId=1, shopName=Test_Name_1, shopAddress=Test_Address_1, shopPincode=700048, shopLatitude=22.6015112, shopLongitude=88.4003915] 
2017-06-15 20:31:53,693 | INFO  | (GeoLocationAppDataAccessService.java:updateTransanctionLog:65) |  | In GeoLocationAppDataAccessService:find : After calling Database Operation : endTime : 1497538913693 : Total time taken : 1 
Hibernate: 
    /* update
        com.sam.geolocationapp.entities.ShopDetails */ update
            shop_details 
        set
            shop_address=?,
            shop_latitude=?,
            shop_longitude=?,
            shop_name=?,
            shop_pincode=? 
        where
            shop_id=?
2017-06-15 20:31:53,694 | INFO  | (GeoLocationAppTransanctionLogServiceImpl.java:updateShop:163) |  | In GeoLocationAppTransanctionLogServiceImpl:updateShop : Completes Execution : updateShopFlag : true 
2017-06-15 20:31:53,694 | INFO  | (GeoLocationAppController.java:addShop:177) |  | In GeoLocationAppController:createAddress : Completes Execution : Toatl Time Taken : 888 
2017-06-15 20:31:53,696 | INFO  | (GeoLocationAppTransanctionLogServiceImpl.java:updateToDb:81) |  | In GeoLocationAppTransanctionLogServiceImpl:updateToDb : Starts Executing 
2017-06-15 20:31:53,696 | INFO  | (GeoLocationAppDataAccessService.java:find:47) |  | In GeoLocationAppDataAccessService:find : Before calling Database Operation : startTime : 1497538913696 
2017-06-15 20:31:53,697 | INFO  | (GeoLocationAppDataAccessService.java:find:48) |  | In GeoLocationAppDataAccessService:find : id : dbbe661b-79c8-47e4-abf0-5eb8fc82c379 
2017-06-15 20:31:53,697 | INFO  | (GeoLocationAppDataAccessService.java:find:53) |  | In GeoLocationAppDataAccessService:find : After calling Database Operation : endTime : 1497538913697 : Total time taken : 1 
2017-06-15 20:31:53,698 | INFO  | (GeoLocationAppTransanctionLogServiceImpl.java:updateToDb:90) |  | In GeoLocationAppTransanctionLogServiceImpl:insertToDb : Before Update :transactionLog : TransactionLog [uniqueLogId=dbbe661b-79c8-47e4-abf0-5eb8fc82c379, emailId=samok.sinha@gmail.com, apiKey=eyJhbGciOiJIUzI1NiJ9.eyJzdWIiOiJzYW1vay5zaW5oYUBnbWFpbC5jb20iLCJUb2tlblR5cGUiOiJBUElfS0VZIiwiZW1haWxpZCI6InNhbW9rLnNpbmhhQGdtYWlsLmNvbSIsImV4cCI6MTQ5NzU0NjExMSwiaWF0IjoxNDk3NTM4OTExLCJqdGkiOiJhMGEwZjcxMS0xZGFmLTQwY2ItYmI0OS02Y2ZmOTJlZDlhYWEifQ.8uOSTWPLgP2nH_4PV1zeo8ybvIa09-isheEVDNI3vmk, tokenType=API_KEY, requestType=post, operationName=addShop, requestTime=2017-06-15 20:31:52, requestBody={"shopName":"Test_Name_1","shopAddress":"Test_Address_1","shopPincode":700048}, responseTime=2017-06-15 20:31:53, responseBody={"status":"Success","response":{"shopId":1,"shopName":"Test_Name_1","shopAddress":"Test_Address_1","shopPincode":700078,"shopLatitude":"22.5074344","shopLongitude":"88.3872835"}}, clientIp=127.0.0.1] 
2017-06-15 20:31:53,699 | INFO  | (GeoLocationAppDataAccessService.java:updateTransanctionLog:59) |  | In GeoLocationAppDataAccessService:update : Before calling Database Operation : startTime : 1497538913699 
2017-06-15 20:31:53,699 | INFO  | (GeoLocationAppDataAccessService.java:updateTransanctionLog:60) |  | In GeoLocationAppDataAccessService:update : entity : TransactionLog [uniqueLogId=dbbe661b-79c8-47e4-abf0-5eb8fc82c379, emailId=samok.sinha@gmail.com, apiKey=eyJhbGciOiJIUzI1NiJ9.eyJzdWIiOiJzYW1vay5zaW5oYUBnbWFpbC5jb20iLCJUb2tlblR5cGUiOiJBUElfS0VZIiwiZW1haWxpZCI6InNhbW9rLnNpbmhhQGdtYWlsLmNvbSIsImV4cCI6MTQ5NzU0NjExMSwiaWF0IjoxNDk3NTM4OTExLCJqdGkiOiJhMGEwZjcxMS0xZGFmLTQwY2ItYmI0OS02Y2ZmOTJlZDlhYWEifQ.8uOSTWPLgP2nH_4PV1zeo8ybvIa09-isheEVDNI3vmk, tokenType=API_KEY, requestType=post, operationName=addShop, requestTime=2017-06-15 20:31:52, requestBody={"shopName":"Test_Name_1","shopAddress":"Test_Address_1","shopPincode":700048}, responseTime=2017-06-15 20:31:53, responseBody={"status":"Success","response":{"shopId":1,"shopName":"Test_Name_1","shopAddress":"Test_Address_1","shopPincode":700078,"shopLatitude":"22.5074344","shopLongitude":"88.3872835"}}, clientIp=127.0.0.1] 
2017-06-15 20:31:53,699 | INFO  | (GeoLocationAppDataAccessService.java:updateTransanctionLog:65) |  | In GeoLocationAppDataAccessService:find : After calling Database Operation : endTime : 1497538913699 : Total time taken : 0 
Hibernate: 
    /* update
        com.sam.geolocationapp.entities.TransactionLog */ update
            transanction_log 
        set
            api_key=?,
            client_ip=?,
            email_id=?,
            operation_name=?,
            request_body=?,
            request_time=?,
            request_type=?,
            response_body=?,
            response_time=?,
            token_type=? 
        where
            unique_log_id=?
2017-06-15 20:31:53,703 | INFO  | (GeoLocationAppTransanctionLogServiceImpl.java:updateToDb:92) |  | In GeoLocationAppTransanctionLogServiceImpl:insertToDb : After Update :transactionLog : TransactionLog [uniqueLogId=dbbe661b-79c8-47e4-abf0-5eb8fc82c379, emailId=samok.sinha@gmail.com, apiKey=eyJhbGciOiJIUzI1NiJ9.eyJzdWIiOiJzYW1vay5zaW5oYUBnbWFpbC5jb20iLCJUb2tlblR5cGUiOiJBUElfS0VZIiwiZW1haWxpZCI6InNhbW9rLnNpbmhhQGdtYWlsLmNvbSIsImV4cCI6MTQ5NzU0NjExMSwiaWF0IjoxNDk3NTM4OTExLCJqdGkiOiJhMGEwZjcxMS0xZGFmLTQwY2ItYmI0OS02Y2ZmOTJlZDlhYWEifQ.8uOSTWPLgP2nH_4PV1zeo8ybvIa09-isheEVDNI3vmk, tokenType=API_KEY, requestType=post, operationName=addShop, requestTime=2017-06-15 20:31:52, requestBody={"shopName":"Test_Name_1","shopAddress":"Test_Address_1","shopPincode":700048}, responseTime=2017-06-15 20:31:53, responseBody={"status":"Success","response":{"shopId":1,"shopName":"Test_Name_1","shopAddress":"Test_Address_1","shopPincode":700078,"shopLatitude":"22.5074344","shopLongitude":"88.3872835"}}, clientIp=127.0.0.1] 
2017-06-15 20:31:53,703 | INFO  | (GeoLocationAppTransanctionLogServiceImpl.java:updateToDb:99) |  | In GeoLocationAppTransanctionLogServiceImpl:updateToDb : Completes Execution : updateToDbFlag : true 
2017-06-15 20:31:53,708 | INFO  | (GeoLocationAddShopTest.java:addShop:103) |  | In GeoLocationControllerTest:addShop : geoLocationAppResponseString : {"status":"Success","response":{"shopId":1,"shopName":"Test_Name_1","shopAddress":"Test_Address_1","shopPincode":700078,"shopLatitude":"22.5074344","shopLongitude":"88.3872835"}} 
2017-06-15 20:31:53,708 | INFO  | (GeoLocationAddShopTest.java:addShop:104) |  | In GeoLocationControllerTest:addShop : Status : 200 
]]></system-out>
  <system-err><![CDATA[]]></system-err>
</testsuite>
