<?xml version="1.0" encoding="UTF-8"?>
<testsuite name="com.sam.geolocationapp.unitTest.GeoLocationGetApiKeyTest" tests="1" skipped="0" failures="0" errors="0" timestamp="2017-06-13T07:12:21" hostname="PF0CCQY0" time="0.056">
  <properties/>
  <testcase name="getApiKey" classname="com.sam.geolocationapp.unitTest.GeoLocationGetApiKeyTest" time="0.056"/>
  <system-out><![CDATA[2017-06-13 12:42:21.223  INFO 8548 --- [    Test worker] .b.t.c.SpringBootTestContextBootstrapper : Neither @ContextConfiguration nor @ContextHierarchy found for test class [com.sam.geolocationapp.unitTest.GeoLocationGetApiKeyTest], using SpringBootContextLoader
2017-06-13 12:42:21.224  INFO 8548 --- [    Test worker] o.s.t.c.support.AbstractContextLoader    : Could not detect default resource locations for test class [com.sam.geolocationapp.unitTest.GeoLocationGetApiKeyTest]: no resource found for suffixes {-context.xml, Context.groovy}.
2017-06-13 12:42:21.243  INFO 8548 --- [    Test worker] .b.t.c.SpringBootTestContextBootstrapper : Loaded default TestExecutionListener class names from location [META-INF/spring.factories]: [org.springframework.boot.test.mock.mockito.MockitoTestExecutionListener, org.springframework.boot.test.mock.mockito.ResetMocksTestExecutionListener, org.springframework.boot.test.autoconfigure.restdocs.RestDocsTestExecutionListener, org.springframework.boot.test.autoconfigure.web.client.MockRestServiceServerResetTestExecutionListener, org.springframework.boot.test.autoconfigure.web.servlet.MockMvcPrintOnlyOnFailureTestExecutionListener, org.springframework.boot.test.autoconfigure.web.servlet.WebDriverTestExecutionListener, org.springframework.test.context.web.ServletTestExecutionListener, org.springframework.test.context.support.DirtiesContextBeforeModesTestExecutionListener, org.springframework.test.context.support.DependencyInjectionTestExecutionListener, org.springframework.test.context.support.DirtiesContextTestExecutionListener, org.springframework.test.context.transaction.TransactionalTestExecutionListener, org.springframework.test.context.jdbc.SqlScriptsTestExecutionListener]
2017-06-13 12:42:21.247  INFO 8548 --- [    Test worker] .b.t.c.SpringBootTestContextBootstrapper : Using TestExecutionListeners: [org.springframework.test.context.web.ServletTestExecutionListener@1dc6f905, org.springframework.test.context.support.DirtiesContextBeforeModesTestExecutionListener@1247e89a, org.springframework.boot.test.autoconfigure.SpringBootDependencyInjectionTestExecutionListener@25e45472, org.springframework.test.context.support.DirtiesContextTestExecutionListener@7d8fe7d8, org.springframework.test.context.transaction.TransactionalTestExecutionListener@572b37bd, org.springframework.test.context.jdbc.SqlScriptsTestExecutionListener@7a0516fa, org.springframework.boot.test.autoconfigure.restdocs.RestDocsTestExecutionListener@7d458a0c, org.springframework.boot.test.autoconfigure.web.servlet.MockMvcPrintOnlyOnFailureTestExecutionListener@7ff6035b, org.springframework.boot.test.autoconfigure.web.servlet.WebDriverTestExecutionListener@71ee55c7, org.springframework.boot.test.autoconfigure.web.client.MockRestServiceServerResetTestExecutionListener@238e2fc6, org.springframework.boot.test.mock.mockito.ResetMocksTestExecutionListener@724ac451, org.springframework.boot.test.mock.mockito.MockitoTestExecutionListener@3de9fd98]
2017-06-13 12:42:21,261 | INFO  | (GeoLocationAppTransanctionLogServiceImpl.java:insertToDb:49) |  | In GeoLocationAppTransanctionLogServiceImpl:insertToDb : Starts Executing 
2017-06-13 12:42:21,262 | INFO  | (GeoLocationAppTransanctionLogServiceImpl.java:insertToDb:65) |  | In GeoLocationAppTransanctionLogServiceImpl:insertToDb : Before Insert :transactionLog : TransactionLog [uniqueLogId=9b1c68bd-ca27-4399-8d3e-8aec43c2e670, emailId=samok.sinha@gmail.com, apiKey=, tokenType=, requestType=get, operationName=getApiKey, requestTime=2017-06-13 12:42:21, requestBody=, responseTime=null, responseBody=null, clientIp=127.0.0.1] 
2017-06-13 12:42:21,263 | INFO  | (GeoLocationAppDataAccessService.java:create:34) |  | In GeoLocationAppDataAccessService:create : Before calling Database Operation : startTime : 1497337941263 
2017-06-13 12:42:21,264 | INFO  | (GeoLocationAppDataAccessService.java:create:35) |  | In GeoLocationAppDataAccessService:create : entity : TransactionLog [uniqueLogId=9b1c68bd-ca27-4399-8d3e-8aec43c2e670, emailId=samok.sinha@gmail.com, apiKey=, tokenType=, requestType=get, operationName=getApiKey, requestTime=2017-06-13 12:42:21, requestBody=, responseTime=null, responseBody=null, clientIp=127.0.0.1] 
Hibernate: 
    /* insert com.sam.geolocationapp.entities.TransactionLog
        */ insert 
        into
            transanction_log
            (api_key, client_ip, email_id, operation_name, request_body, request_time, request_type, response_body, response_time, token_type, unique_log_id) 
        values
            (?, ?, ?, ?, ?, ?, ?, ?, ?, ?, ?)
2017-06-13 12:42:21,266 | INFO  | (GeoLocationAppDataAccessService.java:create:41) |  | In GeoLocationAppDataAccessService:create : After calling Database Operation : endTime : 1497337941266 : Total time taken : 3 
2017-06-13 12:42:21,267 | INFO  | (GeoLocationAppDataAccessService.java:create:42) |  | In GeoLocationAppDataAccessService:create : Created Enitty into database : TransactionLog [uniqueLogId=9b1c68bd-ca27-4399-8d3e-8aec43c2e670, emailId=samok.sinha@gmail.com, apiKey=, tokenType=, requestType=get, operationName=getApiKey, requestTime=2017-06-13 12:42:21, requestBody=, responseTime=null, responseBody=null, clientIp=127.0.0.1] 
2017-06-13 12:42:21,268 | INFO  | (GeoLocationAppTransanctionLogServiceImpl.java:insertToDb:72) |  | In GeoLocationAppTransanctionLogServiceImpl:insertToDb : Completes Execution : true 
2017-06-13 12:42:21,268 | INFO  | (GeoLocationAppController.java:getApiKey:54) |  | In GeoLocationAppController:loginWithHeader : Starts Executing 
2017-06-13 12:42:21,269 | INFO  | (GeoLocationAppController.java:getApiKey:68) |  | In GeoLocationAppController:loginWithHeader : httpHeadersMap{accept=application/json, application/json, application/*+json, application/*+json, content-type=application/json, emailid=samok.sinha@gmail.com, user-agent=Java/1.8.0_121, host=localhost:54445, connection=keep-alive} 
2017-06-13 12:42:21,269 | INFO  | (GeoLocationAppTokenUtil.java:createAccessToken:43) |  | In GeoLocationAppTokenUtil:createAccessToken : Starts Executing : with : emailId : samok.sinha@gmail.com 
2017-06-13 12:42:21,286 | INFO  | (GeoLocationAppTokenUtil.java:createAccessToken:64) |  | In GeoLocationAppTokenUtil:createAccessToken : Completes Execution 
2017-06-13 12:42:21,286 | INFO  | (GeoLocationAppController.java:getApiKey:105) |  | In GeoLocationAppController:loginWithHeader : Completes Execution : Toatl Time Taken : 17 
2017-06-13 12:42:21,288 | INFO  | (GeoLocationAppTransanctionLogServiceImpl.java:updateToDb:81) |  | In GeoLocationAppTransanctionLogServiceImpl:updateToDb : Starts Executing 
2017-06-13 12:42:21,289 | INFO  | (GeoLocationAppDataAccessService.java:find:47) |  | In GeoLocationAppDataAccessService:find : Before calling Database Operation : startTime : 1497337941289 
2017-06-13 12:42:21,290 | INFO  | (GeoLocationAppDataAccessService.java:find:48) |  | In GeoLocationAppDataAccessService:find : id : 9b1c68bd-ca27-4399-8d3e-8aec43c2e670 
2017-06-13 12:42:21,290 | INFO  | (GeoLocationAppDataAccessService.java:find:53) |  | In GeoLocationAppDataAccessService:find : After calling Database Operation : endTime : 1497337941290 : Total time taken : 1 
2017-06-13 12:42:21,291 | INFO  | (GeoLocationAppTransanctionLogServiceImpl.java:updateToDb:90) |  | In GeoLocationAppTransanctionLogServiceImpl:insertToDb : Before Update :transactionLog : TransactionLog [uniqueLogId=9b1c68bd-ca27-4399-8d3e-8aec43c2e670, emailId=samok.sinha@gmail.com, apiKey=, tokenType=, requestType=get, operationName=getApiKey, requestTime=2017-06-13 12:42:21, requestBody=, responseTime=2017-06-13 12:42:21, responseBody={"status":"Success","response":{"emailid":"samok.sinha@gmail.com","apikey":"eyJhbGciOiJIUzI1NiJ9.eyJzdWIiOiJzYW1vay5zaW5oYUBnbWFpbC5jb20iLCJUb2tlblR5cGUiOiJBUElfS0VZIiwiZW1haWxpZCI6InNhbW9rLnNpbmhhQGdtYWlsLmNvbSIsImV4cCI6MTQ5NzM0NTE0MSwiaWF0IjoxNDk3MzM3OTQxLCJqdGkiOiIwZjMxNWNmNC0yNWMxLTRjNTYtYWQ1Yy0yNjhlNjY4YTQzZDMifQ.36esdjnYkr-W_MKnOiez6EqrHdY7ro4QZcKwA7B0emQ"}}, clientIp=127.0.0.1] 
2017-06-13 12:42:21,292 | INFO  | (GeoLocationAppDataAccessService.java:updateTransanctionLog:59) |  | In GeoLocationAppDataAccessService:update : Before calling Database Operation : startTime : 1497337941292 
2017-06-13 12:42:21,292 | INFO  | (GeoLocationAppDataAccessService.java:updateTransanctionLog:60) |  | In GeoLocationAppDataAccessService:update : entity : TransactionLog [uniqueLogId=9b1c68bd-ca27-4399-8d3e-8aec43c2e670, emailId=samok.sinha@gmail.com, apiKey=, tokenType=, requestType=get, operationName=getApiKey, requestTime=2017-06-13 12:42:21, requestBody=, responseTime=2017-06-13 12:42:21, responseBody={"status":"Success","response":{"emailid":"samok.sinha@gmail.com","apikey":"eyJhbGciOiJIUzI1NiJ9.eyJzdWIiOiJzYW1vay5zaW5oYUBnbWFpbC5jb20iLCJUb2tlblR5cGUiOiJBUElfS0VZIiwiZW1haWxpZCI6InNhbW9rLnNpbmhhQGdtYWlsLmNvbSIsImV4cCI6MTQ5NzM0NTE0MSwiaWF0IjoxNDk3MzM3OTQxLCJqdGkiOiIwZjMxNWNmNC0yNWMxLTRjNTYtYWQ1Yy0yNjhlNjY4YTQzZDMifQ.36esdjnYkr-W_MKnOiez6EqrHdY7ro4QZcKwA7B0emQ"}}, clientIp=127.0.0.1] 
2017-06-13 12:42:21,293 | INFO  | (GeoLocationAppDataAccessService.java:updateTransanctionLog:65) |  | In GeoLocationAppDataAccessService:find : After calling Database Operation : endTime : 1497337941293 : Total time taken : 1 
Hibernate: 
    /* update
        com.sam.geolocationapp.entities.TransactionLog */ update
            transanction_log 
        set
            api_key=?,
            client_ip=?,
            email_id=?,
            operation_name=?,
            request_body=?,
            request_time=?,
            request_type=?,
            response_body=?,
            response_time=?,
            token_type=? 
        where
            unique_log_id=?
2017-06-13 12:42:21,295 | INFO  | (GeoLocationAppTransanctionLogServiceImpl.java:updateToDb:92) |  | In GeoLocationAppTransanctionLogServiceImpl:insertToDb : After Update :transactionLog : TransactionLog [uniqueLogId=9b1c68bd-ca27-4399-8d3e-8aec43c2e670, emailId=samok.sinha@gmail.com, apiKey=, tokenType=, requestType=get, operationName=getApiKey, requestTime=2017-06-13 12:42:21, requestBody=, responseTime=2017-06-13 12:42:21, responseBody={"status":"Success","response":{"emailid":"samok.sinha@gmail.com","apikey":"eyJhbGciOiJIUzI1NiJ9.eyJzdWIiOiJzYW1vay5zaW5oYUBnbWFpbC5jb20iLCJUb2tlblR5cGUiOiJBUElfS0VZIiwiZW1haWxpZCI6InNhbW9rLnNpbmhhQGdtYWlsLmNvbSIsImV4cCI6MTQ5NzM0NTE0MSwiaWF0IjoxNDk3MzM3OTQxLCJqdGkiOiIwZjMxNWNmNC0yNWMxLTRjNTYtYWQ1Yy0yNjhlNjY4YTQzZDMifQ.36esdjnYkr-W_MKnOiez6EqrHdY7ro4QZcKwA7B0emQ"}}, clientIp=127.0.0.1] 
2017-06-13 12:42:21,296 | INFO  | (GeoLocationAppTransanctionLogServiceImpl.java:updateToDb:99) |  | In GeoLocationAppTransanctionLogServiceImpl:updateToDb : Completes Execution : updateToDbFlag : true 
2017-06-13 12:42:21,300 | INFO  | (GeoLocationGetApiKeyTest.java:getApiKey:60) |  | In GeoLocationControllerTest:getApiKey : geoLocationAppResponseString : {"status":"Success","response":{"emailid":"samok.sinha@gmail.com","apikey":"eyJhbGciOiJIUzI1NiJ9.eyJzdWIiOiJzYW1vay5zaW5oYUBnbWFpbC5jb20iLCJUb2tlblR5cGUiOiJBUElfS0VZIiwiZW1haWxpZCI6InNhbW9rLnNpbmhhQGdtYWlsLmNvbSIsImV4cCI6MTQ5NzM0NTE0MSwiaWF0IjoxNDk3MzM3OTQxLCJqdGkiOiIwZjMxNWNmNC0yNWMxLTRjNTYtYWQ1Yy0yNjhlNjY4YTQzZDMifQ.36esdjnYkr-W_MKnOiez6EqrHdY7ro4QZcKwA7B0emQ"}} 
2017-06-13 12:42:21,304 | INFO  | (GeoLocationGetApiKeyTest.java:getApiKey:61) |  | In GeoLocationControllerTest:getApiKey : Status : 200 
]]></system-out>
  <system-err><![CDATA[]]></system-err>
</testsuite>
